Command line invocation:
    /Applications/Xcode-beta.app/Contents/Developer/usr/bin/xcodebuild -scheme SocialFusion -project /Users/frankemanuele/Documents/GitHub/SocialFusion/SocialFusion.xcodeproj -configuration Debug -destination "generic/platform=iOS Simulator" build

ComputePackagePrebuildTargetDependencyGraph

Prepare packages

CreateBuildRequest

SendProjectDescription

CreateBuildOperation

ComputeTargetDependencyGraph
note: Building targets in dependency order
note: Target dependency graph (1 target)
    Target 'SocialFusion' in project 'SocialFusion' (no dependencies)

GatherProvisioningInputs

CreateBuildDescription

ClangStatCache /Applications/Xcode-beta.app/Contents/Developer/Toolchains/XcodeDefault.xctoolchain/usr/bin/clang-stat-cache /Applications/Xcode-beta.app/Contents/Developer/Platforms/iPhoneSimulator.platform/Developer/SDKs/iPhoneSimulator26.0.sdk /Users/frankemanuele/Library/Developer/Xcode/DerivedData/SDKStatCaches.noindex/iphonesimulator26.0-23A5260k-fc862078e33f881139a9d2f83bd1a9d0.sdkstatcache
    cd /Users/frankemanuele/Documents/GitHub/SocialFusion/SocialFusion.xcodeproj
    /Applications/Xcode-beta.app/Contents/Developer/Toolchains/XcodeDefault.xctoolchain/usr/bin/clang-stat-cache /Applications/Xcode-beta.app/Contents/Developer/Platforms/iPhoneSimulator.platform/Developer/SDKs/iPhoneSimulator26.0.sdk -o /Users/frankemanuele/Library/Developer/Xcode/DerivedData/SDKStatCaches.noindex/iphonesimulator26.0-23A5260k-fc862078e33f881139a9d2f83bd1a9d0.sdkstatcache

warning: Traditional headermap style is no longer supported; please migrate to using separate headermaps and set 'ALWAYS_SEARCH_USER_PATHS' to NO. (in target 'SocialFusion' from project 'SocialFusion')
SwiftDriver SocialFusion normal x86_64 com.apple.xcode.tools.swift.compiler (in target 'SocialFusion' from project 'SocialFusion')
    cd /Users/frankemanuele/Documents/GitHub/SocialFusion
    builtin-SwiftDriver -- /Applications/Xcode-beta.app/Contents/Developer/Toolchains/XcodeDefault.xctoolchain/usr/bin/swiftc -module-name SocialFusion -O -enforce-exclusivity\=checked @/Users/frankemanuele/Library/Developer/Xcode/DerivedData/SocialFusion-dmcylkdxdnugaugctnmrhexeekqr/Build/Intermediates.noindex/SocialFusion.build/Debug-iphonesimulator/SocialFusion.build/Objects-normal/x86_64/SocialFusion.SwiftFileList -enable-bare-slash-regex -enable-experimental-feature DebugDescriptionMacro -sdk /Applications/Xcode-beta.app/Contents/Developer/Platforms/iPhoneSimulator.platform/Developer/SDKs/iPhoneSimulator26.0.sdk -target x86_64-apple-ios16.0-simulator -g -module-cache-path /Users/frankemanuele/Library/Developer/Xcode/DerivedData/ModuleCache.noindex -Xfrontend -serialize-debugging-options -swift-version 5 -I /Users/frankemanuele/Library/Developer/Xcode/DerivedData/SocialFusion-dmcylkdxdnugaugctnmrhexeekqr/Build/Products/Debug-iphonesimulator -F /Users/frankemanuele/Library/Developer/Xcode/DerivedData/SocialFusion-dmcylkdxdnugaugctnmrhexeekqr/Build/Products/Debug-iphonesimulator -c -j10 -enable-batch-mode -incremental -Xcc -ivfsstatcache -Xcc /Users/frankemanuele/Library/Developer/Xcode/DerivedData/SDKStatCaches.noindex/iphonesimulator26.0-23A5260k-fc862078e33f881139a9d2f83bd1a9d0.sdkstatcache -output-file-map /Users/frankemanuele/Library/Developer/Xcode/DerivedData/SocialFusion-dmcylkdxdnugaugctnmrhexeekqr/Build/Intermediates.noindex/SocialFusion.build/Debug-iphonesimulator/SocialFusion.build/Objects-normal/x86_64/SocialFusion-OutputFileMap.json -use-frontend-parseable-output -save-temps -no-color-diagnostics -explicit-module-build -module-cache-path /Users/frankemanuele/Library/Developer/Xcode/DerivedData/SocialFusion-dmcylkdxdnugaugctnmrhexeekqr/Build/Intermediates.noindex/SwiftExplicitPrecompiledModules -clang-scanner-module-cache-path /Users/frankemanuele/Library/Developer/Xcode/DerivedData/ModuleCache.noindex -sdk-module-cache-path /Users/frankemanuele/Library/Developer/Xcode/DerivedData/ModuleCache.noindex -serialize-diagnostics -emit-dependencies -emit-module -emit-module-path /Users/frankemanuele/Library/Developer/Xcode/DerivedData/SocialFusion-dmcylkdxdnugaugctnmrhexeekqr/Build/Intermediates.noindex/SocialFusion.build/Debug-iphonesimulator/SocialFusion.build/Objects-normal/x86_64/SocialFusion.swiftmodule -validate-clang-modules-once -clang-build-session-file /Users/frankemanuele/Library/Developer/Xcode/DerivedData/ModuleCache.noindex/Session.modulevalidation -Xcc -I/Users/frankemanuele/Library/Developer/Xcode/DerivedData/SocialFusion-dmcylkdxdnugaugctnmrhexeekqr/Build/Intermediates.noindex/SocialFusion.build/Debug-iphonesimulator/SocialFusion.build/swift-overrides.hmap -emit-const-values -Xfrontend -const-gather-protocols-file -Xfrontend /Users/frankemanuele/Library/Developer/Xcode/DerivedData/SocialFusion-dmcylkdxdnugaugctnmrhexeekqr/Build/Intermediates.noindex/SocialFusion.build/Debug-iphonesimulator/SocialFusion.build/Objects-normal/x86_64/SocialFusion_const_extract_protocols.json -Xcc -iquote -Xcc /Users/frankemanuele/Library/Developer/Xcode/DerivedData/SocialFusion-dmcylkdxdnugaugctnmrhexeekqr/Build/Intermediates.noindex/SocialFusion.build/Debug-iphonesimulator/SocialFusion.build/SocialFusion-generated-files.hmap -Xcc -I/Users/frankemanuele/Library/Developer/Xcode/DerivedData/SocialFusion-dmcylkdxdnugaugctnmrhexeekqr/Build/Intermediates.noindex/SocialFusion.build/Debug-iphonesimulator/SocialFusion.build/SocialFusion-own-target-headers.hmap -Xcc -I/Users/frankemanuele/Library/Developer/Xcode/DerivedData/SocialFusion-dmcylkdxdnugaugctnmrhexeekqr/Build/Intermediates.noindex/SocialFusion.build/Debug-iphonesimulator/SocialFusion.build/SocialFusion-all-target-headers.hmap -Xcc -iquote -Xcc /Users/frankemanuele/Library/Developer/Xcode/DerivedData/SocialFusion-dmcylkdxdnugaugctnmrhexeekqr/Build/Intermediates.noindex/SocialFusion.build/Debug-iphonesimulator/SocialFusion.build/SocialFusion-project-headers.hmap -Xcc -I/Users/frankemanuele/Library/Developer/Xcode/DerivedData/SocialFusion-dmcylkdxdnugaugctnmrhexeekqr/Build/Products/Debug-iphonesimulator/include -Xcc -I/Users/frankemanuele/Library/Developer/Xcode/DerivedData/SocialFusion-dmcylkdxdnugaugctnmrhexeekqr/Build/Intermediates.noindex/SocialFusion.build/Debug-iphonesimulator/SocialFusion.build/DerivedSources-normal/x86_64 -Xcc -I/Users/frankemanuele/Library/Developer/Xcode/DerivedData/SocialFusion-dmcylkdxdnugaugctnmrhexeekqr/Build/Intermediates.noindex/SocialFusion.build/Debug-iphonesimulator/SocialFusion.build/DerivedSources/x86_64 -Xcc -I/Users/frankemanuele/Library/Developer/Xcode/DerivedData/SocialFusion-dmcylkdxdnugaugctnmrhexeekqr/Build/Intermediates.noindex/SocialFusion.build/Debug-iphonesimulator/SocialFusion.build/DerivedSources -emit-objc-header -emit-objc-header-path /Users/frankemanuele/Library/Developer/Xcode/DerivedData/SocialFusion-dmcylkdxdnugaugctnmrhexeekqr/Build/Intermediates.noindex/SocialFusion.build/Debug-iphonesimulator/SocialFusion.build/Objects-normal/x86_64/SocialFusion-Swift.h -working-directory /Users/frankemanuele/Documents/GitHub/SocialFusion -experimental-emit-module-separately -disable-cmo

SwiftDriver SocialFusion normal arm64 com.apple.xcode.tools.swift.compiler (in target 'SocialFusion' from project 'SocialFusion')
    cd /Users/frankemanuele/Documents/GitHub/SocialFusion
    builtin-SwiftDriver -- /Applications/Xcode-beta.app/Contents/Developer/Toolchains/XcodeDefault.xctoolchain/usr/bin/swiftc -module-name SocialFusion -O -enforce-exclusivity\=checked @/Users/frankemanuele/Library/Developer/Xcode/DerivedData/SocialFusion-dmcylkdxdnugaugctnmrhexeekqr/Build/Intermediates.noindex/SocialFusion.build/Debug-iphonesimulator/SocialFusion.build/Objects-normal/arm64/SocialFusion.SwiftFileList -enable-bare-slash-regex -enable-experimental-feature DebugDescriptionMacro -sdk /Applications/Xcode-beta.app/Contents/Developer/Platforms/iPhoneSimulator.platform/Developer/SDKs/iPhoneSimulator26.0.sdk -target arm64-apple-ios16.0-simulator -g -module-cache-path /Users/frankemanuele/Library/Developer/Xcode/DerivedData/ModuleCache.noindex -Xfrontend -serialize-debugging-options -swift-version 5 -I /Users/frankemanuele/Library/Developer/Xcode/DerivedData/SocialFusion-dmcylkdxdnugaugctnmrhexeekqr/Build/Products/Debug-iphonesimulator -F /Users/frankemanuele/Library/Developer/Xcode/DerivedData/SocialFusion-dmcylkdxdnugaugctnmrhexeekqr/Build/Products/Debug-iphonesimulator -c -j10 -enable-batch-mode -incremental -Xcc -ivfsstatcache -Xcc /Users/frankemanuele/Library/Developer/Xcode/DerivedData/SDKStatCaches.noindex/iphonesimulator26.0-23A5260k-fc862078e33f881139a9d2f83bd1a9d0.sdkstatcache -output-file-map /Users/frankemanuele/Library/Developer/Xcode/DerivedData/SocialFusion-dmcylkdxdnugaugctnmrhexeekqr/Build/Intermediates.noindex/SocialFusion.build/Debug-iphonesimulator/SocialFusion.build/Objects-normal/arm64/SocialFusion-OutputFileMap.json -use-frontend-parseable-output -save-temps -no-color-diagnostics -explicit-module-build -module-cache-path /Users/frankemanuele/Library/Developer/Xcode/DerivedData/SocialFusion-dmcylkdxdnugaugctnmrhexeekqr/Build/Intermediates.noindex/SwiftExplicitPrecompiledModules -clang-scanner-module-cache-path /Users/frankemanuele/Library/Developer/Xcode/DerivedData/ModuleCache.noindex -sdk-module-cache-path /Users/frankemanuele/Library/Developer/Xcode/DerivedData/ModuleCache.noindex -serialize-diagnostics -emit-dependencies -emit-module -emit-module-path /Users/frankemanuele/Library/Developer/Xcode/DerivedData/SocialFusion-dmcylkdxdnugaugctnmrhexeekqr/Build/Intermediates.noindex/SocialFusion.build/Debug-iphonesimulator/SocialFusion.build/Objects-normal/arm64/SocialFusion.swiftmodule -validate-clang-modules-once -clang-build-session-file /Users/frankemanuele/Library/Developer/Xcode/DerivedData/ModuleCache.noindex/Session.modulevalidation -Xcc -I/Users/frankemanuele/Library/Developer/Xcode/DerivedData/SocialFusion-dmcylkdxdnugaugctnmrhexeekqr/Build/Intermediates.noindex/SocialFusion.build/Debug-iphonesimulator/SocialFusion.build/swift-overrides.hmap -emit-const-values -Xfrontend -const-gather-protocols-file -Xfrontend /Users/frankemanuele/Library/Developer/Xcode/DerivedData/SocialFusion-dmcylkdxdnugaugctnmrhexeekqr/Build/Intermediates.noindex/SocialFusion.build/Debug-iphonesimulator/SocialFusion.build/Objects-normal/arm64/SocialFusion_const_extract_protocols.json -Xcc -iquote -Xcc /Users/frankemanuele/Library/Developer/Xcode/DerivedData/SocialFusion-dmcylkdxdnugaugctnmrhexeekqr/Build/Intermediates.noindex/SocialFusion.build/Debug-iphonesimulator/SocialFusion.build/SocialFusion-generated-files.hmap -Xcc -I/Users/frankemanuele/Library/Developer/Xcode/DerivedData/SocialFusion-dmcylkdxdnugaugctnmrhexeekqr/Build/Intermediates.noindex/SocialFusion.build/Debug-iphonesimulator/SocialFusion.build/SocialFusion-own-target-headers.hmap -Xcc -I/Users/frankemanuele/Library/Developer/Xcode/DerivedData/SocialFusion-dmcylkdxdnugaugctnmrhexeekqr/Build/Intermediates.noindex/SocialFusion.build/Debug-iphonesimulator/SocialFusion.build/SocialFusion-all-target-headers.hmap -Xcc -iquote -Xcc /Users/frankemanuele/Library/Developer/Xcode/DerivedData/SocialFusion-dmcylkdxdnugaugctnmrhexeekqr/Build/Intermediates.noindex/SocialFusion.build/Debug-iphonesimulator/SocialFusion.build/SocialFusion-project-headers.hmap -Xcc -I/Users/frankemanuele/Library/Developer/Xcode/DerivedData/SocialFusion-dmcylkdxdnugaugctnmrhexeekqr/Build/Products/Debug-iphonesimulator/include -Xcc -I/Users/frankemanuele/Library/Developer/Xcode/DerivedData/SocialFusion-dmcylkdxdnugaugctnmrhexeekqr/Build/Intermediates.noindex/SocialFusion.build/Debug-iphonesimulator/SocialFusion.build/DerivedSources-normal/arm64 -Xcc -I/Users/frankemanuele/Library/Developer/Xcode/DerivedData/SocialFusion-dmcylkdxdnugaugctnmrhexeekqr/Build/Intermediates.noindex/SocialFusion.build/Debug-iphonesimulator/SocialFusion.build/DerivedSources/arm64 -Xcc -I/Users/frankemanuele/Library/Developer/Xcode/DerivedData/SocialFusion-dmcylkdxdnugaugctnmrhexeekqr/Build/Intermediates.noindex/SocialFusion.build/Debug-iphonesimulator/SocialFusion.build/DerivedSources -emit-objc-header -emit-objc-header-path /Users/frankemanuele/Library/Developer/Xcode/DerivedData/SocialFusion-dmcylkdxdnugaugctnmrhexeekqr/Build/Intermediates.noindex/SocialFusion.build/Debug-iphonesimulator/SocialFusion.build/Objects-normal/arm64/SocialFusion-Swift.h -working-directory /Users/frankemanuele/Documents/GitHub/SocialFusion -experimental-emit-module-separately -disable-cmo

SwiftCompile normal x86_64 Compiling\ AccountManager.swift,\ AccountPickerView.swift,\ AccountService.swift,\ AccountTimelineView.swift,\ AccountsView.swift,\ ActionBar.swift,\ AddAccountView.swift,\ AnimatedGIFView.swift,\ AppVersionManager.swift,\ AsyncImageFromProvider.swift,\ AsyncLoader.swift,\ AudioPlayerView.swift,\ AuthWebView.swift,\ AutomaticTokenRefreshService.swift /Users/frankemanuele/Documents/GitHub/SocialFusion/SocialFusion/Services/AccountManager.swift /Users/frankemanuele/Documents/GitHub/SocialFusion/SocialFusion/Views/AccountPickerView.swift /Users/frankemanuele/Documents/GitHub/SocialFusion/SocialFusion/Services/AccountService.swift /Users/frankemanuele/Documents/GitHub/SocialFusion/SocialFusion/Views/AccountTimelineView.swift /Users/frankemanuele/Documents/GitHub/SocialFusion/SocialFusion/Views/AccountsView.swift /Users/frankemanuele/Documents/GitHub/SocialFusion/SocialFusion/Views/Components/ActionBar.swift /Users/frankemanuele/Documents/GitHub/SocialFusion/SocialFusion/Views/AddAccountView.swift /Users/frankemanuele/Documents/GitHub/SocialFusion/SocialFusion/Views/Components/AnimatedGIFView.swift /Users/frankemanuele/Documents/GitHub/SocialFusion/SocialFusion/Utilities/AppVersionManager.swift /Users/frankemanuele/Documents/GitHub/SocialFusion/SocialFusion/Views/AsyncImageFromProvider.swift /Users/frankemanuele/Documents/GitHub/SocialFusion/SocialFusion/Components/AsyncLoader.swift /Users/frankemanuele/Documents/GitHub/SocialFusion/SocialFusion/Views/Components/AudioPlayerView.swift /Users/frankemanuele/Documents/GitHub/SocialFusion/SocialFusion/Views/AuthWebView.swift /Users/frankemanuele/Documents/GitHub/SocialFusion/SocialFusion/Services/AutomaticTokenRefreshService.swift (in target 'SocialFusion' from project 'SocialFusion')

SwiftCompile normal x86_64 /Users/frankemanuele/Documents/GitHub/SocialFusion/SocialFusion/Services/AccountManager.swift (in target 'SocialFusion' from project 'SocialFusion')
    cd /Users/frankemanuele/Documents/GitHub/SocialFusion
    

SwiftCompile normal x86_64 /Users/frankemanuele/Documents/GitHub/SocialFusion/SocialFusion/Views/AccountPickerView.swift (in target 'SocialFusion' from project 'SocialFusion')
    cd /Users/frankemanuele/Documents/GitHub/SocialFusion
    

SwiftCompile normal x86_64 /Users/frankemanuele/Documents/GitHub/SocialFusion/SocialFusion/Services/AccountService.swift (in target 'SocialFusion' from project 'SocialFusion')
    cd /Users/frankemanuele/Documents/GitHub/SocialFusion
    

SwiftCompile normal x86_64 /Users/frankemanuele/Documents/GitHub/SocialFusion/SocialFusion/Views/AccountTimelineView.swift (in target 'SocialFusion' from project 'SocialFusion')
    cd /Users/frankemanuele/Documents/GitHub/SocialFusion
    

SwiftCompile normal x86_64 /Users/frankemanuele/Documents/GitHub/SocialFusion/SocialFusion/Views/AccountsView.swift (in target 'SocialFusion' from project 'SocialFusion')
    cd /Users/frankemanuele/Documents/GitHub/SocialFusion
    

SwiftCompile normal x86_64 /Users/frankemanuele/Documents/GitHub/SocialFusion/SocialFusion/Views/Components/ActionBar.swift (in target 'SocialFusion' from project 'SocialFusion')
    cd /Users/frankemanuele/Documents/GitHub/SocialFusion
    

SwiftCompile normal x86_64 /Users/frankemanuele/Documents/GitHub/SocialFusion/SocialFusion/Views/AddAccountView.swift (in target 'SocialFusion' from project 'SocialFusion')
    cd /Users/frankemanuele/Documents/GitHub/SocialFusion
    

SwiftCompile normal x86_64 /Users/frankemanuele/Documents/GitHub/SocialFusion/SocialFusion/Views/Components/AnimatedGIFView.swift (in target 'SocialFusion' from project 'SocialFusion')
    cd /Users/frankemanuele/Documents/GitHub/SocialFusion
    

SwiftCompile normal x86_64 /Users/frankemanuele/Documents/GitHub/SocialFusion/SocialFusion/Utilities/AppVersionManager.swift (in target 'SocialFusion' from project 'SocialFusion')
    cd /Users/frankemanuele/Documents/GitHub/SocialFusion
    

SwiftCompile normal x86_64 /Users/frankemanuele/Documents/GitHub/SocialFusion/SocialFusion/Views/AsyncImageFromProvider.swift (in target 'SocialFusion' from project 'SocialFusion')
    cd /Users/frankemanuele/Documents/GitHub/SocialFusion
    

SwiftCompile normal x86_64 /Users/frankemanuele/Documents/GitHub/SocialFusion/SocialFusion/Components/AsyncLoader.swift (in target 'SocialFusion' from project 'SocialFusion')
    cd /Users/frankemanuele/Documents/GitHub/SocialFusion
    

SwiftCompile normal x86_64 /Users/frankemanuele/Documents/GitHub/SocialFusion/SocialFusion/Views/Components/AudioPlayerView.swift (in target 'SocialFusion' from project 'SocialFusion')
    cd /Users/frankemanuele/Documents/GitHub/SocialFusion
    

SwiftCompile normal x86_64 /Users/frankemanuele/Documents/GitHub/SocialFusion/SocialFusion/Views/AuthWebView.swift (in target 'SocialFusion' from project 'SocialFusion')
    cd /Users/frankemanuele/Documents/GitHub/SocialFusion
    

SwiftCompile normal x86_64 /Users/frankemanuele/Documents/GitHub/SocialFusion/SocialFusion/Services/AutomaticTokenRefreshService.swift (in target 'SocialFusion' from project 'SocialFusion')
    cd /Users/frankemanuele/Documents/GitHub/SocialFusion
    

SwiftCompile normal x86_64 Compiling\ KeychainService.swift,\ LaunchAnimationView.swift,\ LinkDetection.swift,\ LinkPreview.swift,\ LinkPreviewCache.swift,\ LinkPreviewSelector.swift,\ LiquidGlassComponents.swift,\ LiquidGlassConfiguration.swift,\ LoadingState.swift,\ MastodonAPIClient.swift,\ MastodonModels.swift,\ MastodonPost.swift,\ MastodonService.swift,\ MediaAttachment.swift /Users/frankemanuele/Documents/GitHub/SocialFusion/SocialFusion/Services/KeychainService.swift /Users/frankemanuele/Documents/GitHub/SocialFusion/SocialFusion/Views/Components/LaunchAnimationView.swift /Users/frankemanuele/Documents/GitHub/SocialFusion/SocialFusion/Utilities/LinkDetection.swift /Users/frankemanuele/Documents/GitHub/SocialFusion/SocialFusion/Views/Components/LinkPreview.swift /Users/frankemanuele/Documents/GitHub/SocialFusion/SocialFusion/Models/LinkPreviewCache.swift /Users/frankemanuele/Documents/GitHub/SocialFusion/SocialFusion/Views/Components/LinkPreviewSelector.swift /Users/frankemanuele/Documents/GitHub/SocialFusion/SocialFusion/Views/Components/LiquidGlassComponents.swift /Users/frankemanuele/Documents/GitHub/SocialFusion/SocialFusion/Views/Components/LiquidGlassConfiguration.swift /Users/frankemanuele/Documents/GitHub/SocialFusion/SocialFusion/Components/LoadingState.swift /Users/frankemanuele/Documents/GitHub/SocialFusion/SocialFusion/Services/MastodonAPIClient.swift /Users/frankemanuele/Documents/GitHub/SocialFusion/SocialFusion/Models/MastodonModels.swift /Users/frankemanuele/Documents/GitHub/SocialFusion/SocialFusion/Models/MastodonPost.swift /Users/frankemanuele/Documents/GitHub/SocialFusion/SocialFusion/Services/MastodonService.swift /Users/frankemanuele/Documents/GitHub/SocialFusion/SocialFusion/Models/MediaAttachment.swift (in target 'SocialFusion' from project 'SocialFusion')
SwiftCompile normal x86_64 /Users/frankemanuele/Documents/GitHub/SocialFusion/SocialFusion/Services/KeychainService.swift (in target 'SocialFusion' from project 'SocialFusion')
    cd /Users/frankemanuele/Documents/GitHub/SocialFusion
    

SwiftCompile normal x86_64 /Users/frankemanuele/Documents/GitHub/SocialFusion/SocialFusion/Views/Components/LaunchAnimationView.swift (in target 'SocialFusion' from project 'SocialFusion')
    cd /Users/frankemanuele/Documents/GitHub/SocialFusion
    

SwiftCompile normal x86_64 /Users/frankemanuele/Documents/GitHub/SocialFusion/SocialFusion/Utilities/LinkDetection.swift (in target 'SocialFusion' from project 'SocialFusion')
    cd /Users/frankemanuele/Documents/GitHub/SocialFusion
    

SwiftCompile normal x86_64 /Users/frankemanuele/Documents/GitHub/SocialFusion/SocialFusion/Views/Components/LinkPreview.swift (in target 'SocialFusion' from project 'SocialFusion')
    cd /Users/frankemanuele/Documents/GitHub/SocialFusion
    

SwiftCompile normal x86_64 /Users/frankemanuele/Documents/GitHub/SocialFusion/SocialFusion/Models/LinkPreviewCache.swift (in target 'SocialFusion' from project 'SocialFusion')
    cd /Users/frankemanuele/Documents/GitHub/SocialFusion
    

SwiftCompile normal x86_64 /Users/frankemanuele/Documents/GitHub/SocialFusion/SocialFusion/Views/Components/LinkPreviewSelector.swift (in target 'SocialFusion' from project 'SocialFusion')
    cd /Users/frankemanuele/Documents/GitHub/SocialFusion
    

SwiftCompile normal x86_64 /Users/frankemanuele/Documents/GitHub/SocialFusion/SocialFusion/Views/Components/LiquidGlassComponents.swift (in target 'SocialFusion' from project 'SocialFusion')
    cd /Users/frankemanuele/Documents/GitHub/SocialFusion
    

SwiftCompile normal x86_64 /Users/frankemanuele/Documents/GitHub/SocialFusion/SocialFusion/Views/Components/LiquidGlassConfiguration.swift (in target 'SocialFusion' from project 'SocialFusion')
    cd /Users/frankemanuele/Documents/GitHub/SocialFusion
    

SwiftCompile normal x86_64 /Users/frankemanuele/Documents/GitHub/SocialFusion/SocialFusion/Components/LoadingState.swift (in target 'SocialFusion' from project 'SocialFusion')
    cd /Users/frankemanuele/Documents/GitHub/SocialFusion
    

SwiftCompile normal x86_64 /Users/frankemanuele/Documents/GitHub/SocialFusion/SocialFusion/Services/MastodonAPIClient.swift (in target 'SocialFusion' from project 'SocialFusion')
    cd /Users/frankemanuele/Documents/GitHub/SocialFusion
    

SwiftCompile normal x86_64 /Users/frankemanuele/Documents/GitHub/SocialFusion/SocialFusion/Models/MastodonModels.swift (in target 'SocialFusion' from project 'SocialFusion')
    cd /Users/frankemanuele/Documents/GitHub/SocialFusion
    

SwiftCompile normal x86_64 /Users/frankemanuele/Documents/GitHub/SocialFusion/SocialFusion/Models/MastodonPost.swift (in target 'SocialFusion' from project 'SocialFusion')
    cd /Users/frankemanuele/Documents/GitHub/SocialFusion
    

SwiftCompile normal x86_64 /Users/frankemanuele/Documents/GitHub/SocialFusion/SocialFusion/Services/MastodonService.swift (in target 'SocialFusion' from project 'SocialFusion')
    cd /Users/frankemanuele/Documents/GitHub/SocialFusion
    

SwiftCompile normal x86_64 /Users/frankemanuele/Documents/GitHub/SocialFusion/SocialFusion/Models/MediaAttachment.swift (in target 'SocialFusion' from project 'SocialFusion')
    cd /Users/frankemanuele/Documents/GitHub/SocialFusion
    

SwiftCompile normal x86_64 Compiling\ PostMenu.swift,\ PostMetrics.swift,\ PostNavigationEnvironment.swift,\ PostNormalizer.swift,\ PostNormalizerImpl.swift,\ PostPlatformBadge.swift,\ PostPollView.swift,\ PostReplyButton.swift,\ PostRepostButton.swift,\ PostShareButton.swift,\ PostStore.swift,\ PostTimestamp.swift,\ PostViewModel.swift,\ PreviewLinkSelection.swift /Users/frankemanuele/Documents/GitHub/SocialFusion/SocialFusion/Views/Components/PostMenu.swift /Users/frankemanuele/Documents/GitHub/SocialFusion/SocialFusion/Views/Components/PostMetrics.swift /Users/frankemanuele/Documents/GitHub/SocialFusion/SocialFusion/Views/Components/PostNavigationEnvironment.swift /Users/frankemanuele/Documents/GitHub/SocialFusion/SocialFusion/Models/PostNormalizer.swift /Users/frankemanuele/Documents/GitHub/SocialFusion/SocialFusion/Services/PostNormalizerImpl.swift /Users/frankemanuele/Documents/GitHub/SocialFusion/SocialFusion/Views/Components/PostPlatformBadge.swift /Users/frankemanuele/Documents/GitHub/SocialFusion/SocialFusion/Views/Components/PostPollView.swift /Users/frankemanuele/Documents/GitHub/SocialFusion/SocialFusion/Views/Components/PostReplyButton.swift /Users/frankemanuele/Documents/GitHub/SocialFusion/SocialFusion/Views/Components/PostRepostButton.swift /Users/frankemanuele/Documents/GitHub/SocialFusion/SocialFusion/Views/Components/PostShareButton.swift /Users/frankemanuele/Documents/GitHub/SocialFusion/SocialFusion/Utilities/PostStore.swift /Users/frankemanuele/Documents/GitHub/SocialFusion/SocialFusion/Views/Components/PostTimestamp.swift /Users/frankemanuele/Documents/GitHub/SocialFusion/SocialFusion/ViewModels/PostViewModel.swift /Users/frankemanuele/Documents/GitHub/SocialFusion/SocialFusion/Models/PreviewLinkSelection.swift (in target 'SocialFusion' from project 'SocialFusion')
SwiftCompile normal x86_64 /Users/frankemanuele/Documents/GitHub/SocialFusion/SocialFusion/Views/Components/PostMenu.swift (in target 'SocialFusion' from project 'SocialFusion')
    cd /Users/frankemanuele/Documents/GitHub/SocialFusion
    

SwiftCompile normal x86_64 /Users/frankemanuele/Documents/GitHub/SocialFusion/SocialFusion/Views/Components/PostMetrics.swift (in target 'SocialFusion' from project 'SocialFusion')
    cd /Users/frankemanuele/Documents/GitHub/SocialFusion
    

SwiftCompile normal x86_64 /Users/frankemanuele/Documents/GitHub/SocialFusion/SocialFusion/Views/Components/PostNavigationEnvironment.swift (in target 'SocialFusion' from project 'SocialFusion')
    cd /Users/frankemanuele/Documents/GitHub/SocialFusion
    

SwiftCompile normal x86_64 /Users/frankemanuele/Documents/GitHub/SocialFusion/SocialFusion/Models/PostNormalizer.swift (in target 'SocialFusion' from project 'SocialFusion')
    cd /Users/frankemanuele/Documents/GitHub/SocialFusion
    

SwiftCompile normal x86_64 /Users/frankemanuele/Documents/GitHub/SocialFusion/SocialFusion/Services/PostNormalizerImpl.swift (in target 'SocialFusion' from project 'SocialFusion')
    cd /Users/frankemanuele/Documents/GitHub/SocialFusion
    

SwiftCompile normal x86_64 /Users/frankemanuele/Documents/GitHub/SocialFusion/SocialFusion/Views/Components/PostPlatformBadge.swift (in target 'SocialFusion' from project 'SocialFusion')
    cd /Users/frankemanuele/Documents/GitHub/SocialFusion
    

SwiftCompile normal x86_64 /Users/frankemanuele/Documents/GitHub/SocialFusion/SocialFusion/Views/Components/PostPollView.swift (in target 'SocialFusion' from project 'SocialFusion')
    cd /Users/frankemanuele/Documents/GitHub/SocialFusion
    

SwiftCompile normal x86_64 /Users/frankemanuele/Documents/GitHub/SocialFusion/SocialFusion/Views/Components/PostReplyButton.swift (in target 'SocialFusion' from project 'SocialFusion')
    cd /Users/frankemanuele/Documents/GitHub/SocialFusion
    

SwiftCompile normal x86_64 /Users/frankemanuele/Documents/GitHub/SocialFusion/SocialFusion/Views/Components/PostRepostButton.swift (in target 'SocialFusion' from project 'SocialFusion')
    cd /Users/frankemanuele/Documents/GitHub/SocialFusion
    

SwiftCompile normal x86_64 /Users/frankemanuele/Documents/GitHub/SocialFusion/SocialFusion/Views/Components/PostShareButton.swift (in target 'SocialFusion' from project 'SocialFusion')
    cd /Users/frankemanuele/Documents/GitHub/SocialFusion
    

SwiftCompile normal x86_64 /Users/frankemanuele/Documents/GitHub/SocialFusion/SocialFusion/Utilities/PostStore.swift (in target 'SocialFusion' from project 'SocialFusion')
    cd /Users/frankemanuele/Documents/GitHub/SocialFusion
    

SwiftCompile normal x86_64 /Users/frankemanuele/Documents/GitHub/SocialFusion/SocialFusion/Views/Components/PostTimestamp.swift (in target 'SocialFusion' from project 'SocialFusion')
    cd /Users/frankemanuele/Documents/GitHub/SocialFusion
    

SwiftCompile normal x86_64 /Users/frankemanuele/Documents/GitHub/SocialFusion/SocialFusion/ViewModels/PostViewModel.swift (in target 'SocialFusion' from project 'SocialFusion')
    cd /Users/frankemanuele/Documents/GitHub/SocialFusion
    

SwiftCompile normal x86_64 /Users/frankemanuele/Documents/GitHub/SocialFusion/SocialFusion/Models/PreviewLinkSelection.swift (in target 'SocialFusion' from project 'SocialFusion')
    cd /Users/frankemanuele/Documents/GitHub/SocialFusion
    

SwiftCompile normal x86_64 Compiling\ PlatformLogoBadge.swift,\ Post+ContentView.swift,\ Post.swift,\ PostActionBar.swift,\ PostAuthorImageView.swift,\ PostAuthorView.swift,\ PostAvatar.swift,\ PostCardView.swift,\ PostComposerTopBar.swift,\ PostContent.swift,\ PostDetailView.swift,\ PostDivider.swift,\ PostLikeButton.swift,\ PostLinkPreview.swift /Users/frankemanuele/Documents/GitHub/SocialFusion/SocialFusion/Views/Components/PlatformLogoBadge.swift /Users/frankemanuele/Documents/GitHub/SocialFusion/SocialFusion/Models/Post+ContentView.swift /Users/frankemanuele/Documents/GitHub/SocialFusion/SocialFusion/Models/Post.swift /Users/frankemanuele/Documents/GitHub/SocialFusion/SocialFusion/Views/Components/PostActionBar.swift /Users/frankemanuele/Documents/GitHub/SocialFusion/SocialFusion/Views/Components/PostAuthorImageView.swift /Users/frankemanuele/Documents/GitHub/SocialFusion/SocialFusion/Views/Components/PostAuthorView.swift /Users/frankemanuele/Documents/GitHub/SocialFusion/SocialFusion/Views/Components/PostAvatar.swift /Users/frankemanuele/Documents/GitHub/SocialFusion/SocialFusion/Views/Components/PostCardView.swift /Users/frankemanuele/Documents/GitHub/SocialFusion/SocialFusion/Views/Components/PostComposerTopBar.swift /Users/frankemanuele/Documents/GitHub/SocialFusion/SocialFusion/Views/Components/PostContent.swift /Users/frankemanuele/Documents/GitHub/SocialFusion/SocialFusion/Views/Components/PostDetailView.swift /Users/frankemanuele/Documents/GitHub/SocialFusion/SocialFusion/Views/Components/PostDivider.swift /Users/frankemanuele/Documents/GitHub/SocialFusion/SocialFusion/Views/Components/PostLikeButton.swift /Users/frankemanuele/Documents/GitHub/SocialFusion/SocialFusion/Views/Components/PostLinkPreview.swift (in target 'SocialFusion' from project 'SocialFusion')

SwiftCompile normal x86_64 /Users/frankemanuele/Documents/GitHub/SocialFusion/SocialFusion/Views/Components/PlatformLogoBadge.swift (in target 'SocialFusion' from project 'SocialFusion')
    cd /Users/frankemanuele/Documents/GitHub/SocialFusion
    

SwiftCompile normal x86_64 /Users/frankemanuele/Documents/GitHub/SocialFusion/SocialFusion/Models/Post+ContentView.swift (in target 'SocialFusion' from project 'SocialFusion')
    cd /Users/frankemanuele/Documents/GitHub/SocialFusion
    

SwiftCompile normal x86_64 /Users/frankemanuele/Documents/GitHub/SocialFusion/SocialFusion/Models/Post.swift (in target 'SocialFusion' from project 'SocialFusion')
    cd /Users/frankemanuele/Documents/GitHub/SocialFusion
    

SwiftCompile normal x86_64 /Users/frankemanuele/Documents/GitHub/SocialFusion/SocialFusion/Views/Components/PostActionBar.swift (in target 'SocialFusion' from project 'SocialFusion')
    cd /Users/frankemanuele/Documents/GitHub/SocialFusion
    

SwiftCompile normal x86_64 /Users/frankemanuele/Documents/GitHub/SocialFusion/SocialFusion/Views/Components/PostAuthorImageView.swift (in target 'SocialFusion' from project 'SocialFusion')
    cd /Users/frankemanuele/Documents/GitHub/SocialFusion
    

SwiftCompile normal x86_64 /Users/frankemanuele/Documents/GitHub/SocialFusion/SocialFusion/Views/Components/PostAuthorView.swift (in target 'SocialFusion' from project 'SocialFusion')
    cd /Users/frankemanuele/Documents/GitHub/SocialFusion
    

SwiftCompile normal x86_64 /Users/frankemanuele/Documents/GitHub/SocialFusion/SocialFusion/Views/Components/PostAvatar.swift (in target 'SocialFusion' from project 'SocialFusion')
    cd /Users/frankemanuele/Documents/GitHub/SocialFusion
    

SwiftCompile normal x86_64 /Users/frankemanuele/Documents/GitHub/SocialFusion/SocialFusion/Views/Components/PostCardView.swift (in target 'SocialFusion' from project 'SocialFusion')
    cd /Users/frankemanuele/Documents/GitHub/SocialFusion
    

SwiftCompile normal x86_64 /Users/frankemanuele/Documents/GitHub/SocialFusion/SocialFusion/Views/Components/PostComposerTopBar.swift (in target 'SocialFusion' from project 'SocialFusion')
    cd /Users/frankemanuele/Documents/GitHub/SocialFusion
    

SwiftCompile normal x86_64 /Users/frankemanuele/Documents/GitHub/SocialFusion/SocialFusion/Views/Components/PostContent.swift (in target 'SocialFusion' from project 'SocialFusion')
    cd /Users/frankemanuele/Documents/GitHub/SocialFusion
    

SwiftCompile normal x86_64 /Users/frankemanuele/Documents/GitHub/SocialFusion/SocialFusion/Views/Components/PostDetailView.swift (in target 'SocialFusion' from project 'SocialFusion')
    cd /Users/frankemanuele/Documents/GitHub/SocialFusion
    

SwiftCompile normal x86_64 /Users/frankemanuele/Documents/GitHub/SocialFusion/SocialFusion/Views/Components/PostDivider.swift (in target 'SocialFusion' from project 'SocialFusion')
    cd /Users/frankemanuele/Documents/GitHub/SocialFusion
    

SwiftCompile normal x86_64 /Users/frankemanuele/Documents/GitHub/SocialFusion/SocialFusion/Views/Components/PostLikeButton.swift (in target 'SocialFusion' from project 'SocialFusion')
    cd /Users/frankemanuele/Documents/GitHub/SocialFusion
    

SwiftCompile normal x86_64 /Users/frankemanuele/Documents/GitHub/SocialFusion/SocialFusion/Views/Components/PostLinkPreview.swift (in target 'SocialFusion' from project 'SocialFusion')
    cd /Users/frankemanuele/Documents/GitHub/SocialFusion
    

SwiftCompile normal x86_64 Compiling\ DebugOptionsView.swift,\ DirectTokenEntryView.swift,\ ErrorHandler.swift,\ ExpandingReplyBanner.swift,\ FeatureFlagManager.swift,\ FeatureFlags.swift,\ FetchQuotePostView.swift,\ GIFUnfurlContainer.swift,\ GIFUnfurlingService.swift,\ GradualMigrationManager.swift,\ HTMLFormatter.swift,\ HTMLString.swift,\ KeychainHelper.swift,\ KeychainManager.swift /Users/frankemanuele/Documents/GitHub/SocialFusion/SocialFusion/Views/DebugOptionsView.swift /Users/frankemanuele/Documents/GitHub/SocialFusion/SocialFusion/Views/DirectTokenEntryView.swift /Users/frankemanuele/Documents/GitHub/SocialFusion/SocialFusion/Utilities/ErrorHandler.swift /Users/frankemanuele/Documents/GitHub/SocialFusion/SocialFusion/Views/Components/ExpandingReplyBanner.swift /Users/frankemanuele/Documents/GitHub/SocialFusion/SocialFusion/Utilities/FeatureFlagManager.swift /Users/frankemanuele/Documents/GitHub/SocialFusion/SocialFusion/Utilities/FeatureFlags.swift /Users/frankemanuele/Documents/GitHub/SocialFusion/SocialFusion/Views/Components/FetchQuotePostView.swift /Users/frankemanuele/Documents/GitHub/SocialFusion/SocialFusion/Views/Components/GIFUnfurlContainer.swift /Users/frankemanuele/Documents/GitHub/SocialFusion/SocialFusion/Services/GIFUnfurlingService.swift /Users/frankemanuele/Documents/GitHub/SocialFusion/SocialFusion/Controllers/GradualMigrationManager.swift /Users/frankemanuele/Documents/GitHub/SocialFusion/SocialFusion/Utilities/HTMLFormatter.swift /Users/frankemanuele/Documents/GitHub/SocialFusion/SocialFusion/Utilities/HTMLString.swift /Users/frankemanuele/Documents/GitHub/SocialFusion/SocialFusion/Utilities/KeychainHelper.swift /Users/frankemanuele/Documents/GitHub/SocialFusion/SocialFusion/Utilities/KeychainManager.swift (in target 'SocialFusion' from project 'SocialFusion')

SwiftCompile normal x86_64 /Users/frankemanuele/Documents/GitHub/SocialFusion/SocialFusion/Views/DebugOptionsView.swift (in target 'SocialFusion' from project 'SocialFusion')
    cd /Users/frankemanuele/Documents/GitHub/SocialFusion
    

SwiftCompile normal x86_64 /Users/frankemanuele/Documents/GitHub/SocialFusion/SocialFusion/Views/DirectTokenEntryView.swift (in target 'SocialFusion' from project 'SocialFusion')
    cd /Users/frankemanuele/Documents/GitHub/SocialFusion
    

SwiftCompile normal x86_64 /Users/frankemanuele/Documents/GitHub/SocialFusion/SocialFusion/Utilities/ErrorHandler.swift (in target 'SocialFusion' from project 'SocialFusion')
    cd /Users/frankemanuele/Documents/GitHub/SocialFusion
    

SwiftCompile normal x86_64 /Users/frankemanuele/Documents/GitHub/SocialFusion/SocialFusion/Views/Components/ExpandingReplyBanner.swift (in target 'SocialFusion' from project 'SocialFusion')
    cd /Users/frankemanuele/Documents/GitHub/SocialFusion
    

SwiftCompile normal x86_64 /Users/frankemanuele/Documents/GitHub/SocialFusion/SocialFusion/Utilities/FeatureFlagManager.swift (in target 'SocialFusion' from project 'SocialFusion')
    cd /Users/frankemanuele/Documents/GitHub/SocialFusion
    

SwiftCompile normal x86_64 /Users/frankemanuele/Documents/GitHub/SocialFusion/SocialFusion/Utilities/FeatureFlags.swift (in target 'SocialFusion' from project 'SocialFusion')
    cd /Users/frankemanuele/Documents/GitHub/SocialFusion
    

SwiftCompile normal x86_64 /Users/frankemanuele/Documents/GitHub/SocialFusion/SocialFusion/Views/Components/FetchQuotePostView.swift (in target 'SocialFusion' from project 'SocialFusion')
    cd /Users/frankemanuele/Documents/GitHub/SocialFusion
    

SwiftCompile normal x86_64 /Users/frankemanuele/Documents/GitHub/SocialFusion/SocialFusion/Views/Components/GIFUnfurlContainer.swift (in target 'SocialFusion' from project 'SocialFusion')
    cd /Users/frankemanuele/Documents/GitHub/SocialFusion
    

SwiftCompile normal x86_64 /Users/frankemanuele/Documents/GitHub/SocialFusion/SocialFusion/Services/GIFUnfurlingService.swift (in target 'SocialFusion' from project 'SocialFusion')
    cd /Users/frankemanuele/Documents/GitHub/SocialFusion
    

SwiftCompile normal x86_64 /Users/frankemanuele/Documents/GitHub/SocialFusion/SocialFusion/Controllers/GradualMigrationManager.swift (in target 'SocialFusion' from project 'SocialFusion')
    cd /Users/frankemanuele/Documents/GitHub/SocialFusion
    

SwiftCompile normal x86_64 /Users/frankemanuele/Documents/GitHub/SocialFusion/SocialFusion/Utilities/HTMLFormatter.swift (in target 'SocialFusion' from project 'SocialFusion')
    cd /Users/frankemanuele/Documents/GitHub/SocialFusion
    

SwiftCompile normal x86_64 /Users/frankemanuele/Documents/GitHub/SocialFusion/SocialFusion/Utilities/HTMLString.swift (in target 'SocialFusion' from project 'SocialFusion')
    cd /Users/frankemanuele/Documents/GitHub/SocialFusion
    

SwiftCompile normal x86_64 /Users/frankemanuele/Documents/GitHub/SocialFusion/SocialFusion/Utilities/KeychainHelper.swift (in target 'SocialFusion' from project 'SocialFusion')
    cd /Users/frankemanuele/Documents/GitHub/SocialFusion
    

SwiftCompile normal x86_64 /Users/frankemanuele/Documents/GitHub/SocialFusion/SocialFusion/Utilities/KeychainManager.swift (in target 'SocialFusion' from project 'SocialFusion')
    cd /Users/frankemanuele/Documents/GitHub/SocialFusion
    

SwiftCompile normal x86_64 Compiling\ BlueskyAPIClient.swift,\ BlueskyModels.swift,\ BlueskyPost.swift,\ BlueskyService.swift,\ BlueskyThreadResolver.swift,\ BoostBanner.swift,\ CachedAsyncImage.swift,\ Color+Theme.swift,\ ComposeView.swift,\ ConnectionManager.swift,\ ConsolidatedTimelineView.swift,\ ContentView.swift,\ DateParser.swift,\ DebugBlueskyView.swift /Users/frankemanuele/Documents/GitHub/SocialFusion/SocialFusion/Services/BlueskyAPIClient.swift /Users/frankemanuele/Documents/GitHub/SocialFusion/SocialFusion/Models/BlueskyModels.swift /Users/frankemanuele/Documents/GitHub/SocialFusion/SocialFusion/Models/BlueskyPost.swift /Users/frankemanuele/Documents/GitHub/SocialFusion/SocialFusion/Services/BlueskyService.swift /Users/frankemanuele/Documents/GitHub/SocialFusion/SocialFusion/Services/BlueskyThreadResolver.swift /Users/frankemanuele/Documents/GitHub/SocialFusion/SocialFusion/Views/Components/BoostBanner.swift /Users/frankemanuele/Documents/GitHub/SocialFusion/SocialFusion/Views/Components/CachedAsyncImage.swift /Users/frankemanuele/Documents/GitHub/SocialFusion/SocialFusion/Extensions/Color+Theme.swift /Users/frankemanuele/Documents/GitHub/SocialFusion/SocialFusion/Views/ComposeView.swift /Users/frankemanuele/Documents/GitHub/SocialFusion/SocialFusion/Networking/ConnectionManager.swift /Users/frankemanuele/Documents/GitHub/SocialFusion/SocialFusion/Views/ConsolidatedTimelineView.swift /Users/frankemanuele/Documents/GitHub/SocialFusion/SocialFusion/ContentView.swift /Users/frankemanuele/Documents/GitHub/SocialFusion/SocialFusion/Utilities/DateParser.swift /Users/frankemanuele/Documents/GitHub/SocialFusion/SocialFusion/Views/DebugBlueskyView.swift (in target 'SocialFusion' from project 'SocialFusion')

SwiftCompile normal x86_64 /Users/frankemanuele/Documents/GitHub/SocialFusion/SocialFusion/Services/BlueskyAPIClient.swift (in target 'SocialFusion' from project 'SocialFusion')
    cd /Users/frankemanuele/Documents/GitHub/SocialFusion
    

SwiftCompile normal x86_64 /Users/frankemanuele/Documents/GitHub/SocialFusion/SocialFusion/Models/BlueskyModels.swift (in target 'SocialFusion' from project 'SocialFusion')
    cd /Users/frankemanuele/Documents/GitHub/SocialFusion
    

SwiftCompile normal x86_64 /Users/frankemanuele/Documents/GitHub/SocialFusion/SocialFusion/Models/BlueskyPost.swift (in target 'SocialFusion' from project 'SocialFusion')
    cd /Users/frankemanuele/Documents/GitHub/SocialFusion
    

SwiftCompile normal x86_64 /Users/frankemanuele/Documents/GitHub/SocialFusion/SocialFusion/Services/BlueskyService.swift (in target 'SocialFusion' from project 'SocialFusion')
    cd /Users/frankemanuele/Documents/GitHub/SocialFusion
    

SwiftCompile normal x86_64 /Users/frankemanuele/Documents/GitHub/SocialFusion/SocialFusion/Services/BlueskyThreadResolver.swift (in target 'SocialFusion' from project 'SocialFusion')
    cd /Users/frankemanuele/Documents/GitHub/SocialFusion
    

SwiftCompile normal x86_64 /Users/frankemanuele/Documents/GitHub/SocialFusion/SocialFusion/Views/Components/BoostBanner.swift (in target 'SocialFusion' from project 'SocialFusion')
    cd /Users/frankemanuele/Documents/GitHub/SocialFusion
    

SwiftCompile normal x86_64 /Users/frankemanuele/Documents/GitHub/SocialFusion/SocialFusion/Views/Components/CachedAsyncImage.swift (in target 'SocialFusion' from project 'SocialFusion')
    cd /Users/frankemanuele/Documents/GitHub/SocialFusion
    

SwiftCompile normal x86_64 /Users/frankemanuele/Documents/GitHub/SocialFusion/SocialFusion/Extensions/Color+Theme.swift (in target 'SocialFusion' from project 'SocialFusion')
    cd /Users/frankemanuele/Documents/GitHub/SocialFusion
    

SwiftCompile normal x86_64 /Users/frankemanuele/Documents/GitHub/SocialFusion/SocialFusion/Views/ComposeView.swift (in target 'SocialFusion' from project 'SocialFusion')
    cd /Users/frankemanuele/Documents/GitHub/SocialFusion
    

SwiftCompile normal x86_64 /Users/frankemanuele/Documents/GitHub/SocialFusion/SocialFusion/Networking/ConnectionManager.swift (in target 'SocialFusion' from project 'SocialFusion')
    cd /Users/frankemanuele/Documents/GitHub/SocialFusion
    

SwiftCompile normal x86_64 /Users/frankemanuele/Documents/GitHub/SocialFusion/SocialFusion/Views/ConsolidatedTimelineView.swift (in target 'SocialFusion' from project 'SocialFusion')
    cd /Users/frankemanuele/Documents/GitHub/SocialFusion
    

SwiftCompile normal x86_64 /Users/frankemanuele/Documents/GitHub/SocialFusion/SocialFusion/ContentView.swift (in target 'SocialFusion' from project 'SocialFusion')
    cd /Users/frankemanuele/Documents/GitHub/SocialFusion
    

SwiftCompile normal x86_64 /Users/frankemanuele/Documents/GitHub/SocialFusion/SocialFusion/Utilities/DateParser.swift (in target 'SocialFusion' from project 'SocialFusion')
    cd /Users/frankemanuele/Documents/GitHub/SocialFusion
    

SwiftCompile normal x86_64 /Users/frankemanuele/Documents/GitHub/SocialFusion/SocialFusion/Views/DebugBlueskyView.swift (in target 'SocialFusion' from project 'SocialFusion')
    cd /Users/frankemanuele/Documents/GitHub/SocialFusion
    

SwiftCompile normal x86_64 Compiling\ ProfileImageView.swift,\ QuotePostView.swift,\ ReliableScrollView.swift,\ RobotsTxtChecker.swift,\ SettingsView.swift,\ SmartMediaView.swift,\ SmartPositionManager.swift,\ SocialAccount.swift,\ SocialFusionApp.swift,\ SocialFusionTimelineDebug.swift,\ SocialModels.swift,\ SocialPlatform.swift,\ SocialServiceManager.swift,\ StabilizedAsyncImage.swift /Users/frankemanuele/Documents/GitHub/SocialFusion/SocialFusion/Views/ProfileImageView.swift /Users/frankemanuele/Documents/GitHub/SocialFusion/SocialFusion/Views/Components/QuotePostView.swift /Users/frankemanuele/Documents/GitHub/SocialFusion/SocialFusion/Views/Components/ReliableScrollView.swift /Users/frankemanuele/Documents/GitHub/SocialFusion/SocialFusion/Utilities/RobotsTxtChecker.swift /Users/frankemanuele/Documents/GitHub/SocialFusion/SocialFusion/Views/SettingsView.swift /Users/frankemanuele/Documents/GitHub/SocialFusion/SocialFusion/Views/Components/SmartMediaView.swift /Users/frankemanuele/Documents/GitHub/SocialFusion/SocialFusion/State/SmartPositionManager.swift /Users/frankemanuele/Documents/GitHub/SocialFusion/SocialFusion/Models/SocialAccount.swift /Users/frankemanuele/Documents/GitHub/SocialFusion/SocialFusion/SocialFusionApp.swift /Users/frankemanuele/Documents/GitHub/SocialFusion/SocialFusion/Utilities/SocialFusionTimelineDebug.swift /Users/frankemanuele/Documents/GitHub/SocialFusion/SocialFusion/Models/SocialModels.swift /Users/frankemanuele/Documents/GitHub/SocialFusion/SocialFusion/Models/SocialPlatform.swift /Users/frankemanuele/Documents/GitHub/SocialFusion/SocialFusion/Services/SocialServiceManager.swift /Users/frankemanuele/Documents/GitHub/SocialFusion/SocialFusion/Views/Components/StabilizedAsyncImage.swift (in target 'SocialFusion' from project 'SocialFusion')

SwiftCompile normal x86_64 /Users/frankemanuele/Documents/GitHub/SocialFusion/SocialFusion/Views/ProfileImageView.swift (in target 'SocialFusion' from project 'SocialFusion')
    cd /Users/frankemanuele/Documents/GitHub/SocialFusion
    

SwiftCompile normal x86_64 /Users/frankemanuele/Documents/GitHub/SocialFusion/SocialFusion/Views/Components/QuotePostView.swift (in target 'SocialFusion' from project 'SocialFusion')
    cd /Users/frankemanuele/Documents/GitHub/SocialFusion
    

SwiftCompile normal x86_64 /Users/frankemanuele/Documents/GitHub/SocialFusion/SocialFusion/Views/Components/ReliableScrollView.swift (in target 'SocialFusion' from project 'SocialFusion')
    cd /Users/frankemanuele/Documents/GitHub/SocialFusion
    

SwiftCompile normal x86_64 /Users/frankemanuele/Documents/GitHub/SocialFusion/SocialFusion/Utilities/RobotsTxtChecker.swift (in target 'SocialFusion' from project 'SocialFusion')
    cd /Users/frankemanuele/Documents/GitHub/SocialFusion
    

SwiftCompile normal x86_64 /Users/frankemanuele/Documents/GitHub/SocialFusion/SocialFusion/Views/SettingsView.swift (in target 'SocialFusion' from project 'SocialFusion')
    cd /Users/frankemanuele/Documents/GitHub/SocialFusion
    

SwiftCompile normal x86_64 /Users/frankemanuele/Documents/GitHub/SocialFusion/SocialFusion/Views/Components/SmartMediaView.swift (in target 'SocialFusion' from project 'SocialFusion')
    cd /Users/frankemanuele/Documents/GitHub/SocialFusion
    

SwiftCompile normal x86_64 /Users/frankemanuele/Documents/GitHub/SocialFusion/SocialFusion/State/SmartPositionManager.swift (in target 'SocialFusion' from project 'SocialFusion')
    cd /Users/frankemanuele/Documents/GitHub/SocialFusion
    

SwiftCompile normal x86_64 /Users/frankemanuele/Documents/GitHub/SocialFusion/SocialFusion/Models/SocialAccount.swift (in target 'SocialFusion' from project 'SocialFusion')
    cd /Users/frankemanuele/Documents/GitHub/SocialFusion
    

SwiftCompile normal x86_64 /Users/frankemanuele/Documents/GitHub/SocialFusion/SocialFusion/SocialFusionApp.swift (in target 'SocialFusion' from project 'SocialFusion')
    cd /Users/frankemanuele/Documents/GitHub/SocialFusion
    

SwiftCompile normal x86_64 /Users/frankemanuele/Documents/GitHub/SocialFusion/SocialFusion/Utilities/SocialFusionTimelineDebug.swift (in target 'SocialFusion' from project 'SocialFusion')
    cd /Users/frankemanuele/Documents/GitHub/SocialFusion
    

SwiftCompile normal x86_64 /Users/frankemanuele/Documents/GitHub/SocialFusion/SocialFusion/Models/SocialModels.swift (in target 'SocialFusion' from project 'SocialFusion')
    cd /Users/frankemanuele/Documents/GitHub/SocialFusion
    

SwiftCompile normal x86_64 /Users/frankemanuele/Documents/GitHub/SocialFusion/SocialFusion/Models/SocialPlatform.swift (in target 'SocialFusion' from project 'SocialFusion')
    cd /Users/frankemanuele/Documents/GitHub/SocialFusion
    

SwiftCompile normal x86_64 /Users/frankemanuele/Documents/GitHub/SocialFusion/SocialFusion/Services/SocialServiceManager.swift (in target 'SocialFusion' from project 'SocialFusion')
    cd /Users/frankemanuele/Documents/GitHub/SocialFusion
    

SwiftCompile normal x86_64 /Users/frankemanuele/Documents/GitHub/SocialFusion/SocialFusion/Views/Components/StabilizedAsyncImage.swift (in target 'SocialFusion' from project 'SocialFusion')
    cd /Users/frankemanuele/Documents/GitHub/SocialFusion
    

SwiftEmitModule normal x86_64 Emitting\ module\ for\ SocialFusion (in target 'SocialFusion' from project 'SocialFusion')

EmitSwiftModule normal x86_64 (in target 'SocialFusion' from project 'SocialFusion')
    cd /Users/frankemanuele/Documents/GitHub/SocialFusion
    

SwiftCompile normal x86_64 Compiling\ StabilizedLinkPreview.swift,\ String+HTML.swift,\ TestPlayground.swift,\ TestingView.swift,\ Text+HTML.swift,\ TimeFormatters.swift,\ TimelineCard.swift,\ TimelineConfiguration.swift,\ TimelineController.swift,\ TimelineEntry.swift,\ TimelineState+Bridge.swift,\ TimelineState+Phase2Verification.swift,\ TimelineState+Verification.swift /Users/frankemanuele/Documents/GitHub/SocialFusion/SocialFusion/Views/Components/StabilizedLinkPreview.swift /Users/frankemanuele/Documents/GitHub/SocialFusion/SocialFusion/Extensions/String+HTML.swift /Users/frankemanuele/Documents/GitHub/SocialFusion/SocialFusion/TestPlayground.swift /Users/frankemanuele/Documents/GitHub/SocialFusion/SocialFusion/Views/TestingView.swift /Users/frankemanuele/Documents/GitHub/SocialFusion/SocialFusion/Extensions/Text+HTML.swift /Users/frankemanuele/Documents/GitHub/SocialFusion/SocialFusion/Utilities/TimeFormatters.swift /Users/frankemanuele/Documents/GitHub/SocialFusion/SocialFusion/Views/Components/TimelineCard.swift /Users/frankemanuele/Documents/GitHub/SocialFusion/SocialFusion/State/TimelineConfiguration.swift /Users/frankemanuele/Documents/GitHub/SocialFusion/SocialFusion/Controllers/TimelineController.swift /Users/frankemanuele/Documents/GitHub/SocialFusion/SocialFusion/Models/TimelineEntry.swift /Users/frankemanuele/Documents/GitHub/SocialFusion/SocialFusion/Models/TimelineState+Bridge.swift /Users/frankemanuele/Documents/GitHub/SocialFusion/SocialFusion/Models/TimelineState+Phase2Verification.swift /Users/frankemanuele/Documents/GitHub/SocialFusion/SocialFusion/Models/TimelineState+Verification.swift (in target 'SocialFusion' from project 'SocialFusion')
Failed frontend command:
/Applications/Xcode-beta.app/Contents/Developer/Toolchains/XcodeDefault.xctoolchain/usr/bin/swift-frontend -frontend -c -filelist /Users/frankemanuele/Library/Developer/Xcode/DerivedData/SocialFusion-dmcylkdxdnugaugctnmrhexeekqr/Build/Intermediates.noindex/SocialFusion.build/Debug-iphonesimulator/SocialFusion.build/Objects-normal/x86_64/sources-2 -primary-file /Users/frankemanuele/Documents/GitHub/SocialFusion/SocialFusion/Views/Components/StabilizedLinkPreview.swift -primary-file /Users/frankemanuele/Documents/GitHub/SocialFusion/SocialFusion/Extensions/String+HTML.swift -primary-file /Users/frankemanuele/Documents/GitHub/SocialFusion/SocialFusion/TestPlayground.swift -primary-file /Users/frankemanuele/Documents/GitHub/SocialFusion/SocialFusion/Views/TestingView.swift -primary-file /Users/frankemanuele/Documents/GitHub/SocialFusion/SocialFusion/Extensions/Text+HTML.swift -primary-file /Users/frankemanuele/Documents/GitHub/SocialFusion/SocialFusion/Utilities/TimeFormatters.swift -primary-file /Users/frankemanuele/Documents/GitHub/SocialFusion/SocialFusion/Views/Components/TimelineCard.swift -primary-file /Users/frankemanuele/Documents/GitHub/SocialFusion/SocialFusion/State/TimelineConfiguration.swift -primary-file /Users/frankemanuele/Documents/GitHub/SocialFusion/SocialFusion/Controllers/TimelineController.swift -primary-file /Users/frankemanuele/Documents/GitHub/SocialFusion/SocialFusion/Models/TimelineEntry.swift -primary-file /Users/frankemanuele/Documents/GitHub/SocialFusion/SocialFusion/Models/TimelineState+Bridge.swift -primary-file /Users/frankemanuele/Documents/GitHub/SocialFusion/SocialFusion/Models/TimelineState+Phase2Verification.swift -primary-file /Users/frankemanuele/Documents/GitHub/SocialFusion/SocialFusion/Models/TimelineState+Verification.swift -supplementary-output-file-map /Users/frankemanuele/Library/Developer/Xcode/DerivedData/SocialFusion-dmcylkdxdnugaugctnmrhexeekqr/Build/Intermediates.noindex/SocialFusion.build/Debug-iphonesimulator/SocialFusion.build/Objects-normal/x86_64/supplementaryOutputs-19 -target x86_64-apple-ios16.0-simulator -module-can-import-version DeveloperToolsSupport 23.0.4 23.0.4 -module-can-import-version SwiftUI 7.0.67.1 7.0.67 -module-can-import-version UIKit 9071.1.106 9071.1.106 -disable-cross-import-overlay-search -swift-module-cross-import AVKit /Applications/Xcode-beta.app/Contents/Developer/Platforms/iPhoneSimulator.platform/Developer/SDKs/iPhoneSimulator.sdk/System/Library/Frameworks/AVKit.framework/Modules/AVKit.swiftcrossimport/SwiftUI.swiftoverlay -swift-module-cross-import AVKit /Applications/Xcode-beta.app/Contents/Developer/Platforms/iPhoneSimulator.platform/Developer/SDKs/iPhoneSimulator26.0.sdk/System/Library/Frameworks/AVKit.framework/Modules/AVKit.swiftcrossimport/SwiftUI.swiftoverlay -swift-module-cross-import AuthenticationServices /Applications/Xcode-beta.app/Contents/Developer/Platforms/iPhoneSimulator.platform/Developer/SDKs/iPhoneSimulator.sdk/System/Cryptexes/OS/System/Library/Frameworks/AuthenticationServices.framework/Modules/AuthenticationServices.swiftcrossimport/SwiftUI.swiftoverlay -swift-module-cross-import AuthenticationServices /Applications/Xcode-beta.app/Contents/Developer/Platforms/iPhoneSimulator.platform/Developer/SDKs/iPhoneSimulator26.0.sdk/System/Library/Frameworks/AuthenticationServices.framework/Modules/AuthenticationServices.swiftcrossimport/SwiftUI.swiftoverlay -swift-module-cross-import MediaPlayer /Applications/Xcode-beta.app/Contents/Developer/Platforms/iPhoneSimulator.platform/Developer/SDKs/iPhoneSimulator.sdk/System/Library/Frameworks/MediaPlayer.framework/Modules/MediaPlayer.swiftcrossimport/AppIntents.swiftoverlay -swift-module-cross-import MediaPlayer /Applications/Xcode-beta.app/Contents/Developer/Platforms/iPhoneSimulator.platform/Developer/SDKs/iPhoneSimulator26.0.sdk/System/Library/Frameworks/MediaPlayer.framework/Modules/MediaPlayer.swiftcrossimport/AppIntents.swiftoverlay -swift-module-cross-import WebKit /Applications/Xcode-beta.app/Contents/Developer/Platforms/iPhoneSimulator.platform/Developer/SDKs/iPhoneSimulator.sdk/System/Cryptexes/OS/System/Library/Frameworks/WebKit.framework/Modules/WebKit.swiftcrossimport/SwiftUI.swiftoverlay -swift-module-cross-import WebKit /Applications/Xcode-beta.app/Contents/Developer/Platforms/iPhoneSimulator.platform/Developer/SDKs/iPhoneSimulator26.0.sdk/System/Library/Frameworks/WebKit.framework/Modules/WebKit.swiftcrossimport/SwiftUI.swiftoverlay -load-resolved-plugin /Applications/Xcode-beta.app/Contents/Developer/Platforms/iPhoneOS.platform/Developer/usr/lib/swift/host/plugins/libFoundationMacros.dylib\#/Applications/Xcode-beta.app/Contents/Developer/Platforms/iPhoneOS.platform/Developer/usr/bin/swift-plugin-server\#FoundationMacros -load-resolved-plugin /Applications/Xcode-beta.app/Contents/Developer/Platforms/iPhoneOS.platform/Developer/usr/lib/swift/host/plugins/libObservationMacros.dylib\#/Applications/Xcode-beta.app/Contents/Developer/Platforms/iPhoneOS.platform/Developer/usr/bin/swift-plugin-server\#ObservationMacros -load-resolved-plugin /Applications/Xcode-beta.app/Contents/Developer/Platforms/iPhoneOS.platform/Developer/usr/lib/swift/host/plugins/libPreviewsMacros.dylib\#/Applications/Xcode-beta.app/Contents/Developer/Platforms/iPhoneOS.platform/Developer/usr/bin/swift-plugin-server\#PreviewsMacros -load-resolved-plugin /Applications/Xcode-beta.app/Contents/Developer/Platforms/iPhoneOS.platform/Developer/usr/lib/swift/host/plugins/libSwiftMacros.dylib\#/Applications/Xcode-beta.app/Contents/Developer/Platforms/iPhoneOS.platform/Developer/usr/bin/swift-plugin-server\#SwiftMacros -load-resolved-plugin /Applications/Xcode-beta.app/Contents/Developer/Platforms/iPhoneOS.platform/Developer/usr/lib/swift/host/plugins/libSwiftUIMacros.dylib\#/Applications/Xcode-beta.app/Contents/Developer/Platforms/iPhoneOS.platform/Developer/usr/bin/swift-plugin-server\#SwiftUIMacros -load-resolved-plugin /Applications/Xcode-beta.app/Contents/Developer/Platforms/iPhoneOS.platform/Developer/usr/lib/swift/host/plugins/libTipKitMacros.dylib\#/Applications/Xcode-beta.app/Contents/Developer/Platforms/iPhoneOS.platform/Developer/usr/bin/swift-plugin-server\#TipKitMacros -disable-implicit-swift-modules -Xcc -fno-implicit-modules -Xcc -fno-implicit-module-maps -explicit-swift-module-map-file /Users/frankemanuele/Library/Developer/Xcode/DerivedData/SocialFusion-dmcylkdxdnugaugctnmrhexeekqr/Build/Intermediates.noindex/SocialFusion.build/Debug-iphonesimulator/SocialFusion.build/Objects-normal/x86_64/SocialFusion-dependencies-2.json -enable-objc-interop -sdk /Applications/Xcode-beta.app/Contents/Developer/Platforms/iPhoneSimulator.platform/Developer/SDKs/iPhoneSimulator26.0.sdk -I /Users/frankemanuele/Library/Developer/Xcode/DerivedData/SocialFusion-dmcylkdxdnugaugctnmrhexeekqr/Build/Products/Debug-iphonesimulator -F /Users/frankemanuele/Library/Developer/Xcode/DerivedData/SocialFusion-dmcylkdxdnugaugctnmrhexeekqr/Build/Products/Debug-iphonesimulator -no-color-diagnostics -Xcc -fno-color-diagnostics -g -debug-info-format\=dwarf -dwarf-version\=4 -module-cache-path /Users/frankemanuele/Library/Developer/Xcode/DerivedData/SocialFusion-dmcylkdxdnugaugctnmrhexeekqr/Build/Intermediates.noindex/SwiftExplicitPrecompiledModules -swift-version 5 -enforce-exclusivity\=checked -O -serialize-debugging-options -const-gather-protocols-file /Users/frankemanuele/Library/Developer/Xcode/DerivedData/SocialFusion-dmcylkdxdnugaugctnmrhexeekqr/Build/Intermediates.noindex/SocialFusion.build/Debug-iphonesimulator/SocialFusion.build/Objects-normal/x86_64/SocialFusion_const_extract_protocols.json -enable-experimental-feature DebugDescriptionMacro -enable-bare-slash-regex -empty-abi-descriptor -validate-clang-modules-once -clang-build-session-file /Users/frankemanuele/Library/Developer/Xcode/DerivedData/ModuleCache.noindex/Session.modulevalidation -Xcc -working-directory -Xcc /Users/frankemanuele/Documents/GitHub/SocialFusion -file-compilation-dir /Users/frankemanuele/Documents/GitHub/SocialFusion -Xcc -ivfsstatcache -Xcc /Users/frankemanuele/Library/Developer/Xcode/DerivedData/SDKStatCaches.noindex/iphonesimulator26.0-23A5260k-fc862078e33f881139a9d2f83bd1a9d0.sdkstatcache -Xcc -I/Users/frankemanuele/Library/Developer/Xcode/DerivedData/SocialFusion-dmcylkdxdnugaugctnmrhexeekqr/Build/Intermediates.noindex/SocialFusion.build/Debug-iphonesimulator/SocialFusion.build/swift-overrides.hmap -Xcc -iquote -Xcc /Users/frankemanuele/Library/Developer/Xcode/DerivedData/SocialFusion-dmcylkdxdnugaugctnmrhexeekqr/Build/Intermediates.noindex/SocialFusion.build/Debug-iphonesimulator/SocialFusion.build/SocialFusion-generated-files.hmap -Xcc -I/Users/frankemanuele/Library/Developer/Xcode/DerivedData/SocialFusion-dmcylkdxdnugaugctnmrhexeekqr/Build/Intermediates.noindex/SocialFusion.build/Debug-iphonesimulator/SocialFusion.build/SocialFusion-own-target-headers.hmap -Xcc -I/Users/frankemanuele/Library/Developer/Xcode/DerivedData/SocialFusion-dmcylkdxdnugaugctnmrhexeekqr/Build/Intermediates.noindex/SocialFusion.build/Debug-iphonesimulator/SocialFusion.build/SocialFusion-all-target-headers.hmap -Xcc -iquote -Xcc /Users/frankemanuele/Library/Developer/Xcode/DerivedData/SocialFusion-dmcylkdxdnugaugctnmrhexeekqr/Build/Intermediates.noindex/SocialFusion.build/Debug-iphonesimulator/SocialFusion.build/SocialFusion-project-headers.hmap -Xcc -I/Users/frankemanuele/Library/Developer/Xcode/DerivedData/SocialFusion-dmcylkdxdnugaugctnmrhexeekqr/Build/Products/Debug-iphonesimulator/include -Xcc -I/Users/frankemanuele/Library/Developer/Xcode/DerivedData/SocialFusion-dmcylkdxdnugaugctnmrhexeekqr/Build/Intermediates.noindex/SocialFusion.build/Debug-iphonesimulator/SocialFusion.build/DerivedSources-normal/x86_64 -Xcc -I/Users/frankemanuele/Library/Developer/Xcode/DerivedData/SocialFusion-dmcylkdxdnugaugctnmrhexeekqr/Build/Intermediates.noindex/SocialFusion.build/Debug-iphonesimulator/SocialFusion.build/DerivedSources/x86_64 -Xcc -I/Users/frankemanuele/Library/Developer/Xcode/DerivedData/SocialFusion-dmcylkdxdnugaugctnmrhexeekqr/Build/Intermediates.noindex/SocialFusion.build/Debug-iphonesimulator/SocialFusion.build/DerivedSources -no-auto-bridging-header-chaining -module-name SocialFusion -frontend-parseable-output -disable-clang-spi -target-sdk-version 26.0 -target-sdk-name iphonesimulator26.0 -clang-target x86_64-apple-ios26.0-simulator -o /Users/frankemanuele/Library/Developer/Xcode/DerivedData/SocialFusion-dmcylkdxdnugaugctnmrhexeekqr/Build/Intermediates.noindex/SocialFusion.build/Debug-iphonesimulator/SocialFusion.build/Objects-normal/x86_64/StabilizedLinkPreview.o -o /Users/frankemanuele/Library/Developer/Xcode/DerivedData/SocialFusion-dmcylkdxdnugaugctnmrhexeekqr/Build/Intermediates.noindex/SocialFusion.build/Debug-iphonesimulator/SocialFusion.build/Objects-normal/x86_64/String+HTML.o -o /Users/frankemanuele/Library/Developer/Xcode/DerivedData/SocialFusion-dmcylkdxdnugaugctnmrhexeekqr/Build/Intermediates.noindex/SocialFusion.build/Debug-iphonesimulator/SocialFusion.build/Objects-normal/x86_64/TestPlayground.o -o /Users/frankemanuele/Library/Developer/Xcode/DerivedData/SocialFusion-dmcylkdxdnugaugctnmrhexeekqr/Build/Intermediates.noindex/SocialFusion.build/Debug-iphonesimulator/SocialFusion.build/Objects-normal/x86_64/TestingView.o -o /Users/frankemanuele/Library/Developer/Xcode/DerivedData/SocialFusion-dmcylkdxdnugaugctnmrhexeekqr/Build/Intermediates.noindex/SocialFusion.build/Debug-iphonesimulator/SocialFusion.build/Objects-normal/x86_64/Text+HTML.o -o /Users/frankemanuele/Library/Developer/Xcode/DerivedData/SocialFusion-dmcylkdxdnugaugctnmrhexeekqr/Build/Intermediates.noindex/SocialFusion.build/Debug-iphonesimulator/SocialFusion.build/Objects-normal/x86_64/TimeFormatters.o -o /Users/frankemanuele/Library/Developer/Xcode/DerivedData/SocialFusion-dmcylkdxdnugaugctnmrhexeekqr/Build/Intermediates.noindex/SocialFusion.build/Debug-iphonesimulator/SocialFusion.build/Objects-normal/x86_64/TimelineCard.o -o /Users/frankemanuele/Library/Developer/Xcode/DerivedData/SocialFusion-dmcylkdxdnugaugctnmrhexeekqr/Build/Intermediates.noindex/SocialFusion.build/Debug-iphonesimulator/SocialFusion.build/Objects-normal/x86_64/TimelineConfiguration.o -o /Users/frankemanuele/Library/Developer/Xcode/DerivedData/SocialFusion-dmcylkdxdnugaugctnmrhexeekqr/Build/Intermediates.noindex/SocialFusion.build/Debug-iphonesimulator/SocialFusion.build/Objects-normal/x86_64/TimelineController.o -o /Users/frankemanuele/Library/Developer/Xcode/DerivedData/SocialFusion-dmcylkdxdnugaugctnmrhexeekqr/Build/Intermediates.noindex/SocialFusion.build/Debug-iphonesimulator/SocialFusion.build/Objects-normal/x86_64/TimelineEntry.o -o /Users/frankemanuele/Library/Developer/Xcode/DerivedData/SocialFusion-dmcylkdxdnugaugctnmrhexeekqr/Build/Intermediates.noindex/SocialFusion.build/Debug-iphonesimulator/SocialFusion.build/Objects-normal/x86_64/TimelineState+Bridge.o -o /Users/frankemanuele/Library/Developer/Xcode/DerivedData/SocialFusion-dmcylkdxdnugaugctnmrhexeekqr/Build/Intermediates.noindex/SocialFusion.build/Debug-iphonesimulator/SocialFusion.build/Objects-normal/x86_64/TimelineState+Phase2Verification.o -o /Users/frankemanuele/Library/Developer/Xcode/DerivedData/SocialFusion-dmcylkdxdnugaugctnmrhexeekqr/Build/Intermediates.noindex/SocialFusion.build/Debug-iphonesimulator/SocialFusion.build/Objects-normal/x86_64/TimelineState+Verification.o -index-unit-output-path /SocialFusion.build/Debug-iphonesimulator/SocialFusion.build/Objects-normal/x86_64/StabilizedLinkPreview.o -index-unit-output-path /SocialFusion.build/Debug-iphonesimulator/SocialFusion.build/Objects-normal/x86_64/String+HTML.o -index-unit-output-path /SocialFusion.build/Debug-iphonesimulator/SocialFusion.build/Objects-normal/x86_64/TestPlayground.o -index-unit-output-path /SocialFusion.build/Debug-iphonesimulator/SocialFusion.build/Objects-normal/x86_64/TestingView.o -index-unit-output-path /SocialFusion.build/Debug-iphonesimulator/SocialFusion.build/Objects-normal/x86_64/Text+HTML.o -index-unit-output-path /SocialFusion.build/Debug-iphonesimulator/SocialFusion.build/Objects-normal/x86_64/TimeFormatters.o -index-unit-output-path /SocialFusion.build/Debug-iphonesimulator/SocialFusion.build/Objects-normal/x86_64/TimelineCard.o -index-unit-output-path /SocialFusion.build/Debug-iphonesimulator/SocialFusion.build/Objects-normal/x86_64/TimelineConfiguration.o -index-unit-output-path /SocialFusion.build/Debug-iphonesimulator/SocialFusion.build/Objects-normal/x86_64/TimelineController.o -index-unit-output-path /SocialFusion.build/Debug-iphonesimulator/SocialFusion.build/Objects-normal/x86_64/TimelineEntry.o -index-unit-output-path /SocialFusion.build/Debug-iphonesimulator/SocialFusion.build/Objects-normal/x86_64/TimelineState+Bridge.o -index-unit-output-path /SocialFusion.build/Debug-iphonesimulator/SocialFusion.build/Objects-normal/x86_64/TimelineState+Phase2Verification.o -index-unit-output-path /SocialFusion.build/Debug-iphonesimulator/SocialFusion.build/Objects-normal/x86_64/TimelineState+Verification.o

SwiftCompile normal x86_64 /Users/frankemanuele/Documents/GitHub/SocialFusion/SocialFusion/Views/Components/StabilizedLinkPreview.swift (in target 'SocialFusion' from project 'SocialFusion')
    cd /Users/frankemanuele/Documents/GitHub/SocialFusion
    
/Users/frankemanuele/Documents/GitHub/SocialFusion/SocialFusion/Views/Components/LinkPreviewSelector.swift:111:6: warning: previewLayout is ignored in a #Preview macro. Use the `traits` argument of the macro to provide the desired layout, e.g. `.sizeThatFitsLayout. (from macro 'Preview')
    .previewLayout(.sizeThatFits)
     ^
/Users/frankemanuele/Documents/GitHub/SocialFusion/SocialFusion/Components/LoadingState.swift:75:26: error: generic parameter 'Label' could not be inferred
        LoadingStateView<ProgressView, EmptyStateView>(
                         ^
/Users/frankemanuele/Documents/GitHub/SocialFusion/SocialFusion/Components/LoadingState.swift:75:26: error: generic parameter 'CurrentValueLabel' could not be inferred
        LoadingStateView<ProgressView, EmptyStateView>(
                         ^
/Users/frankemanuele/Documents/GitHub/SocialFusion/SocialFusion/Components/LoadingState.swift:75:26: note: explicitly specify the generic arguments to fix this issue
        LoadingStateView<ProgressView, EmptyStateView>(
                         ^
                                     <<#Label: View#>, <#CurrentValueLabel: View#>>

SwiftCompile normal x86_64 /Users/frankemanuele/Documents/GitHub/SocialFusion/SocialFusion/Extensions/String+HTML.swift (in target 'SocialFusion' from project 'SocialFusion')
    cd /Users/frankemanuele/Documents/GitHub/SocialFusion
    

SwiftCompile normal x86_64 /Users/frankemanuele/Documents/GitHub/SocialFusion/SocialFusion/TestPlayground.swift (in target 'SocialFusion' from project 'SocialFusion')
    cd /Users/frankemanuele/Documents/GitHub/SocialFusion
    

SwiftCompile normal x86_64 /Users/frankemanuele/Documents/GitHub/SocialFusion/SocialFusion/Views/TestingView.swift (in target 'SocialFusion' from project 'SocialFusion')
    cd /Users/frankemanuele/Documents/GitHub/SocialFusion
    
/Users/frankemanuele/Documents/GitHub/SocialFusion/SocialFusion/Views/TestingView.swift:11:51: error: type 'SocialServiceManager' has no member 'shared'
        let serviceManager = SocialServiceManager.shared
                             ~~~~~~~~~~~~~~~~~~~~ ^~~~~~
/Users/frankemanuele/Documents/GitHub/SocialFusion/SocialFusion/Views/TestingView.swift:152:58: error: argument passed to call that takes no arguments
            UnifiedTimelineView(accounts: serviceManager.accounts)
                               ~~~~~~~~~~~~~~~~~~~~~~~~~~^~~~~~~~~
/Users/frankemanuele/Documents/GitHub/SocialFusion/SocialFusion/Views/TestingView.swift:165:13: error: cannot find 'UnifiedTimelineViewV2' in scope
            UnifiedTimelineViewV2(serviceManager: serviceManager)
            ^~~~~~~~~~~~~~~~~~~~~

SwiftCompile normal x86_64 /Users/frankemanuele/Documents/GitHub/SocialFusion/SocialFusion/Extensions/Text+HTML.swift (in target 'SocialFusion' from project 'SocialFusion')
    cd /Users/frankemanuele/Documents/GitHub/SocialFusion
    

SwiftCompile normal x86_64 /Users/frankemanuele/Documents/GitHub/SocialFusion/SocialFusion/Utilities/TimeFormatters.swift (in target 'SocialFusion' from project 'SocialFusion')
    cd /Users/frankemanuele/Documents/GitHub/SocialFusion
    

SwiftCompile normal x86_64 /Users/frankemanuele/Documents/GitHub/SocialFusion/SocialFusion/Views/Components/TimelineCard.swift (in target 'SocialFusion' from project 'SocialFusion')
    cd /Users/frankemanuele/Documents/GitHub/SocialFusion
    

SwiftCompile normal x86_64 /Users/frankemanuele/Documents/GitHub/SocialFusion/SocialFusion/State/TimelineConfiguration.swift (in target 'SocialFusion' from project 'SocialFusion')
    cd /Users/frankemanuele/Documents/GitHub/SocialFusion
    

SwiftCompile normal x86_64 /Users/frankemanuele/Documents/GitHub/SocialFusion/SocialFusion/Controllers/TimelineController.swift (in target 'SocialFusion' from project 'SocialFusion')
    cd /Users/frankemanuele/Documents/GitHub/SocialFusion
    

SwiftCompile normal x86_64 /Users/frankemanuele/Documents/GitHub/SocialFusion/SocialFusion/Models/TimelineEntry.swift (in target 'SocialFusion' from project 'SocialFusion')
    cd /Users/frankemanuele/Documents/GitHub/SocialFusion
    

SwiftCompile normal x86_64 /Users/frankemanuele/Documents/GitHub/SocialFusion/SocialFusion/Models/TimelineState+Bridge.swift (in target 'SocialFusion' from project 'SocialFusion')
    cd /Users/frankemanuele/Documents/GitHub/SocialFusion
    
/Users/frankemanuele/Documents/GitHub/SocialFusion/SocialFusion/Models/TimelineState+Bridge.swift:12:30: error: value of type 'Post' has no member 'parentPost'
            if enhanced.post.parentPost != nil {
               ~~~~~~~~~~~~~ ^~~~~~~~~~
/Users/frankemanuele/Documents/GitHub/SocialFusion/SocialFusion/Models/TimelineState+Bridge.swift:38:42: error: value of type 'SocialServiceManager' has no member 'cachedPosts'
        let cachedPosts = serviceManager.cachedPosts
                          ~~~~~~~~~~~~~~ ^~~~~~~~~~~
/Users/frankemanuele/Documents/GitHub/SocialFusion/SocialFusion/Models/TimelineState+Bridge.swift:49:44: error: main actor-isolated property 'unifiedTimeline' can not be referenced from a nonisolated context
            updateFromPosts(serviceManager.unifiedTimeline, preservePosition: true)
                                           ^
/Users/frankemanuele/Documents/GitHub/SocialFusion/SocialFusion/Services/SocialServiceManager.swift:115:20: note: property declared here
    @Published var unifiedTimeline: [Post] = []
                   ^
/Users/frankemanuele/Documents/GitHub/SocialFusion/SocialFusion/Models/TimelineState+Bridge.swift:46:10: note: add '@MainActor' to make instance method 'updateFromServiceManager(_:isRefresh:)' part of global actor 'MainActor'
    func updateFromServiceManager(_ serviceManager: SocialServiceManager, isRefresh: Bool = false) {
         ^
    @MainActor 
/Users/frankemanuele/Documents/GitHub/SocialFusion/SocialFusion/Models/TimelineState+Bridge.swift:52:44: error: main actor-isolated property 'unifiedTimeline' can not be referenced from a nonisolated context
            updateFromPosts(serviceManager.unifiedTimeline, preservePosition: false)
                                           ^
/Users/frankemanuele/Documents/GitHub/SocialFusion/SocialFusion/Services/SocialServiceManager.swift:115:20: note: property declared here
    @Published var unifiedTimeline: [Post] = []
                   ^
/Users/frankemanuele/Documents/GitHub/SocialFusion/SocialFusion/Models/TimelineState+Bridge.swift:46:10: note: add '@MainActor' to make instance method 'updateFromServiceManager(_:isRefresh:)' part of global actor 'MainActor'
    func updateFromServiceManager(_ serviceManager: SocialServiceManager, isRefresh: Bool = false) {
         ^
    @MainActor 
/Users/frankemanuele/Documents/GitHub/SocialFusion/SocialFusion/Models/TimelineState+Bridge.swift:61:25: error: 'isPostRead' is inaccessible due to 'private' protection level
                isRead: isPostRead(entry.post.id),
                        ^
/Users/frankemanuele/Documents/GitHub/SocialFusion/SocialFusion/Models/TimelineState.swift:252:18: note: 'isPostRead' declared here
    private func isPostRead(_ postId: String) -> Bool {
                 ^
/Users/frankemanuele/Documents/GitHub/SocialFusion/SocialFusion/Models/TimelineState+Bridge.swift:62:24: error: 'isPostNew' is inaccessible due to 'private' protection level
                isNew: isPostNew(entry.post)
                       ^
/Users/frankemanuele/Documents/GitHub/SocialFusion/SocialFusion/Models/TimelineState.swift:257:18: note: 'isPostNew' declared here
    private func isPostNew(_ post: Post) -> Bool {
                 ^
/Users/frankemanuele/Documents/GitHub/SocialFusion/SocialFusion/Models/TimelineState+Bridge.swift:67:13: error: 'insertNewEntriesAtTop' is inaccessible due to 'private' protection level
            insertNewEntriesAtTop(newEntries)
            ^
/Users/frankemanuele/Documents/GitHub/SocialFusion/SocialFusion/Models/TimelineState.swift:409:18: note: 'insertNewEntriesAtTop' declared here
    private func insertNewEntriesAtTop(_ newEntries: [EnhancedTimelineEntry]) {
                 ^
/Users/frankemanuele/Documents/GitHub/SocialFusion/SocialFusion/Models/TimelineState+Bridge.swift:69:13: error: cannot assign to property: 'entries' setter is inaccessible
            entries = newEntries
            ^~~~~~~
/Users/frankemanuele/Documents/GitHub/SocialFusion/SocialFusion/Models/TimelineState+Bridge.swift:70:13: error: cannot assign to property: 'isInitialized' setter is inaccessible
            isInitialized = true
            ^~~~~~~~~~~~~
/Users/frankemanuele/Documents/GitHub/SocialFusion/SocialFusion/Models/TimelineState+Bridge.swift:73:9: error: 'updateUnreadCount' is inaccessible due to 'private' protection level
        updateUnreadCount()
        ^
/Users/frankemanuele/Documents/GitHub/SocialFusion/SocialFusion/Models/TimelineState.swift:341:18: note: 'updateUnreadCount()' declared here
    private func updateUnreadCount() {
                 ^
/Users/frankemanuele/Documents/GitHub/SocialFusion/SocialFusion/Models/TimelineState+Bridge.swift:81:46: error: call to main actor-isolated instance method 'makeTimelineEntries(from:)' in a synchronous nonisolated context
        let timelineEntries = serviceManager.makeTimelineEntries(from: serviceManager.unifiedTimeline)
                                             ^
/Users/frankemanuele/Documents/GitHub/SocialFusion/SocialFusion/Services/SocialServiceManager.swift:1146:10: note: calls to instance method 'makeTimelineEntries(from:)' from outside of its actor context are implicitly asynchronous
    func makeTimelineEntries(from posts: [Post]) -> [TimelineEntry] {
         ^
/Users/frankemanuele/Documents/GitHub/SocialFusion/SocialFusion/Models/TimelineState+Bridge.swift:79:10: note: add '@MainActor' to make instance method 'updateFromServiceManagerWithExistingLogic(_:isRefresh:)' part of global actor 'MainActor'
    func updateFromServiceManagerWithExistingLogic(_ serviceManager: SocialServiceManager, isRefresh: Bool = false) {
         ^
    @MainActor 
/Users/frankemanuele/Documents/GitHub/SocialFusion/SocialFusion/Models/TimelineState+Bridge.swift:81:87: error: main actor-isolated property 'unifiedTimeline' can not be referenced from a nonisolated context
        let timelineEntries = serviceManager.makeTimelineEntries(from: serviceManager.unifiedTimeline)
                                                                                      ^
/Users/frankemanuele/Documents/GitHub/SocialFusion/SocialFusion/Services/SocialServiceManager.swift:115:20: note: property declared here
    @Published var unifiedTimeline: [Post] = []
                   ^
/Users/frankemanuele/Documents/GitHub/SocialFusion/SocialFusion/Models/TimelineState+Bridge.swift:79:10: note: add '@MainActor' to make instance method 'updateFromServiceManagerWithExistingLogic(_:isRefresh:)' part of global actor 'MainActor'
    func updateFromServiceManagerWithExistingLogic(_ serviceManager: SocialServiceManager, isRefresh: Bool = false) {
         ^
    @MainActor 
/Users/frankemanuele/Documents/GitHub/SocialFusion/SocialFusion/Models/TimelineState+Bridge.swift:115:21: error: value of type 'Post' has no member 'parentPost'
            if post.parentPost != nil {
               ~~~~ ^~~~~~~~~~
/Users/frankemanuele/Documents/GitHub/SocialFusion/SocialFusion/Models/TimelineState+Bridge.swift:146:17: error: value of type 'Post' has no member 'parentPost'
        if post.parentPost != nil {
           ~~~~ ^~~~~~~~~~
/Users/frankemanuele/Documents/GitHub/SocialFusion/SocialFusion/Models/TimelineState+Bridge.swift:147:42: error: value of type 'Post' has no member 'parentPost'
            kind = .reply(parentId: post.parentPost?.id ?? "")
                                    ~~~~ ^~~~~~~~~~
/Users/frankemanuele/Documents/GitHub/SocialFusion/SocialFusion/Models/TimelineState+Bridge.swift:148:24: error: value of type 'Post' has no member 'repostedBy'
        } else if post.repostedBy != nil {
                  ~~~~ ^~~~~~~~~~
/Users/frankemanuele/Documents/GitHub/SocialFusion/SocialFusion/Models/TimelineState+Bridge.swift:149:43: error: value of type 'Post' has no member 'repostedBy'
            kind = .boost(boostedBy: post.repostedBy?.displayName ?? "Unknown")
                                     ~~~~ ^~~~~~~~~~
/Users/frankemanuele/Documents/GitHub/SocialFusion/SocialFusion/Models/TimelineState+Bridge.swift:192:54: error: value of type 'Post' has no member 'author'
            print("  - First post: \(firstEntry.post.author.displayName) - \(firstEntry.post.content.prefix(50))...")
                                     ~~~~~~~~~~~~~~~ ^~~~~~

SwiftCompile normal x86_64 /Users/frankemanuele/Documents/GitHub/SocialFusion/SocialFusion/Models/TimelineState+Phase2Verification.swift (in target 'SocialFusion' from project 'SocialFusion')
    cd /Users/frankemanuele/Documents/GitHub/SocialFusion
    
/Users/frankemanuele/Documents/GitHub/SocialFusion/SocialFusion/Models/TimelineState+Phase2Verification.swift:185:28: error: main actor-isolated property 'unifiedTimeline' can not be referenced from a nonisolated context
        if !serviceManager.unifiedTimeline.isEmpty {
                           ^
/Users/frankemanuele/Documents/GitHub/SocialFusion/SocialFusion/Services/SocialServiceManager.swift:115:20: note: property declared here
    @Published var unifiedTimeline: [Post] = []
                   ^
/Users/frankemanuele/Documents/GitHub/SocialFusion/SocialFusion/Models/TimelineState+Phase2Verification.swift:176:10: note: add '@MainActor' to make instance method 'simulateUnifiedTimelineViewFlow(with:)' part of global actor 'MainActor'
    func simulateUnifiedTimelineViewFlow(with serviceManager: SocialServiceManager) -> Bool {
         ^
    @MainActor 

SwiftCompile normal x86_64 /Users/frankemanuele/Documents/GitHub/SocialFusion/SocialFusion/Models/TimelineState+Verification.swift (in target 'SocialFusion' from project 'SocialFusion')
    cd /Users/frankemanuele/Documents/GitHub/SocialFusion
    

SwiftCompile normal x86_64 Compiling\ MediaFullscreenView.swift,\ MediaGridView.swift,\ MigrationControlPanel.swift,\ MigrationTestController.swift,\ MonitoringService.swift,\ NativeYouTubePlayer.swift,\ NetworkConfig.swift,\ NetworkService.swift,\ NotificationName+Extensions.swift,\ OAuthManager.swift,\ ParentPostPreview.swift,\ PerformantLinkPreview.swift,\ PlatformBadge.swift,\ PlatformDot.swift /Users/frankemanuele/Documents/GitHub/SocialFusion/SocialFusion/Views/MediaFullscreenView.swift /Users/frankemanuele/Documents/GitHub/SocialFusion/SocialFusion/Views/Components/MediaGridView.swift /Users/frankemanuele/Documents/GitHub/SocialFusion/SocialFusion/Views/MigrationControlPanel.swift /Users/frankemanuele/Documents/GitHub/SocialFusion/SocialFusion/Controllers/MigrationTestController.swift /Users/frankemanuele/Documents/GitHub/SocialFusion/SocialFusion/Utilities/MonitoringService.swift /Users/frankemanuele/Documents/GitHub/SocialFusion/SocialFusion/Views/Components/NativeYouTubePlayer.swift /Users/frankemanuele/Documents/GitHub/SocialFusion/SocialFusion/Networking/NetworkConfig.swift /Users/frankemanuele/Documents/GitHub/SocialFusion/SocialFusion/Networking/NetworkService.swift /Users/frankemanuele/Documents/GitHub/SocialFusion/SocialFusion/Extensions/NotificationName+Extensions.swift /Users/frankemanuele/Documents/GitHub/SocialFusion/SocialFusion/Services/OAuthManager.swift /Users/frankemanuele/Documents/GitHub/SocialFusion/SocialFusion/Views/Components/ParentPostPreview.swift /Users/frankemanuele/Documents/GitHub/SocialFusion/SocialFusion/Views/Components/PerformantLinkPreview.swift /Users/frankemanuele/Documents/GitHub/SocialFusion/SocialFusion/Views/PlatformBadge.swift /Users/frankemanuele/Documents/GitHub/SocialFusion/SocialFusion/Views/Components/PlatformDot.swift (in target 'SocialFusion' from project 'SocialFusion')

SwiftCompile normal x86_64 /Users/frankemanuele/Documents/GitHub/SocialFusion/SocialFusion/Views/MediaFullscreenView.swift (in target 'SocialFusion' from project 'SocialFusion')
    cd /Users/frankemanuele/Documents/GitHub/SocialFusion
    

SwiftCompile normal x86_64 /Users/frankemanuele/Documents/GitHub/SocialFusion/SocialFusion/Views/Components/MediaGridView.swift (in target 'SocialFusion' from project 'SocialFusion')
    cd /Users/frankemanuele/Documents/GitHub/SocialFusion
    

SwiftCompile normal x86_64 /Users/frankemanuele/Documents/GitHub/SocialFusion/SocialFusion/Views/MigrationControlPanel.swift (in target 'SocialFusion' from project 'SocialFusion')
    cd /Users/frankemanuele/Documents/GitHub/SocialFusion
    

SwiftCompile normal x86_64 /Users/frankemanuele/Documents/GitHub/SocialFusion/SocialFusion/Controllers/MigrationTestController.swift (in target 'SocialFusion' from project 'SocialFusion')
    cd /Users/frankemanuele/Documents/GitHub/SocialFusion
    

SwiftCompile normal x86_64 /Users/frankemanuele/Documents/GitHub/SocialFusion/SocialFusion/Utilities/MonitoringService.swift (in target 'SocialFusion' from project 'SocialFusion')
    cd /Users/frankemanuele/Documents/GitHub/SocialFusion
    

SwiftCompile normal x86_64 /Users/frankemanuele/Documents/GitHub/SocialFusion/SocialFusion/Views/Components/NativeYouTubePlayer.swift (in target 'SocialFusion' from project 'SocialFusion')
    cd /Users/frankemanuele/Documents/GitHub/SocialFusion
    

SwiftCompile normal x86_64 /Users/frankemanuele/Documents/GitHub/SocialFusion/SocialFusion/Networking/NetworkConfig.swift (in target 'SocialFusion' from project 'SocialFusion')
    cd /Users/frankemanuele/Documents/GitHub/SocialFusion
    

SwiftCompile normal x86_64 /Users/frankemanuele/Documents/GitHub/SocialFusion/SocialFusion/Networking/NetworkService.swift (in target 'SocialFusion' from project 'SocialFusion')
    cd /Users/frankemanuele/Documents/GitHub/SocialFusion
    

SwiftCompile normal x86_64 /Users/frankemanuele/Documents/GitHub/SocialFusion/SocialFusion/Extensions/NotificationName+Extensions.swift (in target 'SocialFusion' from project 'SocialFusion')
    cd /Users/frankemanuele/Documents/GitHub/SocialFusion
    

SwiftCompile normal x86_64 /Users/frankemanuele/Documents/GitHub/SocialFusion/SocialFusion/Services/OAuthManager.swift (in target 'SocialFusion' from project 'SocialFusion')
    cd /Users/frankemanuele/Documents/GitHub/SocialFusion
    

SwiftCompile normal x86_64 /Users/frankemanuele/Documents/GitHub/SocialFusion/SocialFusion/Views/Components/ParentPostPreview.swift (in target 'SocialFusion' from project 'SocialFusion')
    cd /Users/frankemanuele/Documents/GitHub/SocialFusion
    

SwiftCompile normal x86_64 /Users/frankemanuele/Documents/GitHub/SocialFusion/SocialFusion/Views/Components/PerformantLinkPreview.swift (in target 'SocialFusion' from project 'SocialFusion')
    cd /Users/frankemanuele/Documents/GitHub/SocialFusion
    

SwiftCompile normal x86_64 /Users/frankemanuele/Documents/GitHub/SocialFusion/SocialFusion/Views/PlatformBadge.swift (in target 'SocialFusion' from project 'SocialFusion')
    cd /Users/frankemanuele/Documents/GitHub/SocialFusion
    

SwiftCompile normal x86_64 /Users/frankemanuele/Documents/GitHub/SocialFusion/SocialFusion/Views/Components/PlatformDot.swift (in target 'SocialFusion' from project 'SocialFusion')
    cd /Users/frankemanuele/Documents/GitHub/SocialFusion
    

SwiftEmitModule normal arm64 Emitting\ module\ for\ SocialFusion (in target 'SocialFusion' from project 'SocialFusion')

