Command line invocation:
    /Applications/Xcode.app/Contents/Developer/usr/bin/xcodebuild -scheme SocialFusion -destination "platform=iOS Simulator,name=iPhone 16 Pro" build

Resolve Package Graph


Resolved source packages:
  SwiftUIX: https://github.com/SwiftUIX/SwiftUIX @ 0.2.4

ComputePackagePrebuildTargetDependencyGraph

Prepare packages

CreateBuildRequest

SendProjectDescription

CreateBuildOperation

ComputeTargetDependencyGraph
note: Building targets in dependency order
note: Target dependency graph (1 target)
    Target 'SocialFusion' in project 'SocialFusion' (no dependencies)

GatherProvisioningInputs

CreateBuildDescription

ExecuteExternalTool /Applications/Xcode.app/Contents/Developer/Toolchains/XcodeDefault.xctoolchain/usr/bin/clang -v -E -dM -isysroot /Applications/Xcode.app/Contents/Developer/Platforms/iPhoneSimulator.platform/Developer/SDKs/iPhoneSimulator18.5.sdk -x c -c /dev/null

ExecuteExternalTool /Applications/Xcode.app/Contents/Developer/usr/bin/actool --print-asset-tag-combinations --output-format xml1 /Users/frankemanuele/Documents/GitHub/SocialFusion/SocialFusion/Assets.xcassets

ExecuteExternalTool /Applications/Xcode.app/Contents/Developer/usr/bin/actool --version --output-format xml1

ExecuteExternalTool /Applications/Xcode.app/Contents/Developer/Toolchains/XcodeDefault.xctoolchain/usr/bin/swiftc --version

ExecuteExternalTool /Applications/Xcode.app/Contents/Developer/Toolchains/XcodeDefault.xctoolchain/usr/bin/ld -version_details

Build description signature: 297f4680de961619860db3045af3e69b
Build description path: /Users/frankemanuele/Library/Developer/Xcode/DerivedData/SocialFusion-dmcylkdxdnugaugctnmrhexeekqr/Build/Intermediates.noindex/XCBuildData/297f4680de961619860db3045af3e69b.xcbuilddata
ClangStatCache /Applications/Xcode.app/Contents/Developer/Toolchains/XcodeDefault.xctoolchain/usr/bin/clang-stat-cache /Applications/Xcode.app/Contents/Developer/Platforms/iPhoneSimulator.platform/Developer/SDKs/iPhoneSimulator18.5.sdk /Users/frankemanuele/Library/Developer/Xcode/DerivedData/SDKStatCaches.noindex/iphonesimulator18.5-22F76-d5fc8ad4295d2ef488fb7d0f804ce0c4.sdkstatcache
    cd /Users/frankemanuele/Documents/GitHub/SocialFusion/SocialFusion.xcodeproj
    /Applications/Xcode.app/Contents/Developer/Toolchains/XcodeDefault.xctoolchain/usr/bin/clang-stat-cache /Applications/Xcode.app/Contents/Developer/Platforms/iPhoneSimulator.platform/Developer/SDKs/iPhoneSimulator18.5.sdk -o /Users/frankemanuele/Library/Developer/Xcode/DerivedData/SDKStatCaches.noindex/iphonesimulator18.5-22F76-d5fc8ad4295d2ef488fb7d0f804ce0c4.sdkstatcache

ProcessProductPackaging "" /Users/frankemanuele/Library/Developer/Xcode/DerivedData/SocialFusion-dmcylkdxdnugaugctnmrhexeekqr/Build/Intermediates.noindex/SocialFusion.build/Debug-iphonesimulator/SocialFusion.build/SocialFusion.app-Simulated.xcent (in target 'SocialFusion' from project 'SocialFusion')
    cd /Users/frankemanuele/Documents/GitHub/SocialFusion
    
    Entitlements:
    
    {
    "application-identifier" = "9XH4G9XR8X.com.socialfusionapp.app";
}
    
    builtin-productPackagingUtility -entitlements -format xml -o /Users/frankemanuele/Library/Developer/Xcode/DerivedData/SocialFusion-dmcylkdxdnugaugctnmrhexeekqr/Build/Intermediates.noindex/SocialFusion.build/Debug-iphonesimulator/SocialFusion.build/SocialFusion.app-Simulated.xcent

ProcessProductPackagingDER /Users/frankemanuele/Library/Developer/Xcode/DerivedData/SocialFusion-dmcylkdxdnugaugctnmrhexeekqr/Build/Intermediates.noindex/SocialFusion.build/Debug-iphonesimulator/SocialFusion.build/SocialFusion.app-Simulated.xcent /Users/frankemanuele/Library/Developer/Xcode/DerivedData/SocialFusion-dmcylkdxdnugaugctnmrhexeekqr/Build/Intermediates.noindex/SocialFusion.build/Debug-iphonesimulator/SocialFusion.build/SocialFusion.app-Simulated.xcent.der (in target 'SocialFusion' from project 'SocialFusion')
    cd /Users/frankemanuele/Documents/GitHub/SocialFusion
    /usr/bin/derq query -f xml -i /Users/frankemanuele/Library/Developer/Xcode/DerivedData/SocialFusion-dmcylkdxdnugaugctnmrhexeekqr/Build/Intermediates.noindex/SocialFusion.build/Debug-iphonesimulator/SocialFusion.build/SocialFusion.app-Simulated.xcent -o /Users/frankemanuele/Library/Developer/Xcode/DerivedData/SocialFusion-dmcylkdxdnugaugctnmrhexeekqr/Build/Intermediates.noindex/SocialFusion.build/Debug-iphonesimulator/SocialFusion.build/SocialFusion.app-Simulated.xcent.der --raw

CompileAssetCatalogVariant thinned /Users/frankemanuele/Library/Developer/Xcode/DerivedData/SocialFusion-dmcylkdxdnugaugctnmrhexeekqr/Build/Products/Debug-iphonesimulator/SocialFusion.app /Users/frankemanuele/Documents/GitHub/SocialFusion/SocialFusion/Assets.xcassets (in target 'SocialFusion' from project 'SocialFusion')
    cd /Users/frankemanuele/Documents/GitHub/SocialFusion
    /Applications/Xcode.app/Contents/Developer/usr/bin/actool /Users/frankemanuele/Documents/GitHub/SocialFusion/SocialFusion/Assets.xcassets --compile /Users/frankemanuele/Library/Developer/Xcode/DerivedData/SocialFusion-dmcylkdxdnugaugctnmrhexeekqr/Build/Intermediates.noindex/SocialFusion.build/Debug-iphonesimulator/SocialFusion.build/assetcatalog_output/thinned --output-format human-readable-text --notices --warnings --export-dependency-info /Users/frankemanuele/Library/Developer/Xcode/DerivedData/SocialFusion-dmcylkdxdnugaugctnmrhexeekqr/Build/Intermediates.noindex/SocialFusion.build/Debug-iphonesimulator/SocialFusion.build/assetcatalog_dependencies_thinned --output-partial-info-plist /Users/frankemanuele/Library/Developer/Xcode/DerivedData/SocialFusion-dmcylkdxdnugaugctnmrhexeekqr/Build/Intermediates.noindex/SocialFusion.build/Debug-iphonesimulator/SocialFusion.build/assetcatalog_generated_info.plist_thinned --app-icon AppIcon --compress-pngs --enable-on-demand-resources YES --filter-for-thinning-device-configuration iPhone17,1 --filter-for-device-os-version 18.5 --development-region en --target-device iphone --target-device ipad --minimum-deployment-target 16.0 --platform iphonesimulator

SwiftDriver SocialFusion normal arm64 com.apple.xcode.tools.swift.compiler (in target 'SocialFusion' from project 'SocialFusion')
    cd /Users/frankemanuele/Documents/GitHub/SocialFusion
    builtin-SwiftDriver -- /Applications/Xcode.app/Contents/Developer/Toolchains/XcodeDefault.xctoolchain/usr/bin/swiftc -module-name SocialFusion -Onone -enforce-exclusivity\=checked @/Users/frankemanuele/Library/Developer/Xcode/DerivedData/SocialFusion-dmcylkdxdnugaugctnmrhexeekqr/Build/Intermediates.noindex/SocialFusion.build/Debug-iphonesimulator/SocialFusion.build/Objects-normal/arm64/SocialFusion.SwiftFileList -DDEBUG -enable-bare-slash-regex -enable-experimental-feature DebugDescriptionMacro -sdk /Applications/Xcode.app/Contents/Developer/Platforms/iPhoneSimulator.platform/Developer/SDKs/iPhoneSimulator18.5.sdk -target arm64-apple-ios16.0-simulator -g -module-cache-path /Users/frankemanuele/Library/Developer/Xcode/DerivedData/ModuleCache.noindex -Xfrontend -serialize-debugging-options -sanitize\=address -enable-testing -index-store-path /Users/frankemanuele/Library/Developer/Xcode/DerivedData/SocialFusion-dmcylkdxdnugaugctnmrhexeekqr/Index.noindex/DataStore -swift-version 5 -I /Users/frankemanuele/Library/Developer/Xcode/DerivedData/SocialFusion-dmcylkdxdnugaugctnmrhexeekqr/Build/Products/Debug-iphonesimulator -F /Users/frankemanuele/Library/Developer/Xcode/DerivedData/SocialFusion-dmcylkdxdnugaugctnmrhexeekqr/Build/Products/Debug-iphonesimulator -c -j12 -enable-batch-mode -incremental -Xcc -ivfsstatcache -Xcc /Users/frankemanuele/Library/Developer/Xcode/DerivedData/SDKStatCaches.noindex/iphonesimulator18.5-22F76-d5fc8ad4295d2ef488fb7d0f804ce0c4.sdkstatcache -output-file-map /Users/frankemanuele/Library/Developer/Xcode/DerivedData/SocialFusion-dmcylkdxdnugaugctnmrhexeekqr/Build/Intermediates.noindex/SocialFusion.build/Debug-iphonesimulator/SocialFusion.build/Objects-normal-asan/arm64/SocialFusion-OutputFileMap.json -use-frontend-parseable-output -save-temps -no-color-diagnostics -serialize-diagnostics -emit-dependencies -emit-module -emit-module-path /Users/frankemanuele/Library/Developer/Xcode/DerivedData/SocialFusion-dmcylkdxdnugaugctnmrhexeekqr/Build/Intermediates.noindex/SocialFusion.build/Debug-iphonesimulator/SocialFusion.build/Objects-normal-asan/arm64/SocialFusion.swiftmodule -validate-clang-modules-once -clang-build-session-file /Users/frankemanuele/Library/Developer/Xcode/DerivedData/ModuleCache.noindex/Session.modulevalidation -Xcc -I/Users/frankemanuele/Library/Developer/Xcode/DerivedData/SocialFusion-dmcylkdxdnugaugctnmrhexeekqr/Build/Intermediates.noindex/SocialFusion.build/Debug-iphonesimulator/SocialFusion.build/swift-overrides.hmap -emit-const-values -Xfrontend -const-gather-protocols-file -Xfrontend /Users/frankemanuele/Library/Developer/Xcode/DerivedData/SocialFusion-dmcylkdxdnugaugctnmrhexeekqr/Build/Intermediates.noindex/SocialFusion.build/Debug-iphonesimulator/SocialFusion.build/Objects-normal-asan/arm64/SocialFusion_const_extract_protocols.json -Xcc -iquote -Xcc /Users/frankemanuele/Library/Developer/Xcode/DerivedData/SocialFusion-dmcylkdxdnugaugctnmrhexeekqr/Build/Intermediates.noindex/SocialFusion.build/Debug-iphonesimulator/SocialFusion.build/SocialFusion-generated-files.hmap -Xcc -I/Users/frankemanuele/Library/Developer/Xcode/DerivedData/SocialFusion-dmcylkdxdnugaugctnmrhexeekqr/Build/Intermediates.noindex/SocialFusion.build/Debug-iphonesimulator/SocialFusion.build/SocialFusion-own-target-headers.hmap -Xcc -I/Users/frankemanuele/Library/Developer/Xcode/DerivedData/SocialFusion-dmcylkdxdnugaugctnmrhexeekqr/Build/Intermediates.noindex/SocialFusion.build/Debug-iphonesimulator/SocialFusion.build/SocialFusion-all-target-headers.hmap -Xcc -iquote -Xcc /Users/frankemanuele/Library/Developer/Xcode/DerivedData/SocialFusion-dmcylkdxdnugaugctnmrhexeekqr/Build/Intermediates.noindex/SocialFusion.build/Debug-iphonesimulator/SocialFusion.build/SocialFusion-project-headers.hmap -Xcc -I/Users/frankemanuele/Library/Developer/Xcode/DerivedData/SocialFusion-dmcylkdxdnugaugctnmrhexeekqr/Build/Products/Debug-iphonesimulator/include -Xcc -I/Users/frankemanuele/Library/Developer/Xcode/DerivedData/SocialFusion-dmcylkdxdnugaugctnmrhexeekqr/Build/Intermediates.noindex/SocialFusion.build/Debug-iphonesimulator/SocialFusion.build/DerivedSources-normal/arm64 -Xcc -I/Users/frankemanuele/Library/Developer/Xcode/DerivedData/SocialFusion-dmcylkdxdnugaugctnmrhexeekqr/Build/Intermediates.noindex/SocialFusion.build/Debug-iphonesimulator/SocialFusion.build/DerivedSources/arm64 -Xcc -I/Users/frankemanuele/Library/Developer/Xcode/DerivedData/SocialFusion-dmcylkdxdnugaugctnmrhexeekqr/Build/Intermediates.noindex/SocialFusion.build/Debug-iphonesimulator/SocialFusion.build/DerivedSources -Xcc -DDEBUG\=1 -emit-objc-header -emit-objc-header-path /Users/frankemanuele/Library/Developer/Xcode/DerivedData/SocialFusion-dmcylkdxdnugaugctnmrhexeekqr/Build/Intermediates.noindex/SocialFusion.build/Debug-iphonesimulator/SocialFusion.build/Objects-normal-asan/arm64/SocialFusion-Swift.h -working-directory /Users/frankemanuele/Documents/GitHub/SocialFusion -experimental-emit-module-separately -disable-cmo

SwiftCompile normal arm64 Compiling\ BlueskyService.swift /Users/frankemanuele/Documents/GitHub/SocialFusion/SocialFusion/Services/BlueskyService.swift (in target 'SocialFusion' from project 'SocialFusion')

SwiftCompile normal arm64 /Users/frankemanuele/Documents/GitHub/SocialFusion/SocialFusion/Services/BlueskyService.swift (in target 'SocialFusion' from project 'SocialFusion')
    cd /Users/frankemanuele/Documents/GitHub/SocialFusion
    
/Users/frankemanuele/Documents/GitHub/SocialFusion/SocialFusion/Services/BlueskyService.swift:939:29: warning: immutable value 'repostIndexedAt' was never used; consider replacing with '_' or removing it
                        let repostIndexedAt = reason["indexedAt"] as? String
                        ~~~~^~~~~~~~~~~~~~~
                        _
/Users/frankemanuele/Documents/GitHub/SocialFusion/SocialFusion/Services/BlueskyService.swift:1106:15: warning: 'catch' block is unreachable because no errors are thrown in 'do' block
            } catch {
              ^
/Users/frankemanuele/Documents/GitHub/SocialFusion/SocialFusion/Services/BlueskyService.swift:1126:13: warning: variable 'attachments' was never mutated; consider changing to 'let' constant
        var attachments: [Post.Attachment] = []
        ~~~ ^
        let

SwiftCompile normal arm64 Compiling\ ComposeView.swift /Users/frankemanuele/Documents/GitHub/SocialFusion/SocialFusion/Views/ComposeView.swift (in target 'SocialFusion' from project 'SocialFusion')
SwiftCompile normal arm64 /Users/frankemanuele/Documents/GitHub/SocialFusion/SocialFusion/Views/ComposeView.swift (in target 'SocialFusion' from project 'SocialFusion')
    cd /Users/frankemanuele/Documents/GitHub/SocialFusion
    

SwiftCompile normal arm64 Compiling\ ExpandingReplyBanner.swift /Users/frankemanuele/Documents/GitHub/SocialFusion/SocialFusion/Views/Components/ExpandingReplyBanner.swift (in target 'SocialFusion' from project 'SocialFusion')

SwiftCompile normal arm64 /Users/frankemanuele/Documents/GitHub/SocialFusion/SocialFusion/Views/Components/ExpandingReplyBanner.swift (in target 'SocialFusion' from project 'SocialFusion')
    cd /Users/frankemanuele/Documents/GitHub/SocialFusion
    

SwiftCompile normal arm64 Compiling\ Post.swift /Users/frankemanuele/Documents/GitHub/SocialFusion/SocialFusion/Models/Post.swift (in target 'SocialFusion' from project 'SocialFusion')

SwiftCompile normal arm64 /Users/frankemanuele/Documents/GitHub/SocialFusion/SocialFusion/Models/Post.swift (in target 'SocialFusion' from project 'SocialFusion')
    cd /Users/frankemanuele/Documents/GitHub/SocialFusion
    

SwiftCompile normal arm64 Compiling\ SocialAccount.swift /Users/frankemanuele/Documents/GitHub/SocialFusion/SocialFusion/Models/SocialAccount.swift (in target 'SocialFusion' from project 'SocialFusion')

SwiftCompile normal arm64 /Users/frankemanuele/Documents/GitHub/SocialFusion/SocialFusion/Models/SocialAccount.swift (in target 'SocialFusion' from project 'SocialFusion')
    cd /Users/frankemanuele/Documents/GitHub/SocialFusion
    
/Users/frankemanuele/Documents/GitHub/SocialFusion/SocialFusion/Models/SocialAccount.swift:493:19: warning: value 'refreshToken' was defined but never used; consider replacing with boolean test
        guard let refreshToken = getRefreshToken() else {
              ~~~~^~~~~~~~~~~~~~~
                                                   != nil
/Users/frankemanuele/Documents/GitHub/SocialFusion/SocialFusion/Models/SocialAccount.swift:524:13: warning: default will never be executed
            default:
            ^

SwiftCompile normal arm64 Compiling\ MastodonService.swift /Users/frankemanuele/Documents/GitHub/SocialFusion/SocialFusion/Services/MastodonService.swift (in target 'SocialFusion' from project 'SocialFusion')

SwiftCompile normal arm64 /Users/frankemanuele/Documents/GitHub/SocialFusion/SocialFusion/Services/MastodonService.swift (in target 'SocialFusion' from project 'SocialFusion')
    cd /Users/frankemanuele/Documents/GitHub/SocialFusion
    
/Users/frankemanuele/Documents/GitHub/SocialFusion/SocialFusion/Services/MastodonService.swift:466:17: warning: capture of 'verifiedAccount' with non-sendable type 'SocialAccount' in a '@Sendable' closure
                verifiedAccount.profileImageURL = avatarURL
                ^
/Users/frankemanuele/Documents/GitHub/SocialFusion/SocialFusion/Models/SocialAccount.swift:226:14: note: class 'SocialAccount' does not conform to the 'Sendable' protocol
public class SocialAccount: Identifiable, Codable, Equatable {
             ^
/Users/frankemanuele/Documents/GitHub/SocialFusion/SocialFusion/Services/MastodonService.swift:1139:66: warning: immutable value 'replyToId' was never used; consider replacing with '_' or removing it
        if let replyToAccountId = status.inReplyToAccountId, let replyToId = status.inReplyToId {
                                                             ~~~~^~~~~~~~~
                                                             _
/Users/frankemanuele/Documents/GitHub/SocialFusion/SocialFusion/Services/MastodonService.swift:1287:16: warning: immutable value 'replyToAccountId' was never used; consider replacing with '_' or removing it
        if let replyToAccountId = status.inReplyToAccountId, let replyToId = status.inReplyToId {
           ~~~~^~~~~~~~~~~~~~~~
           _
/Users/frankemanuele/Documents/GitHub/SocialFusion/SocialFusion/Services/MastodonService.swift:1471:21: warning: capture of 'account' with non-sendable type 'SocialAccount' in a '@Sendable' closure
                    account.profileImageURL = avatarURL
                    ^
/Users/frankemanuele/Documents/GitHub/SocialFusion/SocialFusion/Models/SocialAccount.swift:226:14: note: class 'SocialAccount' does not conform to the 'Sendable' protocol
public class SocialAccount: Identifiable, Codable, Equatable {
             ^
/Users/frankemanuele/Documents/GitHub/SocialFusion/SocialFusion/Services/MastodonService.swift:1723:32: warning: capture of 'finalPost' with non-sendable type 'Post?' in a '@Sendable' closure
                    completion(finalPost)
                               ^
/Users/frankemanuele/Documents/GitHub/SocialFusion/SocialFusion/Models/Post.swift:111:14: note: class 'Post' does not conform to the 'Sendable' protocol
public class Post: ObservableObject, Identifiable, Codable, Equatable {
             ^

SwiftEmitModule normal arm64 Emitting\ module\ for\ SocialFusion (in target 'SocialFusion' from project 'SocialFusion')

EmitSwiftModule normal arm64 (in target 'SocialFusion' from project 'SocialFusion')
    cd /Users/frankemanuele/Documents/GitHub/SocialFusion
    
/Users/frankemanuele/Documents/GitHub/SocialFusion/ViewModels/TimelineViewModel.swift:59:61: warning: main actor-isolated static property 'shared' can not be referenced from a nonisolated context; this is an error in the Swift 6 language mode
    private let socialServiceManager = SocialServiceManager.shared
                                                            ^
/Users/frankemanuele/Documents/GitHub/SocialFusion/SocialFusion/Services/SocialServiceManager.swift:90:16: note: static property declared here
    static let shared = SocialServiceManager()
               ^
/Users/frankemanuele/Library/Developer/Xcode/DerivedData/SocialFusion-dmcylkdxdnugaugctnmrhexeekqr/Build/Intermediates.noindex/SocialFusion.build/Debug-iphonesimulator/SocialFusion.build/DerivedSources/GeneratedAssetSymbols.swift:223:14: warning: The "PrimaryColor" color asset name resolves to a conflicting Color symbol "primary". Try renaming the asset.
    #warning("The \"PrimaryColor\" color asset name resolves to a conflicting Color symbol \"primary\". Try renaming the asset.")
             ^~~~~~~~~~~~~~~~~~~~~~~~~~~~~~~~~~~~~~~~~~~~~~~~~~~~~~~~~~~~~~~~~~~~~~~~~~~~~~~~~~~~~~~~~~~~~~~~~~~~~~~~~~~~~~~~~~~
/Users/frankemanuele/Library/Developer/Xcode/DerivedData/SocialFusion-dmcylkdxdnugaugctnmrhexeekqr/Build/Intermediates.noindex/SocialFusion.build/Debug-iphonesimulator/SocialFusion.build/DerivedSources/GeneratedAssetSymbols.swift:225:14: warning: The "SecondaryColor" color asset name resolves to a conflicting Color symbol "secondary". Try renaming the asset.
    #warning("The \"SecondaryColor\" color asset name resolves to a conflicting Color symbol \"secondary\". Try renaming the asset.")
             ^~~~~~~~~~~~~~~~~~~~~~~~~~~~~~~~~~~~~~~~~~~~~~~~~~~~~~~~~~~~~~~~~~~~~~~~~~~~~~~~~~~~~~~~~~~~~~~~~~~~~~~~~~~~~~~~~~~~~~~

SwiftCompile normal arm64 Compiling\ PostCardView.swift /Users/frankemanuele/Documents/GitHub/SocialFusion/SocialFusion/Views/PostCardView.swift (in target 'SocialFusion' from project 'SocialFusion')
Failed frontend command:
/Applications/Xcode.app/Contents/Developer/Toolchains/XcodeDefault.xctoolchain/usr/bin/swift-frontend -frontend -c /Users/frankemanuele/Documents/GitHub/SocialFusion/SocialFusion/Views/AccountsView.swift /Users/frankemanuele/Documents/GitHub/SocialFusion/SocialFusion/Views/AddAccountView.swift /Users/frankemanuele/Documents/GitHub/SocialFusion/SocialFusion/Utilities/AppVersionManager.swift /Users/frankemanuele/Documents/GitHub/SocialFusion/SocialFusion/Views/Components/UnifiedMediaGridView.swift /Users/frankemanuele/Documents/GitHub/SocialFusion/SocialFusion/Views/Components/QuotePostView.swift /Users/frankemanuele/Documents/GitHub/SocialFusion/SocialFusion/Models/BlueskyModels.swift /Users/frankemanuele/Documents/GitHub/SocialFusion/SocialFusion/Services/BlueskyService.swift /Users/frankemanuele/Documents/GitHub/SocialFusion/SocialFusion/Views/ComposeView.swift /Users/frankemanuele/Documents/GitHub/SocialFusion/SocialFusion/Models/Post+ContentView.swift /Users/frankemanuele/Documents/GitHub/SocialFusion/SocialFusion/ContentView.swift /Users/frankemanuele/Documents/GitHub/SocialFusion/SocialFusion/Utilities/KeychainHelper.swift /Users/frankemanuele/Documents/GitHub/SocialFusion/SocialFusion/Views/Components/PlatformDot.swift /Users/frankemanuele/Documents/GitHub/SocialFusion/SocialFusion/Views/Components/MediaGridView.swift /Users/frankemanuele/Documents/GitHub/SocialFusion/SocialFusion/Views/Components/LinkPreview.swift /Users/frankemanuele/Documents/GitHub/SocialFusion/SocialFusion/Views/Components/ExpandingReplyBanner.swift /Users/frankemanuele/Documents/GitHub/SocialFusion/SocialFusion/Views/Components/FetchQuotePostView.swift /Users/frankemanuele/Documents/GitHub/SocialFusion/SocialFusion/Utilities/PostStore.swift /Users/frankemanuele/Documents/GitHub/SocialFusion/SocialFusion/Views/Components/PostDetailView.swift /Users/frankemanuele/Documents/GitHub/SocialFusion/SocialFusion/Views/Components/ActionBar.swift /Users/frankemanuele/Documents/GitHub/SocialFusion/SocialFusion/Views/Components/ParentPostPreview.swift /Users/frankemanuele/Documents/GitHub/SocialFusion/SocialFusion/Views/Components/FullscreenMediaView.swift /Users/frankemanuele/Documents/GitHub/SocialFusion/SocialFusion/Views/Components/PostAuthorImageView.swift /Users/frankemanuele/Documents/GitHub/SocialFusion/SocialFusion/Models/MastodonModels.swift /Users/frankemanuele/Documents/GitHub/SocialFusion/ViewModels/TimelineViewModel.swift /Users/frankemanuele/Documents/GitHub/SocialFusion/SocialFusion/Services/MastodonService.swift /Users/frankemanuele/Documents/GitHub/SocialFusion/SocialFusion/Models/Post.swift -primary-file /Users/frankemanuele/Documents/GitHub/SocialFusion/SocialFusion/Views/PostCardView.swift /Users/frankemanuele/Documents/GitHub/SocialFusion/SocialFusion/Views/SettingsView.swift /Users/frankemanuele/Documents/GitHub/SocialFusion/SocialFusion/Models/TimelineEntry.swift /Users/frankemanuele/Documents/GitHub/SocialFusion/SocialFusion/Utilities/SocialFusionTimelineDebug.swift /Users/frankemanuele/Documents/GitHub/SocialFusion/SocialFusion/Models/SocialAccount.swift /Users/frankemanuele/Documents/GitHub/SocialFusion/SocialFusion/Utilities/HTMLString.swift /Users/frankemanuele/Documents/GitHub/SocialFusion/SocialFusion/Utilities/LinkDetection.swift /Users/frankemanuele/Documents/GitHub/SocialFusion/SocialFusion/Utilities/ErrorHandler.swift /Users/frankemanuele/Documents/GitHub/SocialFusion/SocialFusion/Utilities/URLService.swift /Users/frankemanuele/Documents/GitHub/SocialFusion/SocialFusion/Utilities/HTMLFormatter.swift /Users/frankemanuele/Documents/GitHub/SocialFusion/SocialFusion/Utilities/TimeFormatters.swift /Users/frankemanuele/Documents/GitHub/SocialFusion/SocialFusion/Utilities/TokenManager.swift /Users/frankemanuele/Documents/GitHub/SocialFusion/SocialFusion/Utilities/Utilities.swift /Users/frankemanuele/Documents/GitHub/SocialFusion/SocialFusion/Utilities/KeychainManager.swift /Users/frankemanuele/Documents/GitHub/SocialFusion/SocialFusion/Utilities/RobotsTxtChecker.swift /Users/frankemanuele/Documents/GitHub/SocialFusion/SocialFusion/SocialFusionApp.swift /Users/frankemanuele/Documents/GitHub/SocialFusion/SocialFusion/Views/Components/LaunchAnimationView.swift /Users/frankemanuele/Documents/GitHub/SocialFusion/SocialFusion/Services/SocialServiceManager.swift /Users/frankemanuele/Documents/GitHub/SocialFusion/SocialFusion/Utilities/DateParser.swift /Users/frankemanuele/Documents/GitHub/SocialFusion/SocialFusion/Views/UnifiedTimelineView.swift /Users/frankemanuele/Library/Developer/Xcode/DerivedData/SocialFusion-dmcylkdxdnugaugctnmrhexeekqr/Build/Intermediates.noindex/SocialFusion.build/Debug-iphonesimulator/SocialFusion.build/DerivedSources/GeneratedAssetSymbols.swift -emit-dependencies-path /Users/frankemanuele/Library/Developer/Xcode/DerivedData/SocialFusion-dmcylkdxdnugaugctnmrhexeekqr/Build/Intermediates.noindex/SocialFusion.build/Debug-iphonesimulator/SocialFusion.build/Objects-normal-asan/arm64/PostCardView.d -emit-const-values-path /Users/frankemanuele/Library/Developer/Xcode/DerivedData/SocialFusion-dmcylkdxdnugaugctnmrhexeekqr/Build/Intermediates.noindex/SocialFusion.build/Debug-iphonesimulator/SocialFusion.build/Objects-normal-asan/arm64/PostCardView.swiftconstvalues -emit-reference-dependencies-path /Users/frankemanuele/Library/Developer/Xcode/DerivedData/SocialFusion-dmcylkdxdnugaugctnmrhexeekqr/Build/Intermediates.noindex/SocialFusion.build/Debug-iphonesimulator/SocialFusion.build/Objects-normal-asan/arm64/PostCardView.swiftdeps -serialize-diagnostics-path /Users/frankemanuele/Library/Developer/Xcode/DerivedData/SocialFusion-dmcylkdxdnugaugctnmrhexeekqr/Build/Intermediates.noindex/SocialFusion.build/Debug-iphonesimulator/SocialFusion.build/Objects-normal-asan/arm64/PostCardView.dia -target arm64-apple-ios16.0-simulator -Xllvm -aarch64-use-tbi -enable-objc-interop -sdk /Applications/Xcode.app/Contents/Developer/Platforms/iPhoneSimulator.platform/Developer/SDKs/iPhoneSimulator18.5.sdk -I /Users/frankemanuele/Library/Developer/Xcode/DerivedData/SocialFusion-dmcylkdxdnugaugctnmrhexeekqr/Build/Products/Debug-iphonesimulator -F /Users/frankemanuele/Library/Developer/Xcode/DerivedData/SocialFusion-dmcylkdxdnugaugctnmrhexeekqr/Build/Products/Debug-iphonesimulator -no-color-diagnostics -enable-testing -g -debug-info-format\=dwarf -dwarf-version\=4 -module-cache-path /Users/frankemanuele/Library/Developer/Xcode/DerivedData/ModuleCache.noindex -sanitize\=address -swift-version 5 -enforce-exclusivity\=checked -Onone -D DEBUG -serialize-debugging-options -const-gather-protocols-file /Users/frankemanuele/Library/Developer/Xcode/DerivedData/SocialFusion-dmcylkdxdnugaugctnmrhexeekqr/Build/Intermediates.noindex/SocialFusion.build/Debug-iphonesimulator/SocialFusion.build/Objects-normal-asan/arm64/SocialFusion_const_extract_protocols.json -enable-experimental-feature DebugDescriptionMacro -enable-bare-slash-regex -empty-abi-descriptor -validate-clang-modules-once -clang-build-session-file /Users/frankemanuele/Library/Developer/Xcode/DerivedData/ModuleCache.noindex/Session.modulevalidation -Xcc -working-directory -Xcc /Users/frankemanuele/Documents/GitHub/SocialFusion -resource-dir /Applications/Xcode.app/Contents/Developer/Toolchains/XcodeDefault.xctoolchain/usr/lib/swift -enable-anonymous-context-mangled-names -file-compilation-dir /Users/frankemanuele/Documents/GitHub/SocialFusion -Xcc -ivfsstatcache -Xcc /Users/frankemanuele/Library/Developer/Xcode/DerivedData/SDKStatCaches.noindex/iphonesimulator18.5-22F76-d5fc8ad4295d2ef488fb7d0f804ce0c4.sdkstatcache -Xcc -I/Users/frankemanuele/Library/Developer/Xcode/DerivedData/SocialFusion-dmcylkdxdnugaugctnmrhexeekqr/Build/Intermediates.noindex/SocialFusion.build/Debug-iphonesimulator/SocialFusion.build/swift-overrides.hmap -Xcc -iquote -Xcc /Users/frankemanuele/Library/Developer/Xcode/DerivedData/SocialFusion-dmcylkdxdnugaugctnmrhexeekqr/Build/Intermediates.noindex/SocialFusion.build/Debug-iphonesimulator/SocialFusion.build/SocialFusion-generated-files.hmap -Xcc -I/Users/frankemanuele/Library/Developer/Xcode/DerivedData/SocialFusion-dmcylkdxdnugaugctnmrhexeekqr/Build/Intermediates.noindex/SocialFusion.build/Debug-iphonesimulator/SocialFusion.build/SocialFusion-own-target-headers.hmap -Xcc -I/Users/frankemanuele/Library/Developer/Xcode/DerivedData/SocialFusion-dmcylkdxdnugaugctnmrhexeekqr/Build/Intermediates.noindex/SocialFusion.build/Debug-iphonesimulator/SocialFusion.build/SocialFusion-all-target-headers.hmap -Xcc -iquote -Xcc /Users/frankemanuele/Library/Developer/Xcode/DerivedData/SocialFusion-dmcylkdxdnugaugctnmrhexeekqr/Build/Intermediates.noindex/SocialFusion.build/Debug-iphonesimulator/SocialFusion.build/SocialFusion-project-headers.hmap -Xcc -I/Users/frankemanuele/Library/Developer/Xcode/DerivedData/SocialFusion-dmcylkdxdnugaugctnmrhexeekqr/Build/Products/Debug-iphonesimulator/include -Xcc -I/Users/frankemanuele/Library/Developer/Xcode/DerivedData/SocialFusion-dmcylkdxdnugaugctnmrhexeekqr/Build/Intermediates.noindex/SocialFusion.build/Debug-iphonesimulator/SocialFusion.build/DerivedSources-normal/arm64 -Xcc -I/Users/frankemanuele/Library/Developer/Xcode/DerivedData/SocialFusion-dmcylkdxdnugaugctnmrhexeekqr/Build/Intermediates.noindex/SocialFusion.build/Debug-iphonesimulator/SocialFusion.build/DerivedSources/arm64 -Xcc -I/Users/frankemanuele/Library/Developer/Xcode/DerivedData/SocialFusion-dmcylkdxdnugaugctnmrhexeekqr/Build/Intermediates.noindex/SocialFusion.build/Debug-iphonesimulator/SocialFusion.build/DerivedSources -Xcc -DDEBUG\=1 -module-name SocialFusion -frontend-parseable-output -disable-clang-spi -target-sdk-version 18.5 -target-sdk-name iphonesimulator18.5 -external-plugin-path /Applications/Xcode.app/Contents/Developer/Platforms/iPhoneOS.platform/Developer/usr/lib/swift/host/plugins\#/Applications/Xcode.app/Contents/Developer/Platforms/iPhoneOS.platform/Developer/usr/bin/swift-plugin-server -external-plugin-path /Applications/Xcode.app/Contents/Developer/Platforms/iPhoneOS.platform/Developer/usr/local/lib/swift/host/plugins\#/Applications/Xcode.app/Contents/Developer/Platforms/iPhoneOS.platform/Developer/usr/bin/swift-plugin-server -in-process-plugin-server-path /Applications/Xcode.app/Contents/Developer/Toolchains/XcodeDefault.xctoolchain/usr/lib/swift/host/libSwiftInProcPluginServer.dylib -plugin-path /Applications/Xcode.app/Contents/Developer/Toolchains/XcodeDefault.xctoolchain/usr/lib/swift/host/plugins -plugin-path /Applications/Xcode.app/Contents/Developer/Toolchains/XcodeDefault.xctoolchain/usr/local/lib/swift/host/plugins -o /Users/frankemanuele/Library/Developer/Xcode/DerivedData/SocialFusion-dmcylkdxdnugaugctnmrhexeekqr/Build/Intermediates.noindex/SocialFusion.build/Debug-iphonesimulator/SocialFusion.build/Objects-normal-asan/arm64/PostCardView.o -index-unit-output-path /SocialFusion.build/Debug-iphonesimulator/SocialFusion.build/Objects-normal-asan/arm64/PostCardView.o -index-store-path /Users/frankemanuele/Library/Developer/Xcode/DerivedData/SocialFusion-dmcylkdxdnugaugctnmrhexeekqr/Index.noindex/DataStore -index-system-modules

SwiftCompile normal arm64 /Users/frankemanuele/Documents/GitHub/SocialFusion/SocialFusion/Views/PostCardView.swift (in target 'SocialFusion' from project 'SocialFusion')
    cd /Users/frankemanuele/Documents/GitHub/SocialFusion
    
/Users/frankemanuele/Documents/GitHub/SocialFusion/SocialFusion/Views/PostCardView.swift:313:52: error: value of type 'PostViewModel' has no dynamic member 'quotedPostViewModel' using key path from root type 'PostViewModel'
            if let quotedPostViewModel = viewModel.quotedPostViewModel {
                                         ~~~~~~~~~ ^~~~~~~~~~~~~~~~~~~
/Users/frankemanuele/Documents/GitHub/SocialFusion/SocialFusion/Views/PostCardView.swift:313:42: error: referencing subscript 'subscript(dynamicMember:)' requires wrapper 'ObservedObject<PostViewModel>.Wrapper'
            if let quotedPostViewModel = viewModel.quotedPostViewModel {
                                         ^
                                         $

SwiftCompile normal arm64 Compiling\ FetchQuotePostView.swift /Users/frankemanuele/Documents/GitHub/SocialFusion/SocialFusion/Views/Components/FetchQuotePostView.swift (in target 'SocialFusion' from project 'SocialFusion')

SwiftCompile normal arm64 /Users/frankemanuele/Documents/GitHub/SocialFusion/SocialFusion/Views/Components/FetchQuotePostView.swift (in target 'SocialFusion' from project 'SocialFusion')
    cd /Users/frankemanuele/Documents/GitHub/SocialFusion
    

SwiftDriverJobDiscovery normal arm64 Compiling SocialAccount.swift (in target 'SocialFusion' from project 'SocialFusion')

SwiftDriverJobDiscovery normal arm64 Compiling ExpandingReplyBanner.swift (in target 'SocialFusion' from project 'SocialFusion')

SwiftDriverJobDiscovery normal arm64 Compiling Post.swift (in target 'SocialFusion' from project 'SocialFusion')

SwiftCompile normal arm64 Compiling\ PlatformDot.swift,\ LinkPreview.swift,\ PostStore.swift /Users/frankemanuele/Documents/GitHub/SocialFusion/SocialFusion/Views/Components/PlatformDot.swift /Users/frankemanuele/Documents/GitHub/SocialFusion/SocialFusion/Views/Components/LinkPreview.swift /Users/frankemanuele/Documents/GitHub/SocialFusion/SocialFusion/Utilities/PostStore.swift (in target 'SocialFusion' from project 'SocialFusion')

SwiftCompile normal arm64 /Users/frankemanuele/Documents/GitHub/SocialFusion/SocialFusion/Views/Components/PlatformDot.swift (in target 'SocialFusion' from project 'SocialFusion')
    cd /Users/frankemanuele/Documents/GitHub/SocialFusion
    

SwiftCompile normal arm64 /Users/frankemanuele/Documents/GitHub/SocialFusion/SocialFusion/Views/Components/LinkPreview.swift (in target 'SocialFusion' from project 'SocialFusion')
    cd /Users/frankemanuele/Documents/GitHub/SocialFusion
    

SwiftCompile normal arm64 /Users/frankemanuele/Documents/GitHub/SocialFusion/SocialFusion/Utilities/PostStore.swift (in target 'SocialFusion' from project 'SocialFusion')
    cd /Users/frankemanuele/Documents/GitHub/SocialFusion
    

SwiftCompile normal arm64 Compiling\ SocialFusionApp.swift,\ LaunchAnimationView.swift,\ SocialServiceManager.swift /Users/frankemanuele/Documents/GitHub/SocialFusion/SocialFusion/SocialFusionApp.swift /Users/frankemanuele/Documents/GitHub/SocialFusion/SocialFusion/Views/Components/LaunchAnimationView.swift /Users/frankemanuele/Documents/GitHub/SocialFusion/SocialFusion/Services/SocialServiceManager.swift (in target 'SocialFusion' from project 'SocialFusion')

SwiftCompile normal arm64 /Users/frankemanuele/Documents/GitHub/SocialFusion/SocialFusion/SocialFusionApp.swift (in target 'SocialFusion' from project 'SocialFusion')
    cd /Users/frankemanuele/Documents/GitHub/SocialFusion
    

SwiftCompile normal arm64 /Users/frankemanuele/Documents/GitHub/SocialFusion/SocialFusion/Views/Components/LaunchAnimationView.swift (in target 'SocialFusion' from project 'SocialFusion')
    cd /Users/frankemanuele/Documents/GitHub/SocialFusion
    

SwiftCompile normal arm64 /Users/frankemanuele/Documents/GitHub/SocialFusion/SocialFusion/Services/SocialServiceManager.swift (in target 'SocialFusion' from project 'SocialFusion')
    cd /Users/frankemanuele/Documents/GitHub/SocialFusion
    

SwiftCompile normal arm64 Compiling\ UnifiedMediaGridView.swift,\ QuotePostView.swift,\ BlueskyModels.swift /Users/frankemanuele/Documents/GitHub/SocialFusion/SocialFusion/Views/Components/UnifiedMediaGridView.swift /Users/frankemanuele/Documents/GitHub/SocialFusion/SocialFusion/Views/Components/QuotePostView.swift /Users/frankemanuele/Documents/GitHub/SocialFusion/SocialFusion/Models/BlueskyModels.swift (in target 'SocialFusion' from project 'SocialFusion')

SwiftCompile normal arm64 /Users/frankemanuele/Documents/GitHub/SocialFusion/SocialFusion/Views/Components/UnifiedMediaGridView.swift (in target 'SocialFusion' from project 'SocialFusion')
    cd /Users/frankemanuele/Documents/GitHub/SocialFusion
    

SwiftCompile normal arm64 /Users/frankemanuele/Documents/GitHub/SocialFusion/SocialFusion/Views/Components/QuotePostView.swift (in target 'SocialFusion' from project 'SocialFusion')
    cd /Users/frankemanuele/Documents/GitHub/SocialFusion
    

SwiftCompile normal arm64 /Users/frankemanuele/Documents/GitHub/SocialFusion/SocialFusion/Models/BlueskyModels.swift (in target 'SocialFusion' from project 'SocialFusion')
    cd /Users/frankemanuele/Documents/GitHub/SocialFusion
    

SwiftCompile normal arm64 Compiling\ PostDetailView.swift,\ ActionBar.swift,\ ParentPostPreview.swift /Users/frankemanuele/Documents/GitHub/SocialFusion/SocialFusion/Views/Components/PostDetailView.swift /Users/frankemanuele/Documents/GitHub/SocialFusion/SocialFusion/Views/Components/ActionBar.swift /Users/frankemanuele/Documents/GitHub/SocialFusion/SocialFusion/Views/Components/ParentPostPreview.swift (in target 'SocialFusion' from project 'SocialFusion')

SwiftCompile normal arm64 /Users/frankemanuele/Documents/GitHub/SocialFusion/SocialFusion/Views/Components/PostDetailView.swift (in target 'SocialFusion' from project 'SocialFusion')
    cd /Users/frankemanuele/Documents/GitHub/SocialFusion
    

SwiftCompile normal arm64 /Users/frankemanuele/Documents/GitHub/SocialFusion/SocialFusion/Views/Components/ActionBar.swift (in target 'SocialFusion' from project 'SocialFusion')
    cd /Users/frankemanuele/Documents/GitHub/SocialFusion
    

SwiftCompile normal arm64 /Users/frankemanuele/Documents/GitHub/SocialFusion/SocialFusion/Views/Components/ParentPostPreview.swift (in target 'SocialFusion' from project 'SocialFusion')
    cd /Users/frankemanuele/Documents/GitHub/SocialFusion
    

SwiftCompile normal arm64 Compiling\ Post+ContentView.swift,\ ContentView.swift,\ KeychainHelper.swift /Users/frankemanuele/Documents/GitHub/SocialFusion/SocialFusion/Models/Post+ContentView.swift /Users/frankemanuele/Documents/GitHub/SocialFusion/SocialFusion/ContentView.swift /Users/frankemanuele/Documents/GitHub/SocialFusion/SocialFusion/Utilities/KeychainHelper.swift (in target 'SocialFusion' from project 'SocialFusion')

SwiftCompile normal arm64 /Users/frankemanuele/Documents/GitHub/SocialFusion/SocialFusion/Models/Post+ContentView.swift (in target 'SocialFusion' from project 'SocialFusion')
    cd /Users/frankemanuele/Documents/GitHub/SocialFusion
    

SwiftCompile normal arm64 /Users/frankemanuele/Documents/GitHub/SocialFusion/SocialFusion/ContentView.swift (in target 'SocialFusion' from project 'SocialFusion')
    cd /Users/frankemanuele/Documents/GitHub/SocialFusion
    

SwiftCompile normal arm64 /Users/frankemanuele/Documents/GitHub/SocialFusion/SocialFusion/Utilities/KeychainHelper.swift (in target 'SocialFusion' from project 'SocialFusion')
    cd /Users/frankemanuele/Documents/GitHub/SocialFusion
    

SwiftCompile normal arm64 Compiling\ AccountsView.swift,\ AddAccountView.swift,\ AppVersionManager.swift /Users/frankemanuele/Documents/GitHub/SocialFusion/SocialFusion/Views/AccountsView.swift /Users/frankemanuele/Documents/GitHub/SocialFusion/SocialFusion/Views/AddAccountView.swift /Users/frankemanuele/Documents/GitHub/SocialFusion/SocialFusion/Utilities/AppVersionManager.swift (in target 'SocialFusion' from project 'SocialFusion')

SwiftCompile normal arm64 /Users/frankemanuele/Documents/GitHub/SocialFusion/SocialFusion/Views/AccountsView.swift (in target 'SocialFusion' from project 'SocialFusion')
    cd /Users/frankemanuele/Documents/GitHub/SocialFusion
    

SwiftCompile normal arm64 /Users/frankemanuele/Documents/GitHub/SocialFusion/SocialFusion/Views/AddAccountView.swift (in target 'SocialFusion' from project 'SocialFusion')
    cd /Users/frankemanuele/Documents/GitHub/SocialFusion
    

SwiftCompile normal arm64 /Users/frankemanuele/Documents/GitHub/SocialFusion/SocialFusion/Utilities/AppVersionManager.swift (in target 'SocialFusion' from project 'SocialFusion')
    cd /Users/frankemanuele/Documents/GitHub/SocialFusion
    

SwiftDriverJobDiscovery normal arm64 Compiling MastodonService.swift (in target 'SocialFusion' from project 'SocialFusion')

SwiftCompile normal arm64 Compiling\ TimeFormatters.swift /Users/frankemanuele/Documents/GitHub/SocialFusion/SocialFusion/Utilities/TimeFormatters.swift (in target 'SocialFusion' from project 'SocialFusion')

SwiftCompile normal arm64 /Users/frankemanuele/Documents/GitHub/SocialFusion/SocialFusion/Utilities/TimeFormatters.swift (in target 'SocialFusion' from project 'SocialFusion')
    cd /Users/frankemanuele/Documents/GitHub/SocialFusion
    

SwiftDriverJobDiscovery normal arm64 Compiling BlueskyService.swift (in target 'SocialFusion' from project 'SocialFusion')

SwiftCompile normal arm64 Compiling\ DateParser.swift,\ UnifiedTimelineView.swift,\ GeneratedAssetSymbols.swift /Users/frankemanuele/Documents/GitHub/SocialFusion/SocialFusion/Utilities/DateParser.swift /Users/frankemanuele/Documents/GitHub/SocialFusion/SocialFusion/Views/UnifiedTimelineView.swift /Users/frankemanuele/Library/Developer/Xcode/DerivedData/SocialFusion-dmcylkdxdnugaugctnmrhexeekqr/Build/Intermediates.noindex/SocialFusion.build/Debug-iphonesimulator/SocialFusion.build/DerivedSources/GeneratedAssetSymbols.swift (in target 'SocialFusion' from project 'SocialFusion')

SwiftCompile normal arm64 /Users/frankemanuele/Documents/GitHub/SocialFusion/SocialFusion/Utilities/DateParser.swift (in target 'SocialFusion' from project 'SocialFusion')
    cd /Users/frankemanuele/Documents/GitHub/SocialFusion
    

SwiftCompile normal arm64 /Users/frankemanuele/Documents/GitHub/SocialFusion/SocialFusion/Views/UnifiedTimelineView.swift (in target 'SocialFusion' from project 'SocialFusion')
    cd /Users/frankemanuele/Documents/GitHub/SocialFusion
    

SwiftCompile normal arm64 /Users/frankemanuele/Library/Developer/Xcode/DerivedData/SocialFusion-dmcylkdxdnugaugctnmrhexeekqr/Build/Intermediates.noindex/SocialFusion.build/Debug-iphonesimulator/SocialFusion.build/DerivedSources/GeneratedAssetSymbols.swift (in target 'SocialFusion' from project 'SocialFusion')
    cd /Users/frankemanuele/Documents/GitHub/SocialFusion
    

SwiftCompile normal arm64 Compiling\ FullscreenMediaView.swift,\ PostAuthorImageView.swift,\ MastodonModels.swift /Users/frankemanuele/Documents/GitHub/SocialFusion/SocialFusion/Views/Components/FullscreenMediaView.swift /Users/frankemanuele/Documents/GitHub/SocialFusion/SocialFusion/Views/Components/PostAuthorImageView.swift /Users/frankemanuele/Documents/GitHub/SocialFusion/SocialFusion/Models/MastodonModels.swift (in target 'SocialFusion' from project 'SocialFusion')

SwiftCompile normal arm64 /Users/frankemanuele/Documents/GitHub/SocialFusion/SocialFusion/Views/Components/FullscreenMediaView.swift (in target 'SocialFusion' from project 'SocialFusion')
    cd /Users/frankemanuele/Documents/GitHub/SocialFusion
    

SwiftCompile normal arm64 /Users/frankemanuele/Documents/GitHub/SocialFusion/SocialFusion/Views/Components/PostAuthorImageView.swift (in target 'SocialFusion' from project 'SocialFusion')
    cd /Users/frankemanuele/Documents/GitHub/SocialFusion
    

SwiftCompile normal arm64 /Users/frankemanuele/Documents/GitHub/SocialFusion/SocialFusion/Models/MastodonModels.swift (in target 'SocialFusion' from project 'SocialFusion')
    cd /Users/frankemanuele/Documents/GitHub/SocialFusion
    

SwiftDriverJobDiscovery normal arm64 Compiling TimeFormatters.swift (in target 'SocialFusion' from project 'SocialFusion')

SwiftCompile normal arm64 Compiling\ ErrorHandler.swift,\ URLService.swift,\ HTMLFormatter.swift /Users/frankemanuele/Documents/GitHub/SocialFusion/SocialFusion/Utilities/ErrorHandler.swift /Users/frankemanuele/Documents/GitHub/SocialFusion/SocialFusion/Utilities/URLService.swift /Users/frankemanuele/Documents/GitHub/SocialFusion/SocialFusion/Utilities/HTMLFormatter.swift (in target 'SocialFusion' from project 'SocialFusion')
Command SwiftCompile failed with a nonzero exit code

warning: Skipping duplicate build file in Compile Sources build phase: /Users/frankemanuele/Documents/GitHub/SocialFusion/SocialFusion/Views/Components/UnifiedMediaGridView.swift (in target 'SocialFusion' from project 'SocialFusion')
