Command line invocation:
    /Applications/Xcode-beta.app/Contents/Developer/usr/bin/xcodebuild -scheme SocialFusion -project /Users/frankemanuele/Documents/GitHub/SocialFusion/SocialFusion.xcodeproj -configuration Debug clean build

CreateBuildRequest

SendProjectDescription

CreateBuildOperation

** CLEAN SUCCEEDED **

ComputePackagePrebuildTargetDependencyGraph

Prepare packages

CreateBuildRequest

SendProjectDescription

CreateBuildOperation

ComputeTargetDependencyGraph
note: Building targets in dependency order
note: Target dependency graph (1 target)
    Target 'SocialFusion' in project 'SocialFusion' (no dependencies)

GatherProvisioningInputs

CreateBuildDescription

ExecuteExternalTool /Applications/Xcode-beta.app/Contents/Developer/Toolchains/XcodeDefault.xctoolchain/usr/bin/clang -v -E -dM -isysroot /Applications/Xcode-beta.app/Contents/Developer/Platforms/iPhoneOS.platform/Developer/SDKs/iPhoneOS26.0.sdk -x c -c /dev/null

ExecuteExternalTool /Applications/Xcode-beta.app/Contents/Developer/usr/bin/ibtool --version --output-format xml1

ExecuteExternalTool /Applications/Xcode-beta.app/Contents/Developer/usr/bin/actool --print-asset-tag-combinations --output-format xml1 /Users/frankemanuele/Documents/GitHub/SocialFusion/SocialFusion/AppIcon.icon /Users/frankemanuele/Documents/GitHub/SocialFusion/SocialFusion/Assets.xcassets

ExecuteExternalTool /Applications/Xcode-beta.app/Contents/Developer/usr/bin/actool --version --output-format xml1

ExecuteExternalTool /Applications/Xcode-beta.app/Contents/Developer/Toolchains/XcodeDefault.xctoolchain/usr/bin/swiftc --version

ExecuteExternalTool /Applications/Xcode-beta.app/Contents/Developer/Toolchains/XcodeDefault.xctoolchain/usr/bin/ld -version_details

Build description signature: 46f573f29e2a9879a4056cf8deeaddba
Build description path: /Users/frankemanuele/Library/Developer/Xcode/DerivedData/SocialFusion-dmcylkdxdnugaugctnmrhexeekqr/Build/Intermediates.noindex/XCBuildData/46f573f29e2a9879a4056cf8deeaddba.xcbuilddata
/Users/frankemanuele/Documents/GitHub/SocialFusion/SocialFusion.xcodeproj: error: No profiles for 'com.emanueledigital.socialfusion' were found: Xcode couldn't find any iOS App Development provisioning profiles matching 'com.emanueledigital.socialfusion'. Automatic signing is disabled and unable to generate a profile. To enable automatic signing, pass -allowProvisioningUpdates to xcodebuild. (in target 'SocialFusion' from project 'SocialFusion')
warning: Traditional headermap style is no longer supported; please migrate to using separate headermaps and set 'ALWAYS_SEARCH_USER_PATHS' to NO. (in target 'SocialFusion' from project 'SocialFusion')
