Command line invocation:
    /Applications/Xcode-beta.app/Contents/Developer/usr/bin/xcodebuild -scheme SocialFusion -project /Users/frankemanuele/Documents/GitHub/SocialFusion/SocialFusion.xcodeproj -configuration Debug -destination "generic/platform=iOS Simulator" build

ComputePackagePrebuildTargetDependencyGraph

Prepare packages

CreateBuildRequest

SendProjectDescription

CreateBuildOperation

ComputeTargetDependencyGraph
note: Building targets in dependency order
note: Target dependency graph (1 target)
    Target 'SocialFusion' in project 'SocialFusion' (no dependencies)

GatherProvisioningInputs

CreateBuildDescription

ClangStatCache /Applications/Xcode-beta.app/Contents/Developer/Toolchains/XcodeDefault.xctoolchain/usr/bin/clang-stat-cache /Applications/Xcode-beta.app/Contents/Developer/Platforms/iPhoneSimulator.platform/Developer/SDKs/iPhoneSimulator26.0.sdk /Users/frankemanuele/Library/Developer/Xcode/DerivedData/SDKStatCaches.noindex/iphonesimulator26.0-23A5260k-fc862078e33f881139a9d2f83bd1a9d0.sdkstatcache
    cd /Users/frankemanuele/Documents/GitHub/SocialFusion/SocialFusion.xcodeproj
    /Applications/Xcode-beta.app/Contents/Developer/Toolchains/XcodeDefault.xctoolchain/usr/bin/clang-stat-cache /Applications/Xcode-beta.app/Contents/Developer/Platforms/iPhoneSimulator.platform/Developer/SDKs/iPhoneSimulator26.0.sdk -o /Users/frankemanuele/Library/Developer/Xcode/DerivedData/SDKStatCaches.noindex/iphonesimulator26.0-23A5260k-fc862078e33f881139a9d2f83bd1a9d0.sdkstatcache

warning: Traditional headermap style is no longer supported; please migrate to using separate headermaps and set 'ALWAYS_SEARCH_USER_PATHS' to NO. (in target 'SocialFusion' from project 'SocialFusion')
SwiftDriver SocialFusion normal arm64 com.apple.xcode.tools.swift.compiler (in target 'SocialFusion' from project 'SocialFusion')
    cd /Users/frankemanuele/Documents/GitHub/SocialFusion
    builtin-SwiftDriver -- /Applications/Xcode-beta.app/Contents/Developer/Toolchains/XcodeDefault.xctoolchain/usr/bin/swiftc -module-name SocialFusion -O -enforce-exclusivity\=checked @/Users/frankemanuele/Library/Developer/Xcode/DerivedData/SocialFusion-dmcylkdxdnugaugctnmrhexeekqr/Build/Intermediates.noindex/SocialFusion.build/Debug-iphonesimulator/SocialFusion.build/Objects-normal/arm64/SocialFusion.SwiftFileList -enable-bare-slash-regex -enable-experimental-feature DebugDescriptionMacro -sdk /Applications/Xcode-beta.app/Contents/Developer/Platforms/iPhoneSimulator.platform/Developer/SDKs/iPhoneSimulator26.0.sdk -target arm64-apple-ios16.0-simulator -g -module-cache-path /Users/frankemanuele/Library/Developer/Xcode/DerivedData/ModuleCache.noindex -Xfrontend -serialize-debugging-options -swift-version 5 -I /Users/frankemanuele/Library/Developer/Xcode/DerivedData/SocialFusion-dmcylkdxdnugaugctnmrhexeekqr/Build/Products/Debug-iphonesimulator -F /Users/frankemanuele/Library/Developer/Xcode/DerivedData/SocialFusion-dmcylkdxdnugaugctnmrhexeekqr/Build/Products/Debug-iphonesimulator -c -j10 -enable-batch-mode -incremental -Xcc -ivfsstatcache -Xcc /Users/frankemanuele/Library/Developer/Xcode/DerivedData/SDKStatCaches.noindex/iphonesimulator26.0-23A5260k-fc862078e33f881139a9d2f83bd1a9d0.sdkstatcache -output-file-map /Users/frankemanuele/Library/Developer/Xcode/DerivedData/SocialFusion-dmcylkdxdnugaugctnmrhexeekqr/Build/Intermediates.noindex/SocialFusion.build/Debug-iphonesimulator/SocialFusion.build/Objects-normal/arm64/SocialFusion-OutputFileMap.json -use-frontend-parseable-output -save-temps -no-color-diagnostics -explicit-module-build -module-cache-path /Users/frankemanuele/Library/Developer/Xcode/DerivedData/SocialFusion-dmcylkdxdnugaugctnmrhexeekqr/Build/Intermediates.noindex/SwiftExplicitPrecompiledModules -clang-scanner-module-cache-path /Users/frankemanuele/Library/Developer/Xcode/DerivedData/ModuleCache.noindex -sdk-module-cache-path /Users/frankemanuele/Library/Developer/Xcode/DerivedData/ModuleCache.noindex -serialize-diagnostics -emit-dependencies -emit-module -emit-module-path /Users/frankemanuele/Library/Developer/Xcode/DerivedData/SocialFusion-dmcylkdxdnugaugctnmrhexeekqr/Build/Intermediates.noindex/SocialFusion.build/Debug-iphonesimulator/SocialFusion.build/Objects-normal/arm64/SocialFusion.swiftmodule -validate-clang-modules-once -clang-build-session-file /Users/frankemanuele/Library/Developer/Xcode/DerivedData/ModuleCache.noindex/Session.modulevalidation -Xcc -I/Users/frankemanuele/Library/Developer/Xcode/DerivedData/SocialFusion-dmcylkdxdnugaugctnmrhexeekqr/Build/Intermediates.noindex/SocialFusion.build/Debug-iphonesimulator/SocialFusion.build/swift-overrides.hmap -emit-const-values -Xfrontend -const-gather-protocols-file -Xfrontend /Users/frankemanuele/Library/Developer/Xcode/DerivedData/SocialFusion-dmcylkdxdnugaugctnmrhexeekqr/Build/Intermediates.noindex/SocialFusion.build/Debug-iphonesimulator/SocialFusion.build/Objects-normal/arm64/SocialFusion_const_extract_protocols.json -Xcc -iquote -Xcc /Users/frankemanuele/Library/Developer/Xcode/DerivedData/SocialFusion-dmcylkdxdnugaugctnmrhexeekqr/Build/Intermediates.noindex/SocialFusion.build/Debug-iphonesimulator/SocialFusion.build/SocialFusion-generated-files.hmap -Xcc -I/Users/frankemanuele/Library/Developer/Xcode/DerivedData/SocialFusion-dmcylkdxdnugaugctnmrhexeekqr/Build/Intermediates.noindex/SocialFusion.build/Debug-iphonesimulator/SocialFusion.build/SocialFusion-own-target-headers.hmap -Xcc -I/Users/frankemanuele/Library/Developer/Xcode/DerivedData/SocialFusion-dmcylkdxdnugaugctnmrhexeekqr/Build/Intermediates.noindex/SocialFusion.build/Debug-iphonesimulator/SocialFusion.build/SocialFusion-all-target-headers.hmap -Xcc -iquote -Xcc /Users/frankemanuele/Library/Developer/Xcode/DerivedData/SocialFusion-dmcylkdxdnugaugctnmrhexeekqr/Build/Intermediates.noindex/SocialFusion.build/Debug-iphonesimulator/SocialFusion.build/SocialFusion-project-headers.hmap -Xcc -I/Users/frankemanuele/Library/Developer/Xcode/DerivedData/SocialFusion-dmcylkdxdnugaugctnmrhexeekqr/Build/Products/Debug-iphonesimulator/include -Xcc -I/Users/frankemanuele/Library/Developer/Xcode/DerivedData/SocialFusion-dmcylkdxdnugaugctnmrhexeekqr/Build/Intermediates.noindex/SocialFusion.build/Debug-iphonesimulator/SocialFusion.build/DerivedSources-normal/arm64 -Xcc -I/Users/frankemanuele/Library/Developer/Xcode/DerivedData/SocialFusion-dmcylkdxdnugaugctnmrhexeekqr/Build/Intermediates.noindex/SocialFusion.build/Debug-iphonesimulator/SocialFusion.build/DerivedSources/arm64 -Xcc -I/Users/frankemanuele/Library/Developer/Xcode/DerivedData/SocialFusion-dmcylkdxdnugaugctnmrhexeekqr/Build/Intermediates.noindex/SocialFusion.build/Debug-iphonesimulator/SocialFusion.build/DerivedSources -emit-objc-header -emit-objc-header-path /Users/frankemanuele/Library/Developer/Xcode/DerivedData/SocialFusion-dmcylkdxdnugaugctnmrhexeekqr/Build/Intermediates.noindex/SocialFusion.build/Debug-iphonesimulator/SocialFusion.build/Objects-normal/arm64/SocialFusion-Swift.h -working-directory /Users/frankemanuele/Documents/GitHub/SocialFusion -experimental-emit-module-separately -disable-cmo

SwiftDriver SocialFusion normal x86_64 com.apple.xcode.tools.swift.compiler (in target 'SocialFusion' from project 'SocialFusion')
    cd /Users/frankemanuele/Documents/GitHub/SocialFusion
    builtin-SwiftDriver -- /Applications/Xcode-beta.app/Contents/Developer/Toolchains/XcodeDefault.xctoolchain/usr/bin/swiftc -module-name SocialFusion -O -enforce-exclusivity\=checked @/Users/frankemanuele/Library/Developer/Xcode/DerivedData/SocialFusion-dmcylkdxdnugaugctnmrhexeekqr/Build/Intermediates.noindex/SocialFusion.build/Debug-iphonesimulator/SocialFusion.build/Objects-normal/x86_64/SocialFusion.SwiftFileList -enable-bare-slash-regex -enable-experimental-feature DebugDescriptionMacro -sdk /Applications/Xcode-beta.app/Contents/Developer/Platforms/iPhoneSimulator.platform/Developer/SDKs/iPhoneSimulator26.0.sdk -target x86_64-apple-ios16.0-simulator -g -module-cache-path /Users/frankemanuele/Library/Developer/Xcode/DerivedData/ModuleCache.noindex -Xfrontend -serialize-debugging-options -swift-version 5 -I /Users/frankemanuele/Library/Developer/Xcode/DerivedData/SocialFusion-dmcylkdxdnugaugctnmrhexeekqr/Build/Products/Debug-iphonesimulator -F /Users/frankemanuele/Library/Developer/Xcode/DerivedData/SocialFusion-dmcylkdxdnugaugctnmrhexeekqr/Build/Products/Debug-iphonesimulator -c -j10 -enable-batch-mode -incremental -Xcc -ivfsstatcache -Xcc /Users/frankemanuele/Library/Developer/Xcode/DerivedData/SDKStatCaches.noindex/iphonesimulator26.0-23A5260k-fc862078e33f881139a9d2f83bd1a9d0.sdkstatcache -output-file-map /Users/frankemanuele/Library/Developer/Xcode/DerivedData/SocialFusion-dmcylkdxdnugaugctnmrhexeekqr/Build/Intermediates.noindex/SocialFusion.build/Debug-iphonesimulator/SocialFusion.build/Objects-normal/x86_64/SocialFusion-OutputFileMap.json -use-frontend-parseable-output -save-temps -no-color-diagnostics -explicit-module-build -module-cache-path /Users/frankemanuele/Library/Developer/Xcode/DerivedData/SocialFusion-dmcylkdxdnugaugctnmrhexeekqr/Build/Intermediates.noindex/SwiftExplicitPrecompiledModules -clang-scanner-module-cache-path /Users/frankemanuele/Library/Developer/Xcode/DerivedData/ModuleCache.noindex -sdk-module-cache-path /Users/frankemanuele/Library/Developer/Xcode/DerivedData/ModuleCache.noindex -serialize-diagnostics -emit-dependencies -emit-module -emit-module-path /Users/frankemanuele/Library/Developer/Xcode/DerivedData/SocialFusion-dmcylkdxdnugaugctnmrhexeekqr/Build/Intermediates.noindex/SocialFusion.build/Debug-iphonesimulator/SocialFusion.build/Objects-normal/x86_64/SocialFusion.swiftmodule -validate-clang-modules-once -clang-build-session-file /Users/frankemanuele/Library/Developer/Xcode/DerivedData/ModuleCache.noindex/Session.modulevalidation -Xcc -I/Users/frankemanuele/Library/Developer/Xcode/DerivedData/SocialFusion-dmcylkdxdnugaugctnmrhexeekqr/Build/Intermediates.noindex/SocialFusion.build/Debug-iphonesimulator/SocialFusion.build/swift-overrides.hmap -emit-const-values -Xfrontend -const-gather-protocols-file -Xfrontend /Users/frankemanuele/Library/Developer/Xcode/DerivedData/SocialFusion-dmcylkdxdnugaugctnmrhexeekqr/Build/Intermediates.noindex/SocialFusion.build/Debug-iphonesimulator/SocialFusion.build/Objects-normal/x86_64/SocialFusion_const_extract_protocols.json -Xcc -iquote -Xcc /Users/frankemanuele/Library/Developer/Xcode/DerivedData/SocialFusion-dmcylkdxdnugaugctnmrhexeekqr/Build/Intermediates.noindex/SocialFusion.build/Debug-iphonesimulator/SocialFusion.build/SocialFusion-generated-files.hmap -Xcc -I/Users/frankemanuele/Library/Developer/Xcode/DerivedData/SocialFusion-dmcylkdxdnugaugctnmrhexeekqr/Build/Intermediates.noindex/SocialFusion.build/Debug-iphonesimulator/SocialFusion.build/SocialFusion-own-target-headers.hmap -Xcc -I/Users/frankemanuele/Library/Developer/Xcode/DerivedData/SocialFusion-dmcylkdxdnugaugctnmrhexeekqr/Build/Intermediates.noindex/SocialFusion.build/Debug-iphonesimulator/SocialFusion.build/SocialFusion-all-target-headers.hmap -Xcc -iquote -Xcc /Users/frankemanuele/Library/Developer/Xcode/DerivedData/SocialFusion-dmcylkdxdnugaugctnmrhexeekqr/Build/Intermediates.noindex/SocialFusion.build/Debug-iphonesimulator/SocialFusion.build/SocialFusion-project-headers.hmap -Xcc -I/Users/frankemanuele/Library/Developer/Xcode/DerivedData/SocialFusion-dmcylkdxdnugaugctnmrhexeekqr/Build/Products/Debug-iphonesimulator/include -Xcc -I/Users/frankemanuele/Library/Developer/Xcode/DerivedData/SocialFusion-dmcylkdxdnugaugctnmrhexeekqr/Build/Intermediates.noindex/SocialFusion.build/Debug-iphonesimulator/SocialFusion.build/DerivedSources-normal/x86_64 -Xcc -I/Users/frankemanuele/Library/Developer/Xcode/DerivedData/SocialFusion-dmcylkdxdnugaugctnmrhexeekqr/Build/Intermediates.noindex/SocialFusion.build/Debug-iphonesimulator/SocialFusion.build/DerivedSources/x86_64 -Xcc -I/Users/frankemanuele/Library/Developer/Xcode/DerivedData/SocialFusion-dmcylkdxdnugaugctnmrhexeekqr/Build/Intermediates.noindex/SocialFusion.build/Debug-iphonesimulator/SocialFusion.build/DerivedSources -emit-objc-header -emit-objc-header-path /Users/frankemanuele/Library/Developer/Xcode/DerivedData/SocialFusion-dmcylkdxdnugaugctnmrhexeekqr/Build/Intermediates.noindex/SocialFusion.build/Debug-iphonesimulator/SocialFusion.build/Objects-normal/x86_64/SocialFusion-Swift.h -working-directory /Users/frankemanuele/Documents/GitHub/SocialFusion -experimental-emit-module-separately -disable-cmo

SwiftExplicitDependencyGeneratePcm x86_64 /Users/frankemanuele/Library/Developer/Xcode/DerivedData/ModuleCache.noindex/WebKit-31VVIL52W9755E70A2RAPMYPS.pcm

SwiftExplicitDependencyGeneratePcm x86_64 /Users/frankemanuele/Library/Developer/Xcode/DerivedData/ModuleCache.noindex/MediaPlayer-4F2UULJFMET11HXWU2QIZSEE5.pcm

SwiftExplicitDependencyGeneratePcm x86_64 /Users/frankemanuele/Library/Developer/Xcode/DerivedData/ModuleCache.noindex/SafariServices-8WJ2P1JOFQAYJX11QZQ92K8MQ.pcm

SwiftExplicitDependencyGeneratePcm x86_64 /Users/frankemanuele/Library/Developer/Xcode/DerivedData/ModuleCache.noindex/AVKit-AYQI49GHY7MDKZYQQKBARORXC.pcm

SwiftExplicitDependencyGeneratePcm x86_64 /Users/frankemanuele/Library/Developer/Xcode/DerivedData/ModuleCache.noindex/SwiftUI-B2DMETKJPG36B7DS1HDV3GWGT.pcm

SwiftExplicitDependencyGeneratePcm x86_64 /Users/frankemanuele/Library/Developer/Xcode/DerivedData/ModuleCache.noindex/LinkPresentation-7T6TT274JX2ZKDWDJWTO66U99.pcm

SwiftExplicitDependencyGeneratePcm x86_64 /Users/frankemanuele/Library/Developer/Xcode/DerivedData/ModuleCache.noindex/AuthenticationServices-609IP0TV4Q4BEODFKIR4RB2KG.pcm

SwiftEmitModule normal arm64 Emitting\ module\ for\ SocialFusion (in target 'SocialFusion' from project 'SocialFusion')
EmitSwiftModule normal arm64 (in target 'SocialFusion' from project 'SocialFusion')
    cd /Users/frankemanuele/Documents/GitHub/SocialFusion
    
/Users/frankemanuele/Documents/GitHub/SocialFusion/SocialFusion/Views/Components/LinkPreviewSelector.swift:111:6: warning: previewLayout is ignored in a #Preview macro. Use the `traits` argument of the macro to provide the desired layout, e.g. `.sizeThatFitsLayout. (from macro 'Preview')
    .previewLayout(.sizeThatFits)
     ^
/Users/frankemanuele/Documents/GitHub/SocialFusion/SocialFusion/Views/Components/AnimatedGIFView.swift:48:17: error: invalid redeclaration of 'animatedImageWithData'
    static func animatedImageWithData(_ data: Data) -> UIImage? {
                ^
/Users/frankemanuele/Documents/GitHub/SocialFusion/SocialFusion/Views/Components/SmartMediaView.swift:416:17: note: 'animatedImageWithData' previously declared here
    static func animatedImageWithData(_ data: Data) -> UIImage? {
                ^
/Users/frankemanuele/Documents/GitHub/SocialFusion/SocialFusion/Views/Components/SmartMediaView.swift:416:17: note: 'animatedImageWithData' previously declared here
    static func animatedImageWithData(_ data: Data) -> UIImage? {
                ^
/Users/frankemanuele/Documents/GitHub/SocialFusion/SocialFusion/Views/AsyncImageFromProvider.swift:7:24: error: cannot find type 'LPImageProvider' in scope
    let imageProvider: LPImageProvider
                       ^~~~~~~~~~~~~~~
/Users/frankemanuele/Documents/GitHub/SocialFusion/SocialFusion/Components/AsyncLoader.swift:106:1: error: no type for 'EmptyContent' can satisfy both 'EmptyContent == EmptyStateView' and 'EmptyContent : View'
extension AsyncLoader where EmptyContent == EmptyStateView {
^
/Users/frankemanuele/Documents/GitHub/SocialFusion/SocialFusion/Components/AsyncLoader.swift:127:1: error: no type for 'EmptyContent' can satisfy both 'EmptyContent == EmptyStateView' and 'EmptyContent : View'
extension AsyncLoader where T: Collection, EmptyContent == EmptyStateView {
^
/Users/frankemanuele/Documents/GitHub/SocialFusion/SocialFusion/Services/BlueskyAPIClient.swift:351:16: error: invalid redeclaration of 'BlueskyTimelineResponse'
private struct BlueskyTimelineResponse: Codable {
               ^
/Users/frankemanuele/Documents/GitHub/SocialFusion/SocialFusion/Models/BlueskyModels.swift:223:8: note: 'BlueskyTimelineResponse' previously declared here
struct BlueskyTimelineResponse: Codable {
       ^
/Users/frankemanuele/Documents/GitHub/SocialFusion/SocialFusion/Models/BlueskyModels.swift:223:8: note: 'BlueskyTimelineResponse' previously declared here
struct BlueskyTimelineResponse: Codable {
       ^
/Users/frankemanuele/Documents/GitHub/SocialFusion/SocialFusion/Services/BlueskyAPIClient.swift:360:13: error: invalid redeclaration of 'BlueskyError'
public enum BlueskyError: Error {
            ^
/Users/frankemanuele/Documents/GitHub/SocialFusion/SocialFusion/Models/BlueskyModels.swift:213:8: note: 'BlueskyError' previously declared here
struct BlueskyError: Codable, Error {
       ^
/Users/frankemanuele/Documents/GitHub/SocialFusion/SocialFusion/Models/BlueskyModels.swift:213:8: note: 'BlueskyError' previously declared here
struct BlueskyError: Codable, Error {
       ^
/Users/frankemanuele/Documents/GitHub/SocialFusion/SocialFusion/Models/BlueskyPost.swift:37:20: error: value type 'BlueskyPost.BlueskyRecord' cannot have a stored property that recursively contains it
        public let embed: BlueskyEmbed?
                   ^
/Users/frankemanuele/Documents/GitHub/SocialFusion/SocialFusion/Models/BlueskyPost.swift:37:20: note: cycle beginning here: BlueskyPost.BlueskyEmbed? -> (some(_:): BlueskyPost.BlueskyEmbed) -> (recordWithMedia: BlueskyPost.BlueskyRecordWithMedia?) -> (some(_:): BlueskyPost.BlueskyRecordWithMedia) -> (record: BlueskyPost.BlueskyRecord)
        public let embed: BlueskyEmbed?
                   ^
/Users/frankemanuele/Documents/GitHub/SocialFusion/SocialFusion/Models/BlueskyPost.swift:55:20: error: value type 'BlueskyPost.BlueskyEmbed' cannot have a stored property that recursively contains it
        public let recordWithMedia: BlueskyRecordWithMedia?
                   ^
/Users/frankemanuele/Documents/GitHub/SocialFusion/SocialFusion/Models/BlueskyPost.swift:55:20: note: cycle beginning here: BlueskyPost.BlueskyRecordWithMedia? -> (some(_:): BlueskyPost.BlueskyRecordWithMedia) -> (media: BlueskyPost.BlueskyEmbed)
        public let recordWithMedia: BlueskyRecordWithMedia?
                   ^
/Users/frankemanuele/Documents/GitHub/SocialFusion/SocialFusion/Models/BlueskyPost.swift:73:20: error: value type 'BlueskyPost.BlueskyRecordWithMedia' cannot have a stored property that recursively contains it
        public let media: BlueskyEmbed
                   ^
/Users/frankemanuele/Documents/GitHub/SocialFusion/SocialFusion/Models/BlueskyPost.swift:73:20: note: cycle beginning here: BlueskyPost.BlueskyEmbed -> (recordWithMedia: BlueskyPost.BlueskyRecordWithMedia?) -> (some(_:): BlueskyPost.BlueskyRecordWithMedia)
        public let media: BlueskyEmbed
                   ^
/Users/frankemanuele/Documents/GitHub/SocialFusion/SocialFusion/Models/BlueskyPost.swift:4:15: error: value type 'BlueskyPost' has infinite size
public struct BlueskyPost: Codable, Identifiable {
              ^
/Users/frankemanuele/Documents/GitHub/SocialFusion/SocialFusion/Models/BlueskyPost.swift:11:16: note: cycle beginning here: BlueskyPost.BlueskyEmbed? -> (some(_:): BlueskyPost.BlueskyEmbed) -> (recordWithMedia: BlueskyPost.BlueskyRecordWithMedia?) -> (some(_:): BlueskyPost.BlueskyRecordWithMedia) -> (media: BlueskyPost.BlueskyEmbed)
    public let embed: BlueskyEmbed?
               ^
/Users/frankemanuele/Documents/GitHub/SocialFusion/SocialFusion/Components/LoadingState.swift:12:34: error: cannot find type 'View' in scope
struct LoadingStateView<Content: View, EmptyContent: View>: View {
                                 ^~~~
/Users/frankemanuele/Documents/GitHub/SocialFusion/SocialFusion/Components/LoadingState.swift:12:54: error: cannot find type 'View' in scope
struct LoadingStateView<Content: View, EmptyContent: View>: View {
                                                     ^~~~
/Users/frankemanuele/Documents/GitHub/SocialFusion/SocialFusion/Components/LoadingState.swift:17:20: error: cannot find type 'View' in scope
    var body: some View {
                   ^~~~
/Users/frankemanuele/Documents/GitHub/SocialFusion/SocialFusion/Components/LoadingState.swift:12:61: error: cannot find type 'View' in scope
struct LoadingStateView<Content: View, EmptyContent: View>: View {
                                                            ^~~~
/Users/frankemanuele/Documents/GitHub/SocialFusion/SocialFusion/Components/LoadingState.swift:51:20: error: cannot find type 'View' in scope
    var body: some View {
                   ^~~~
/Users/frankemanuele/Documents/GitHub/SocialFusion/SocialFusion/Components/LoadingState.swift:47:24: error: cannot find type 'View' in scope
struct EmptyStateView: View {
                       ^~~~
/Users/frankemanuele/Documents/GitHub/SocialFusion/SocialFusion/Components/LoadingState.swift:68:5: error: cannot find 'VStack' in scope
    VStack(spacing: 20) {
    ^~~~~~
/Users/frankemanuele/Documents/GitHub/SocialFusion/SocialFusion/Components/LoadingState.swift:71:25: error: cannot find 'Color' in scope
            .background(Color(.systemGroupedBackground))
                        ^~~~~
/Users/frankemanuele/Documents/GitHub/SocialFusion/SocialFusion/Components/LoadingState.swift:80:21: error: cannot find 'Color' in scope
        .background(Color(.systemGroupedBackground))
                    ^~~~~
/Users/frankemanuele/Documents/GitHub/SocialFusion/SocialFusion/Components/LoadingState.swift:89:21: error: cannot find 'Color' in scope
        .background(Color(.systemGroupedBackground))
                    ^~~~~
/Users/frankemanuele/Documents/GitHub/SocialFusion/SocialFusion/Components/LoadingState.swift:67:2: error: no macro named 'Preview'
#Preview {
 ^~~~~~~
/Users/frankemanuele/Documents/GitHub/SocialFusion/SocialFusion/Models/MastodonModels.swift:94:17: error: 'MastodonReblog' is ambiguous for type lookup in this context
    let reblog: MastodonReblog?
                ^~~~~~~~~~~~~~
/Users/frankemanuele/Documents/GitHub/SocialFusion/SocialFusion/Models/MastodonModels.swift:164:11: note: found this candidate
typealias MastodonReblog = MastodonStatus
          ^
/Users/frankemanuele/Documents/GitHub/SocialFusion/SocialFusion/Models/MastodonPost.swift:77:15: note: found this candidate
public struct MastodonReblog: Codable {
              ^
/Users/frankemanuele/Documents/GitHub/SocialFusion/SocialFusion/Models/MastodonModels.swift:76:7: error: type 'MastodonStatus' does not conform to protocol 'Decodable'
class MastodonStatus: Codable {
      ^
Swift.Decodable.init:2:1: note: protocol requires initializer 'init(from:)' with type 'Decodable'
init(from decoder: any Decoder) throws}
^
/Users/frankemanuele/Documents/GitHub/SocialFusion/SocialFusion/Models/MastodonModels.swift:94:9: note: cannot automatically synthesize 'Decodable' because 'MastodonReblog?' does not conform to 'Decodable'
    let reblog: MastodonReblog?
        ^
/Users/frankemanuele/Documents/GitHub/SocialFusion/SocialFusion/Models/MastodonModels.swift:76:7: error: type 'MastodonStatus' does not conform to protocol 'Encodable'
class MastodonStatus: Codable {
      ^
Swift.Encodable.encode:2:6: note: protocol requires function 'encode(to:)' with type 'Encodable'
func encode(to encoder: any Encoder) throws}
     ^
/Users/frankemanuele/Documents/GitHub/SocialFusion/SocialFusion/Models/MastodonModels.swift:94:9: note: cannot automatically synthesize 'Encodable' because 'MastodonReblog?' does not conform to 'Encodable'
    let reblog: MastodonReblog?
        ^
/Users/frankemanuele/Documents/GitHub/SocialFusion/SocialFusion/Models/MastodonModels.swift:118:17: error: 'MastodonReblog' is ambiguous for type lookup in this context
        reblog: MastodonReblog?,
                ^~~~~~~~~~~~~~
/Users/frankemanuele/Documents/GitHub/SocialFusion/SocialFusion/Models/MastodonModels.swift:164:11: note: found this candidate
typealias MastodonReblog = MastodonStatus
          ^
/Users/frankemanuele/Documents/GitHub/SocialFusion/SocialFusion/Models/MastodonPost.swift:77:15: note: found this candidate
public struct MastodonReblog: Codable {
              ^
/Users/frankemanuele/Documents/GitHub/SocialFusion/SocialFusion/Models/MastodonModels.swift:164:11: error: invalid redeclaration of 'MastodonReblog'
typealias MastodonReblog = MastodonStatus
          ^
/Users/frankemanuele/Documents/GitHub/SocialFusion/SocialFusion/Models/MastodonPost.swift:77:15: note: 'MastodonReblog' previously declared here
public struct MastodonReblog: Codable {
              ^
/Users/frankemanuele/Documents/GitHub/SocialFusion/SocialFusion/Models/MastodonPost.swift:77:15: note: 'MastodonReblog' previously declared here
public struct MastodonReblog: Codable {
              ^
/Users/frankemanuele/Documents/GitHub/SocialFusion/SocialFusion/Models/MastodonPost.swift:4:15: error: type 'MastodonPost' does not conform to protocol 'Decodable'
public struct MastodonPost: Codable, Identifiable {
              ^
Swift.Decodable.init:2:1: note: protocol requires initializer 'init(from:)' with type 'Decodable'
init(from decoder: any Decoder) throws}
^
/Users/frankemanuele/Documents/GitHub/SocialFusion/SocialFusion/Models/MastodonPost.swift:26:16: note: cannot automatically synthesize 'Decodable' because 'MastodonReblog?' does not conform to 'Decodable'
    public let reblog: MastodonReblog?
               ^
/Users/frankemanuele/Documents/GitHub/SocialFusion/SocialFusion/Models/MastodonPost.swift:4:15: error: type 'MastodonPost' does not conform to protocol 'Encodable'
public struct MastodonPost: Codable, Identifiable {
              ^
Swift.Encodable.encode:2:6: note: protocol requires function 'encode(to:)' with type 'Encodable'
func encode(to encoder: any Encoder) throws}
     ^
/Users/frankemanuele/Documents/GitHub/SocialFusion/SocialFusion/Models/MastodonPost.swift:26:16: note: cannot automatically synthesize 'Encodable' because 'MastodonReblog?' does not conform to 'Encodable'
    public let reblog: MastodonReblog?
               ^
/Users/frankemanuele/Documents/GitHub/SocialFusion/SocialFusion/Views/MigrationControlPanel.swift:458:8: error: invalid redeclaration of 'MigrationTestView'
struct MigrationTestView: View {
       ^
/Users/frankemanuele/Documents/GitHub/SocialFusion/SocialFusion/Controllers/MigrationTestController.swift:224:8: note: 'MigrationTestView' previously declared here
struct MigrationTestView: View {
       ^
/Users/frankemanuele/Documents/GitHub/SocialFusion/SocialFusion/Controllers/MigrationTestController.swift:224:8: note: 'MigrationTestView' previously declared here
struct MigrationTestView: View {
       ^
/Users/frankemanuele/Documents/GitHub/SocialFusion/SocialFusion/Utilities/MonitoringService.swift:257:11: error: cannot find type 'View' in scope
extension View {
          ^~~~
/Users/frankemanuele/Documents/GitHub/SocialFusion/SocialFusion/ViewModels/TimelineViewModel.swift:64:62: error: call to main actor-isolated initializer 'init()' in a synchronous nonisolated context
    public init(socialServiceManager: SocialServiceManager = SocialServiceManager()) {
                                                             ^
/Users/frankemanuele/Documents/GitHub/SocialFusion/SocialFusion/Services/SocialServiceManager.swift:155:12: note: calls to initializer 'init()' from outside of its actor context are implicitly asynchronous
    public init() {
           ^

Failed frontend command:
/Applications/Xcode-beta.app/Contents/Developer/Toolchains/XcodeDefault.xctoolchain/usr/bin/swift-frontend -frontend -emit-module -experimental-skip-non-inlinable-function-bodies-without-types /Users/frankemanuele/Documents/GitHub/SocialFusion/SocialFusion/Services/AccountManager.swift /Users/frankemanuele/Documents/GitHub/SocialFusion/SocialFusion/Views/AccountPickerView.swift /Users/frankemanuele/Documents/GitHub/SocialFusion/SocialFusion/Services/AccountService.swift /Users/frankemanuele/Documents/GitHub/SocialFusion/SocialFusion/Views/AccountTimelineView.swift /Users/frankemanuele/Documents/GitHub/SocialFusion/SocialFusion/Views/AccountsView.swift /Users/frankemanuele/Documents/GitHub/SocialFusion/SocialFusion/Views/Components/ActionBar.swift /Users/frankemanuele/Documents/GitHub/SocialFusion/SocialFusion/Views/AddAccountView.swift /Users/frankemanuele/Documents/GitHub/SocialFusion/SocialFusion/Views/Components/AnimatedGIFView.swift /Users/frankemanuele/Documents/GitHub/SocialFusion/SocialFusion/Utilities/AppVersionManager.swift /Users/frankemanuele/Documents/GitHub/SocialFusion/SocialFusion/Views/AsyncImageFromProvider.swift /Users/frankemanuele/Documents/GitHub/SocialFusion/SocialFusion/Components/AsyncLoader.swift /Users/frankemanuele/Documents/GitHub/SocialFusion/SocialFusion/Views/Components/AudioPlayerView.swift /Users/frankemanuele/Documents/GitHub/SocialFusion/SocialFusion/Views/AuthWebView.swift /Users/frankemanuele/Documents/GitHub/SocialFusion/SocialFusion/Services/AutomaticTokenRefreshService.swift /Users/frankemanuele/Documents/GitHub/SocialFusion/SocialFusion/Services/BlueskyAPIClient.swift /Users/frankemanuele/Documents/GitHub/SocialFusion/SocialFusion/Models/BlueskyModels.swift /Users/frankemanuele/Documents/GitHub/SocialFusion/SocialFusion/Models/BlueskyPost.swift /Users/frankemanuele/Documents/GitHub/SocialFusion/SocialFusion/Services/BlueskyService.swift /Users/frankemanuele/Documents/GitHub/SocialFusion/SocialFusion/Services/BlueskyThreadResolver.swift /Users/frankemanuele/Documents/GitHub/SocialFusion/SocialFusion/Views/Components/BoostBanner.swift /Users/frankemanuele/Documents/GitHub/SocialFusion/SocialFusion/Views/Components/CachedAsyncImage.swift /Users/frankemanuele/Documents/GitHub/SocialFusion/SocialFusion/Extensions/Color+Theme.swift /Users/frankemanuele/Documents/GitHub/SocialFusion/SocialFusion/Views/ComposeView.swift /Users/frankemanuele/Documents/GitHub/SocialFusion/SocialFusion/Networking/ConnectionManager.swift /Users/frankemanuele/Documents/GitHub/SocialFusion/SocialFusion/Views/ConsolidatedTimelineView.swift /Users/frankemanuele/Documents/GitHub/SocialFusion/SocialFusion/ContentView.swift /Users/frankemanuele/Documents/GitHub/SocialFusion/SocialFusion/Utilities/DateParser.swift /Users/frankemanuele/Documents/GitHub/SocialFusion/SocialFusion/Views/DebugBlueskyView.swift /Users/frankemanuele/Documents/GitHub/SocialFusion/SocialFusion/Views/DebugOptionsView.swift /Users/frankemanuele/Documents/GitHub/SocialFusion/SocialFusion/Views/DirectTokenEntryView.swift /Users/frankemanuele/Documents/GitHub/SocialFusion/SocialFusion/Utilities/ErrorHandler.swift /Users/frankemanuele/Documents/GitHub/SocialFusion/SocialFusion/Views/Components/ExpandingReplyBanner.swift /Users/frankemanuele/Documents/GitHub/SocialFusion/SocialFusion/Utilities/FeatureFlagManager.swift /Users/frankemanuele/Documents/GitHub/SocialFusion/SocialFusion/Utilities/FeatureFlags.swift /Users/frankemanuele/Documents/GitHub/SocialFusion/SocialFusion/Views/Components/FetchQuotePostView.swift /Users/frankemanuele/Documents/GitHub/SocialFusion/SocialFusion/Views/Components/GIFUnfurlContainer.swift /Users/frankemanuele/Documents/GitHub/SocialFusion/SocialFusion/Services/GIFUnfurlingService.swift /Users/frankemanuele/Documents/GitHub/SocialFusion/SocialFusion/Controllers/GradualMigrationManager.swift /Users/frankemanuele/Documents/GitHub/SocialFusion/SocialFusion/Utilities/HTMLFormatter.swift /Users/frankemanuele/Documents/GitHub/SocialFusion/SocialFusion/Utilities/HTMLString.swift /Users/frankemanuele/Documents/GitHub/SocialFusion/SocialFusion/Utilities/KeychainHelper.swift /Users/frankemanuele/Documents/GitHub/SocialFusion/SocialFusion/Utilities/KeychainManager.swift /Users/frankemanuele/Documents/GitHub/SocialFusion/SocialFusion/Services/KeychainService.swift /Users/frankemanuele/Documents/GitHub/SocialFusion/SocialFusion/Views/Components/LaunchAnimationView.swift /Users/frankemanuele/Documents/GitHub/SocialFusion/SocialFusion/Utilities/LinkDetection.swift /Users/frankemanuele/Documents/GitHub/SocialFusion/SocialFusion/Views/Components/LinkPreview.swift /Users/frankemanuele/Documents/GitHub/SocialFusion/SocialFusion/Models/LinkPreviewCache.swift /Users/frankemanuele/Documents/GitHub/SocialFusion/SocialFusion/Views/Components/LinkPreviewSelector.swift /Users/frankemanuele/Documents/GitHub/SocialFusion/SocialFusion/Views/Components/LiquidGlassComponents.swift /Users/frankemanuele/Documents/GitHub/SocialFusion/SocialFusion/Views/Components/LiquidGlassConfiguration.swift /Users/frankemanuele/Documents/GitHub/SocialFusion/SocialFusion/Components/LoadingState.swift /Users/frankemanuele/Documents/GitHub/SocialFusion/SocialFusion/Services/MastodonAPIClient.swift /Users/frankemanuele/Documents/GitHub/SocialFusion/SocialFusion/Models/MastodonModels.swift /Users/frankemanuele/Documents/GitHub/SocialFusion/SocialFusion/Models/MastodonPost.swift /Users/frankemanuele/Documents/GitHub/SocialFusion/SocialFusion/Services/MastodonService.swift /Users/frankemanuele/Documents/GitHub/SocialFusion/SocialFusion/Models/MediaAttachment.swift /Users/frankemanuele/Documents/GitHub/SocialFusion/SocialFusion/Views/MediaFullscreenView.swift /Users/frankemanuele/Documents/GitHub/SocialFusion/SocialFusion/Views/Components/MediaGridView.swift /Users/frankemanuele/Documents/GitHub/SocialFusion/SocialFusion/Views/MigrationControlPanel.swift /Users/frankemanuele/Documents/GitHub/SocialFusion/SocialFusion/Controllers/MigrationTestController.swift /Users/frankemanuele/Documents/GitHub/SocialFusion/SocialFusion/Utilities/MonitoringService.swift /Users/frankemanuele/Documents/GitHub/SocialFusion/SocialFusion/Views/Components/NativeYouTubePlayer.swift /Users/frankemanuele/Documents/GitHub/SocialFusion/SocialFusion/Networking/NetworkConfig.swift /Users/frankemanuele/Documents/GitHub/SocialFusion/SocialFusion/Networking/NetworkService.swift /Users/frankemanuele/Documents/GitHub/SocialFusion/SocialFusion/Extensions/NotificationName+Extensions.swift /Users/frankemanuele/Documents/GitHub/SocialFusion/SocialFusion/Services/OAuthManager.swift /Users/frankemanuele/Documents/GitHub/SocialFusion/SocialFusion/Views/Components/ParentPostPreview.swift /Users/frankemanuele/Documents/GitHub/SocialFusion/SocialFusion/Views/Components/PerformantLinkPreview.swift /Users/frankemanuele/Documents/GitHub/SocialFusion/SocialFusion/Views/PlatformBadge.swift /Users/frankemanuele/Documents/GitHub/SocialFusion/SocialFusion/Views/Components/PlatformDot.swift /Users/frankemanuele/Documents/GitHub/SocialFusion/SocialFusion/Views/Components/PlatformLogoBadge.swift /Users/frankemanuele/Documents/GitHub/SocialFusion/SocialFusion/Models/Post+ContentView.swift /Users/frankemanuele/Documents/GitHub/SocialFusion/SocialFusion/Models/Post.swift /Users/frankemanuele/Documents/GitHub/SocialFusion/SocialFusion/Views/Components/PostActionBar.swift /Users/frankemanuele/Documents/GitHub/SocialFusion/SocialFusion/Views/Components/PostAuthorImageView.swift /Users/frankemanuele/Documents/GitHub/SocialFusion/SocialFusion/Views/Components/PostAuthorView.swift /Users/frankemanuele/Documents/GitHub/SocialFusion/SocialFusion/Views/Components/PostAvatar.swift /Users/frankemanuele/Documents/GitHub/SocialFusion/SocialFusion/Views/Components/PostCardView.swift /Users/frankemanuele/Documents/GitHub/SocialFusion/SocialFusion/Views/Components/PostComposerTopBar.swift /Users/frankemanuele/Documents/GitHub/SocialFusion/SocialFusion/Views/Components/PostContent.swift /Users/frankemanuele/Documents/GitHub/SocialFusion/SocialFusion/Views/Components/PostDetailView.swift /Users/frankemanuele/Documents/GitHub/SocialFusion/SocialFusion/Views/Components/PostDivider.swift /Users/frankemanuele/Documents/GitHub/SocialFusion/SocialFusion/Views/Components/PostLikeButton.swift /Users/frankemanuele/Documents/GitHub/SocialFusion/SocialFusion/Views/Components/PostLinkPreview.swift /Users/frankemanuele/Documents/GitHub/SocialFusion/SocialFusion/Views/Components/PostMenu.swift /Users/frankemanuele/Documents/GitHub/SocialFusion/SocialFusion/Views/Components/PostMetrics.swift /Users/frankemanuele/Documents/GitHub/SocialFusion/SocialFusion/Views/Components/PostNavigationEnvironment.swift /Users/frankemanuele/Documents/GitHub/SocialFusion/SocialFusion/Models/PostNormalizer.swift /Users/frankemanuele/Documents/GitHub/SocialFusion/SocialFusion/Services/PostNormalizerImpl.swift /Users/frankemanuele/Documents/GitHub/SocialFusion/SocialFusion/Views/Components/PostPlatformBadge.swift /Users/frankemanuele/Documents/GitHub/SocialFusion/SocialFusion/Views/Components/PostPollView.swift /Users/frankemanuele/Documents/GitHub/SocialFusion/SocialFusion/Views/Components/PostReplyButton.swift /Users/frankemanuele/Documents/GitHub/SocialFusion/SocialFusion/Views/Components/PostRepostButton.swift /Users/frankemanuele/Documents/GitHub/SocialFusion/SocialFusion/Views/Components/PostShareButton.swift /Users/frankemanuele/Documents/GitHub/SocialFusion/SocialFusion/Utilities/PostStore.swift /Users/frankemanuele/Documents/GitHub/SocialFusion/SocialFusion/Views/Components/PostTimestamp.swift /Users/frankemanuele/Documents/GitHub/SocialFusion/SocialFusion/ViewModels/PostViewModel.swift /Users/frankemanuele/Documents/GitHub/SocialFusion/SocialFusion/Models/PreviewLinkSelection.swift /Users/frankemanuele/Documents/GitHub/SocialFusion/SocialFusion/Views/ProfileImageView.swift /Users/frankemanuele/Documents/GitHub/SocialFusion/SocialFusion/Views/Components/QuotePostView.swift /Users/frankemanuele/Documents/GitHub/SocialFusion/SocialFusion/Views/Components/ReliableScrollView.swift /Users/frankemanuele/Documents/GitHub/SocialFusion/SocialFusion/Utilities/RobotsTxtChecker.swift /Users/frankemanuele/Documents/GitHub/SocialFusion/SocialFusion/Views/SettingsView.swift /Users/frankemanuele/Documents/GitHub/SocialFusion/SocialFusion/Views/Components/SmartMediaView.swift /Users/frankemanuele/Documents/GitHub/SocialFusion/SocialFusion/State/SmartPositionManager.swift /Users/frankemanuele/Documents/GitHub/SocialFusion/SocialFusion/Models/SocialAccount.swift /Users/frankemanuele/Documents/GitHub/SocialFusion/SocialFusion/SocialFusionApp.swift /Users/frankemanuele/Documents/GitHub/SocialFusion/SocialFusion/Utilities/SocialFusionTimelineDebug.swift /Users/frankemanuele/Documents/GitHub/SocialFusion/SocialFusion/Models/SocialModels.swift /Users/frankemanuele/Documents/GitHub/SocialFusion/SocialFusion/Models/SocialPlatform.swift /Users/frankemanuele/Documents/GitHub/SocialFusion/SocialFusion/Services/SocialServiceManager.swift /Users/frankemanuele/Documents/GitHub/SocialFusion/SocialFusion/Views/Components/StabilizedAsyncImage.swift /Users/frankemanuele/Documents/GitHub/SocialFusion/SocialFusion/Views/Components/StabilizedLinkPreview.swift /Users/frankemanuele/Documents/GitHub/SocialFusion/SocialFusion/Extensions/String+HTML.swift /Users/frankemanuele/Documents/GitHub/SocialFusion/SocialFusion/TestPlayground.swift /Users/frankemanuele/Documents/GitHub/SocialFusion/SocialFusion/Views/TestingView.swift /Users/frankemanuele/Documents/GitHub/SocialFusion/SocialFusion/Extensions/Text+HTML.swift /Users/frankemanuele/Documents/GitHub/SocialFusion/SocialFusion/Utilities/TimeFormatters.swift /Users/frankemanuele/Documents/GitHub/SocialFusion/SocialFusion/Views/Components/TimelineCard.swift /Users/frankemanuele/Documents/GitHub/SocialFusion/SocialFusion/State/TimelineConfiguration.swift /Users/frankemanuele/Documents/GitHub/SocialFusion/SocialFusion/Controllers/TimelineController.swift /Users/frankemanuele/Documents/GitHub/SocialFusion/SocialFusion/Models/TimelineEntry.swift /Users/frankemanuele/Documents/GitHub/SocialFusion/SocialFusion/Models/TimelineState+Bridge.swift /Users/frankemanuele/Documents/GitHub/SocialFusion/SocialFusion/Models/TimelineState+Phase2Verification.swift /Users/frankemanuele/Documents/GitHub/SocialFusion/SocialFusion/Models/TimelineState+Verification.swift /Users/frankemanuele/Documents/GitHub/SocialFusion/SocialFusion/Models/TimelineState.swift /Users/frankemanuele/Documents/GitHub/SocialFusion/SocialFusion/ViewModels/TimelineViewModel.swift /Users/frankemanuele/Documents/GitHub/SocialFusion/SocialFusion/Utilities/TokenManager.swift /Users/frankemanuele/Documents/GitHub/SocialFusion/SocialFusion/Utilities/URLService.swift /Users/frankemanuele/Documents/GitHub/SocialFusion/SocialFusion/Views/UnifiedAccountsIcon.swift /Users/frankemanuele/Documents/GitHub/SocialFusion/SocialFusion/Views/Components/UnifiedMediaGridView.swift /Users/frankemanuele/Documents/GitHub/SocialFusion/SocialFusion/Stores/UnifiedPostStore.swift /Users/frankemanuele/Documents/GitHub/SocialFusion/SocialFusion/Controllers/UnifiedTimelineController.swift /Users/frankemanuele/Documents/GitHub/SocialFusion/SocialFusion/Views/UnifiedTimelineView.swift /Users/frankemanuele/Documents/GitHub/SocialFusion/SocialFusion/Extensions/UserDefaults+Keychain.swift /Users/frankemanuele/Documents/GitHub/SocialFusion/SocialFusion/Utilities/Utilities.swift /Users/frankemanuele/Documents/GitHub/SocialFusion/SocialFusion/Utilities/YouTubeExtractor.swift /Users/frankemanuele/Library/Developer/Xcode/DerivedData/SocialFusion-dmcylkdxdnugaugctnmrhexeekqr/Build/Intermediates.noindex/SocialFusion.build/Debug-iphonesimulator/SocialFusion.build/DerivedSources/GeneratedAssetSymbols.swift -target arm64-apple-ios16.0-simulator -module-can-import-version DeveloperToolsSupport 23.0.4 23.0.4 -module-can-import-version SwiftUI 7.0.67.1 7.0.67 -module-can-import-version UIKit 9071.1.106 9071.1.106 -disable-cross-import-overlay-search -swift-module-cross-import AVKit /Applications/Xcode-beta.app/Contents/Developer/Platforms/iPhoneSimulator.platform/Developer/SDKs/iPhoneSimulator.sdk/System/Library/Frameworks/AVKit.framework/Modules/AVKit.swiftcrossimport/SwiftUI.swiftoverlay -swift-module-cross-import AVKit /Applications/Xcode-beta.app/Contents/Developer/Platforms/iPhoneSimulator.platform/Developer/SDKs/iPhoneSimulator26.0.sdk/System/Library/Frameworks/AVKit.framework/Modules/AVKit.swiftcrossimport/SwiftUI.swiftoverlay -swift-module-cross-import AuthenticationServices /Applications/Xcode-beta.app/Contents/Developer/Platforms/iPhoneSimulator.platform/Developer/SDKs/iPhoneSimulator.sdk/System/Cryptexes/OS/System/Library/Frameworks/AuthenticationServices.framework/Modules/AuthenticationServices.swiftcrossimport/SwiftUI.swiftoverlay -swift-module-cross-import AuthenticationServices /Applications/Xcode-beta.app/Contents/Developer/Platforms/iPhoneSimulator.platform/Developer/SDKs/iPhoneSimulator26.0.sdk/System/Library/Frameworks/AuthenticationServices.framework/Modules/AuthenticationServices.swiftcrossimport/SwiftUI.swiftoverlay -swift-module-cross-import MediaPlayer /Applications/Xcode-beta.app/Contents/Developer/Platforms/iPhoneSimulator.platform/Developer/SDKs/iPhoneSimulator.sdk/System/Library/Frameworks/MediaPlayer.framework/Modules/MediaPlayer.swiftcrossimport/AppIntents.swiftoverlay -swift-module-cross-import MediaPlayer /Applications/Xcode-beta.app/Contents/Developer/Platforms/iPhoneSimulator.platform/Developer/SDKs/iPhoneSimulator26.0.sdk/System/Library/Frameworks/MediaPlayer.framework/Modules/MediaPlayer.swiftcrossimport/AppIntents.swiftoverlay -swift-module-cross-import WebKit /Applications/Xcode-beta.app/Contents/Developer/Platforms/iPhoneSimulator.platform/Developer/SDKs/iPhoneSimulator.sdk/System/Cryptexes/OS/System/Library/Frameworks/WebKit.framework/Modules/WebKit.swiftcrossimport/SwiftUI.swiftoverlay -swift-module-cross-import WebKit /Applications/Xcode-beta.app/Contents/Developer/Platforms/iPhoneSimulator.platform/Developer/SDKs/iPhoneSimulator26.0.sdk/System/Library/Frameworks/WebKit.framework/Modules/WebKit.swiftcrossimport/SwiftUI.swiftoverlay -load-resolved-plugin /Applications/Xcode-beta.app/Contents/Developer/Platforms/iPhoneOS.platform/Developer/usr/lib/swift/host/plugins/libFoundationMacros.dylib\#/Applications/Xcode-beta.app/Contents/Developer/Platforms/iPhoneOS.platform/Developer/usr/bin/swift-plugin-server\#FoundationMacros -load-resolved-plugin /Applications/Xcode-beta.app/Contents/Developer/Platforms/iPhoneOS.platform/Developer/usr/lib/swift/host/plugins/libObservationMacros.dylib\#/Applications/Xcode-beta.app/Contents/Developer/Platforms/iPhoneOS.platform/Developer/usr/bin/swift-plugin-server\#ObservationMacros -load-resolved-plugin /Applications/Xcode-beta.app/Contents/Developer/Platforms/iPhoneOS.platform/Developer/usr/lib/swift/host/plugins/libPreviewsMacros.dylib\#/Applications/Xcode-beta.app/Contents/Developer/Platforms/iPhoneOS.platform/Developer/usr/bin/swift-plugin-server\#PreviewsMacros -load-resolved-plugin /Applications/Xcode-beta.app/Contents/Developer/Platforms/iPhoneOS.platform/Developer/usr/lib/swift/host/plugins/libSwiftMacros.dylib\#/Applications/Xcode-beta.app/Contents/Developer/Platforms/iPhoneOS.platform/Developer/usr/bin/swift-plugin-server\#SwiftMacros -load-resolved-plugin /Applications/Xcode-beta.app/Contents/Developer/Platforms/iPhoneOS.platform/Developer/usr/lib/swift/host/plugins/libSwiftUIMacros.dylib\#/Applications/Xcode-beta.app/Contents/Developer/Platforms/iPhoneOS.platform/Developer/usr/bin/swift-plugin-server\#SwiftUIMacros -load-resolved-plugin /Applications/Xcode-beta.app/Contents/Developer/Platforms/iPhoneOS.platform/Developer/usr/lib/swift/host/plugins/libTipKitMacros.dylib\#/Applications/Xcode-beta.app/Contents/Developer/Platforms/iPhoneOS.platform/Developer/usr/bin/swift-plugin-server\#TipKitMacros -disable-implicit-swift-modules -Xcc -fno-implicit-modules -Xcc -fno-implicit-module-maps -explicit-swift-module-map-file /Users/frankemanuele/Library/Developer/Xcode/DerivedData/SocialFusion-dmcylkdxdnugaugctnmrhexeekqr/Build/Intermediates.noindex/SocialFusion.build/Debug-iphonesimulator/SocialFusion.build/Objects-normal/arm64/SocialFusion-dependencies-2.json -Xllvm -aarch64-use-tbi -enable-objc-interop -sdk /Applications/Xcode-beta.app/Contents/Developer/Platforms/iPhoneSimulator.platform/Developer/SDKs/iPhoneSimulator26.0.sdk -I /Users/frankemanuele/Library/Developer/Xcode/DerivedData/SocialFusion-dmcylkdxdnugaugctnmrhexeekqr/Build/Products/Debug-iphonesimulator -F /Users/frankemanuele/Library/Developer/Xcode/DerivedData/SocialFusion-dmcylkdxdnugaugctnmrhexeekqr/Build/Products/Debug-iphonesimulator -no-color-diagnostics -Xcc -fno-color-diagnostics -g -debug-info-format\=dwarf -dwarf-version\=4 -module-cache-path /Users/frankemanuele/Library/Developer/Xcode/DerivedData/SocialFusion-dmcylkdxdnugaugctnmrhexeekqr/Build/Intermediates.noindex/SwiftExplicitPrecompiledModules -swift-version 5 -enforce-exclusivity\=checked -O -serialize-debugging-options -const-gather-protocols-file /Users/frankemanuele/Library/Developer/Xcode/DerivedData/SocialFusion-dmcylkdxdnugaugctnmrhexeekqr/Build/Intermediates.noindex/SocialFusion.build/Debug-iphonesimulator/SocialFusion.build/Objects-normal/arm64/SocialFusion_const_extract_protocols.json -enable-experimental-feature DebugDescriptionMacro -enable-bare-slash-regex -empty-abi-descriptor -validate-clang-modules-once -clang-build-session-file /Users/frankemanuele/Library/Developer/Xcode/DerivedData/ModuleCache.noindex/Session.modulevalidation -Xcc -working-directory -Xcc /Users/frankemanuele/Documents/GitHub/SocialFusion -file-compilation-dir /Users/frankemanuele/Documents/GitHub/SocialFusion -Xcc -ivfsstatcache -Xcc /Users/frankemanuele/Library/Developer/Xcode/DerivedData/SDKStatCaches.noindex/iphonesimulator26.0-23A5260k-fc862078e33f881139a9d2f83bd1a9d0.sdkstatcache -Xcc -I/Users/frankemanuele/Library/Developer/Xcode/DerivedData/SocialFusion-dmcylkdxdnugaugctnmrhexeekqr/Build/Intermediates.noindex/SocialFusion.build/Debug-iphonesimulator/SocialFusion.build/swift-overrides.hmap -Xcc -iquote -Xcc /Users/frankemanuele/Library/Developer/Xcode/DerivedData/SocialFusion-dmcylkdxdnugaugctnmrhexeekqr/Build/Intermediates.noindex/SocialFusion.build/Debug-iphonesimulator/SocialFusion.build/SocialFusion-generated-files.hmap -Xcc -I/Users/frankemanuele/Library/Developer/Xcode/DerivedData/SocialFusion-dmcylkdxdnugaugctnmrhexeekqr/Build/Intermediates.noindex/SocialFusion.build/Debug-iphonesimulator/SocialFusion.build/SocialFusion-own-target-headers.hmap -Xcc -I/Users/frankemanuele/Library/Developer/Xcode/DerivedData/SocialFusion-dmcylkdxdnugaugctnmrhexeekqr/Build/Intermediates.noindex/SocialFusion.build/Debug-iphonesimulator/SocialFusion.build/SocialFusion-all-target-headers.hmap -Xcc -iquote -Xcc /Users/frankemanuele/Library/Developer/Xcode/DerivedData/SocialFusion-dmcylkdxdnugaugctnmrhexeekqr/Build/Intermediates.noindex/SocialFusion.build/Debug-iphonesimulator/SocialFusion.build/SocialFusion-project-headers.hmap -Xcc -I/Users/frankemanuele/Library/Developer/Xcode/DerivedData/SocialFusion-dmcylkdxdnugaugctnmrhexeekqr/Build/Products/Debug-iphonesimulator/include -Xcc -I/Users/frankemanuele/Library/Developer/Xcode/DerivedData/SocialFusion-dmcylkdxdnugaugctnmrhexeekqr/Build/Intermediates.noindex/SocialFusion.build/Debug-iphonesimulator/SocialFusion.build/DerivedSources-normal/arm64 -Xcc -I/Users/frankemanuele/Library/Developer/Xcode/DerivedData/SocialFusion-dmcylkdxdnugaugctnmrhexeekqr/Build/Intermediates.noindex/SocialFusion.build/Debug-iphonesimulator/SocialFusion.build/DerivedSources/arm64 -Xcc -I/Users/frankemanuele/Library/Developer/Xcode/DerivedData/SocialFusion-dmcylkdxdnugaugctnmrhexeekqr/Build/Intermediates.noindex/SocialFusion.build/Debug-iphonesimulator/SocialFusion.build/DerivedSources -no-auto-bridging-header-chaining -module-name SocialFusion -frontend-parseable-output -disable-clang-spi -target-sdk-version 26.0 -target-sdk-name iphonesimulator26.0 -clang-target arm64-apple-ios26.0-simulator -emit-module-doc-path /Users/frankemanuele/Library/Developer/Xcode/DerivedData/SocialFusion-dmcylkdxdnugaugctnmrhexeekqr/Build/Intermediates.noindex/SocialFusion.build/Debug-iphonesimulator/SocialFusion.build/Objects-normal/arm64/SocialFusion.swiftdoc -emit-module-source-info-path /Users/frankemanuele/Library/Developer/Xcode/DerivedData/SocialFusion-dmcylkdxdnugaugctnmrhexeekqr/Build/Intermediates.noindex/SocialFusion.build/Debug-iphonesimulator/SocialFusion.build/Objects-normal/arm64/SocialFusion.swiftsourceinfo -emit-objc-header-path /Users/frankemanuele/Library/Developer/Xcode/DerivedData/SocialFusion-dmcylkdxdnugaugctnmrhexeekqr/Build/Intermediates.noindex/SocialFusion.build/Debug-iphonesimulator/SocialFusion.build/Objects-normal/arm64/SocialFusion-Swift.h -serialize-diagnostics-path /Users/frankemanuele/Library/Developer/Xcode/DerivedData/SocialFusion-dmcylkdxdnugaugctnmrhexeekqr/Build/Intermediates.noindex/SocialFusion.build/Debug-iphonesimulator/SocialFusion.build/Objects-normal/arm64/SocialFusion-master-emit-module.dia -emit-dependencies-path /Users/frankemanuele/Library/Developer/Xcode/DerivedData/SocialFusion-dmcylkdxdnugaugctnmrhexeekqr/Build/Intermediates.noindex/SocialFusion.build/Debug-iphonesimulator/SocialFusion.build/Objects-normal/arm64/SocialFusion-master-emit-module.d -o /Users/frankemanuele/Library/Developer/Xcode/DerivedData/SocialFusion-dmcylkdxdnugaugctnmrhexeekqr/Build/Intermediates.noindex/SocialFusion.build/Debug-iphonesimulator/SocialFusion.build/Objects-normal/arm64/SocialFusion.swiftmodule -emit-abi-descriptor-path /Users/frankemanuele/Library/Developer/Xcode/DerivedData/SocialFusion-dmcylkdxdnugaugctnmrhexeekqr/Build/Intermediates.noindex/SocialFusion.build/Debug-iphonesimulator/SocialFusion.build/Objects-normal/arm64/SocialFusion.abi.json
SwiftCompile normal arm64 Compiling\ AccountManager.swift,\ AccountPickerView.swift,\ AccountService.swift,\ AccountTimelineView.swift,\ AccountsView.swift,\ ActionBar.swift,\ AddAccountView.swift,\ AnimatedGIFView.swift,\ AppVersionManager.swift,\ AsyncImageFromProvider.swift,\ AsyncLoader.swift,\ AudioPlayerView.swift,\ AuthWebView.swift,\ AutomaticTokenRefreshService.swift /Users/frankemanuele/Documents/GitHub/SocialFusion/SocialFusion/Services/AccountManager.swift /Users/frankemanuele/Documents/GitHub/SocialFusion/SocialFusion/Views/AccountPickerView.swift /Users/frankemanuele/Documents/GitHub/SocialFusion/SocialFusion/Services/AccountService.swift /Users/frankemanuele/Documents/GitHub/SocialFusion/SocialFusion/Views/AccountTimelineView.swift /Users/frankemanuele/Documents/GitHub/SocialFusion/SocialFusion/Views/AccountsView.swift /Users/frankemanuele/Documents/GitHub/SocialFusion/SocialFusion/Views/Components/ActionBar.swift /Users/frankemanuele/Documents/GitHub/SocialFusion/SocialFusion/Views/AddAccountView.swift /Users/frankemanuele/Documents/GitHub/SocialFusion/SocialFusion/Views/Components/AnimatedGIFView.swift /Users/frankemanuele/Documents/GitHub/SocialFusion/SocialFusion/Utilities/AppVersionManager.swift /Users/frankemanuele/Documents/GitHub/SocialFusion/SocialFusion/Views/AsyncImageFromProvider.swift /Users/frankemanuele/Documents/GitHub/SocialFusion/SocialFusion/Components/AsyncLoader.swift /Users/frankemanuele/Documents/GitHub/SocialFusion/SocialFusion/Views/Components/AudioPlayerView.swift /Users/frankemanuele/Documents/GitHub/SocialFusion/SocialFusion/Views/AuthWebView.swift /Users/frankemanuele/Documents/GitHub/SocialFusion/SocialFusion/Services/AutomaticTokenRefreshService.swift (in target 'SocialFusion' from project 'SocialFusion')
SwiftCompile normal arm64 /Users/frankemanuele/Documents/GitHub/SocialFusion/SocialFusion/Services/AccountManager.swift (in target 'SocialFusion' from project 'SocialFusion')
    cd /Users/frankemanuele/Documents/GitHub/SocialFusion
    

SwiftCompile normal arm64 /Users/frankemanuele/Documents/GitHub/SocialFusion/SocialFusion/Views/AccountPickerView.swift (in target 'SocialFusion' from project 'SocialFusion')
    cd /Users/frankemanuele/Documents/GitHub/SocialFusion
    

SwiftCompile normal arm64 /Users/frankemanuele/Documents/GitHub/SocialFusion/SocialFusion/Services/AccountService.swift (in target 'SocialFusion' from project 'SocialFusion')
    cd /Users/frankemanuele/Documents/GitHub/SocialFusion
    

SwiftCompile normal arm64 /Users/frankemanuele/Documents/GitHub/SocialFusion/SocialFusion/Views/AccountTimelineView.swift (in target 'SocialFusion' from project 'SocialFusion')
    cd /Users/frankemanuele/Documents/GitHub/SocialFusion
    

SwiftCompile normal arm64 /Users/frankemanuele/Documents/GitHub/SocialFusion/SocialFusion/Views/AccountsView.swift (in target 'SocialFusion' from project 'SocialFusion')
    cd /Users/frankemanuele/Documents/GitHub/SocialFusion
    

SwiftCompile normal arm64 /Users/frankemanuele/Documents/GitHub/SocialFusion/SocialFusion/Views/Components/ActionBar.swift (in target 'SocialFusion' from project 'SocialFusion')
    cd /Users/frankemanuele/Documents/GitHub/SocialFusion
    

SwiftCompile normal arm64 /Users/frankemanuele/Documents/GitHub/SocialFusion/SocialFusion/Views/AddAccountView.swift (in target 'SocialFusion' from project 'SocialFusion')
    cd /Users/frankemanuele/Documents/GitHub/SocialFusion
    

SwiftCompile normal arm64 /Users/frankemanuele/Documents/GitHub/SocialFusion/SocialFusion/Views/Components/AnimatedGIFView.swift (in target 'SocialFusion' from project 'SocialFusion')
    cd /Users/frankemanuele/Documents/GitHub/SocialFusion
    

SwiftCompile normal arm64 /Users/frankemanuele/Documents/GitHub/SocialFusion/SocialFusion/Utilities/AppVersionManager.swift (in target 'SocialFusion' from project 'SocialFusion')
    cd /Users/frankemanuele/Documents/GitHub/SocialFusion
    

SwiftCompile normal arm64 /Users/frankemanuele/Documents/GitHub/SocialFusion/SocialFusion/Views/AsyncImageFromProvider.swift (in target 'SocialFusion' from project 'SocialFusion')
    cd /Users/frankemanuele/Documents/GitHub/SocialFusion
    

SwiftCompile normal arm64 /Users/frankemanuele/Documents/GitHub/SocialFusion/SocialFusion/Components/AsyncLoader.swift (in target 'SocialFusion' from project 'SocialFusion')
    cd /Users/frankemanuele/Documents/GitHub/SocialFusion
    

SwiftCompile normal arm64 /Users/frankemanuele/Documents/GitHub/SocialFusion/SocialFusion/Views/Components/AudioPlayerView.swift (in target 'SocialFusion' from project 'SocialFusion')
    cd /Users/frankemanuele/Documents/GitHub/SocialFusion
    

SwiftCompile normal arm64 /Users/frankemanuele/Documents/GitHub/SocialFusion/SocialFusion/Views/AuthWebView.swift (in target 'SocialFusion' from project 'SocialFusion')
    cd /Users/frankemanuele/Documents/GitHub/SocialFusion
    

SwiftCompile normal arm64 /Users/frankemanuele/Documents/GitHub/SocialFusion/SocialFusion/Services/AutomaticTokenRefreshService.swift (in target 'SocialFusion' from project 'SocialFusion')
    cd /Users/frankemanuele/Documents/GitHub/SocialFusion
    

SwiftCompile normal arm64 Compiling\ BlueskyAPIClient.swift,\ BlueskyModels.swift,\ BlueskyPost.swift,\ BlueskyService.swift,\ BlueskyThreadResolver.swift,\ BoostBanner.swift,\ CachedAsyncImage.swift,\ Color+Theme.swift,\ ComposeView.swift,\ ConnectionManager.swift,\ ConsolidatedTimelineView.swift,\ ContentView.swift,\ DateParser.swift,\ DebugBlueskyView.swift /Users/frankemanuele/Documents/GitHub/SocialFusion/SocialFusion/Services/BlueskyAPIClient.swift /Users/frankemanuele/Documents/GitHub/SocialFusion/SocialFusion/Models/BlueskyModels.swift /Users/frankemanuele/Documents/GitHub/SocialFusion/SocialFusion/Models/BlueskyPost.swift /Users/frankemanuele/Documents/GitHub/SocialFusion/SocialFusion/Services/BlueskyService.swift /Users/frankemanuele/Documents/GitHub/SocialFusion/SocialFusion/Services/BlueskyThreadResolver.swift /Users/frankemanuele/Documents/GitHub/SocialFusion/SocialFusion/Views/Components/BoostBanner.swift /Users/frankemanuele/Documents/GitHub/SocialFusion/SocialFusion/Views/Components/CachedAsyncImage.swift /Users/frankemanuele/Documents/GitHub/SocialFusion/SocialFusion/Extensions/Color+Theme.swift /Users/frankemanuele/Documents/GitHub/SocialFusion/SocialFusion/Views/ComposeView.swift /Users/frankemanuele/Documents/GitHub/SocialFusion/SocialFusion/Networking/ConnectionManager.swift /Users/frankemanuele/Documents/GitHub/SocialFusion/SocialFusion/Views/ConsolidatedTimelineView.swift /Users/frankemanuele/Documents/GitHub/SocialFusion/SocialFusion/ContentView.swift /Users/frankemanuele/Documents/GitHub/SocialFusion/SocialFusion/Utilities/DateParser.swift /Users/frankemanuele/Documents/GitHub/SocialFusion/SocialFusion/Views/DebugBlueskyView.swift (in target 'SocialFusion' from project 'SocialFusion')
SwiftCompile normal arm64 /Users/frankemanuele/Documents/GitHub/SocialFusion/SocialFusion/Services/BlueskyAPIClient.swift (in target 'SocialFusion' from project 'SocialFusion')
    cd /Users/frankemanuele/Documents/GitHub/SocialFusion
    

SwiftCompile normal arm64 /Users/frankemanuele/Documents/GitHub/SocialFusion/SocialFusion/Models/BlueskyModels.swift (in target 'SocialFusion' from project 'SocialFusion')
    cd /Users/frankemanuele/Documents/GitHub/SocialFusion
    

SwiftCompile normal arm64 /Users/frankemanuele/Documents/GitHub/SocialFusion/SocialFusion/Models/BlueskyPost.swift (in target 'SocialFusion' from project 'SocialFusion')
    cd /Users/frankemanuele/Documents/GitHub/SocialFusion
    

SwiftCompile normal arm64 /Users/frankemanuele/Documents/GitHub/SocialFusion/SocialFusion/Services/BlueskyService.swift (in target 'SocialFusion' from project 'SocialFusion')
    cd /Users/frankemanuele/Documents/GitHub/SocialFusion
    

SwiftCompile normal arm64 /Users/frankemanuele/Documents/GitHub/SocialFusion/SocialFusion/Services/BlueskyThreadResolver.swift (in target 'SocialFusion' from project 'SocialFusion')
    cd /Users/frankemanuele/Documents/GitHub/SocialFusion
    

SwiftCompile normal arm64 /Users/frankemanuele/Documents/GitHub/SocialFusion/SocialFusion/Views/Components/BoostBanner.swift (in target 'SocialFusion' from project 'SocialFusion')
    cd /Users/frankemanuele/Documents/GitHub/SocialFusion
    

SwiftCompile normal arm64 /Users/frankemanuele/Documents/GitHub/SocialFusion/SocialFusion/Views/Components/CachedAsyncImage.swift (in target 'SocialFusion' from project 'SocialFusion')
    cd /Users/frankemanuele/Documents/GitHub/SocialFusion
    

SwiftCompile normal arm64 /Users/frankemanuele/Documents/GitHub/SocialFusion/SocialFusion/Extensions/Color+Theme.swift (in target 'SocialFusion' from project 'SocialFusion')
    cd /Users/frankemanuele/Documents/GitHub/SocialFusion
    

SwiftCompile normal arm64 /Users/frankemanuele/Documents/GitHub/SocialFusion/SocialFusion/Views/ComposeView.swift (in target 'SocialFusion' from project 'SocialFusion')
    cd /Users/frankemanuele/Documents/GitHub/SocialFusion
    

SwiftCompile normal arm64 /Users/frankemanuele/Documents/GitHub/SocialFusion/SocialFusion/Networking/ConnectionManager.swift (in target 'SocialFusion' from project 'SocialFusion')
    cd /Users/frankemanuele/Documents/GitHub/SocialFusion
    

SwiftCompile normal arm64 /Users/frankemanuele/Documents/GitHub/SocialFusion/SocialFusion/Views/ConsolidatedTimelineView.swift (in target 'SocialFusion' from project 'SocialFusion')
    cd /Users/frankemanuele/Documents/GitHub/SocialFusion
    

SwiftCompile normal arm64 /Users/frankemanuele/Documents/GitHub/SocialFusion/SocialFusion/ContentView.swift (in target 'SocialFusion' from project 'SocialFusion')
    cd /Users/frankemanuele/Documents/GitHub/SocialFusion
    

SwiftCompile normal arm64 /Users/frankemanuele/Documents/GitHub/SocialFusion/SocialFusion/Utilities/DateParser.swift (in target 'SocialFusion' from project 'SocialFusion')
    cd /Users/frankemanuele/Documents/GitHub/SocialFusion
    

SwiftCompile normal arm64 /Users/frankemanuele/Documents/GitHub/SocialFusion/SocialFusion/Views/DebugBlueskyView.swift (in target 'SocialFusion' from project 'SocialFusion')
    cd /Users/frankemanuele/Documents/GitHub/SocialFusion
    

SwiftCompile normal arm64 Compiling\ PostMenu.swift,\ PostMetrics.swift,\ PostNavigationEnvironment.swift,\ PostNormalizer.swift,\ PostNormalizerImpl.swift,\ PostPlatformBadge.swift,\ PostPollView.swift,\ PostReplyButton.swift,\ PostRepostButton.swift,\ PostShareButton.swift,\ PostStore.swift,\ PostTimestamp.swift,\ PostViewModel.swift,\ PreviewLinkSelection.swift /Users/frankemanuele/Documents/GitHub/SocialFusion/SocialFusion/Views/Components/PostMenu.swift /Users/frankemanuele/Documents/GitHub/SocialFusion/SocialFusion/Views/Components/PostMetrics.swift /Users/frankemanuele/Documents/GitHub/SocialFusion/SocialFusion/Views/Components/PostNavigationEnvironment.swift /Users/frankemanuele/Documents/GitHub/SocialFusion/SocialFusion/Models/PostNormalizer.swift /Users/frankemanuele/Documents/GitHub/SocialFusion/SocialFusion/Services/PostNormalizerImpl.swift /Users/frankemanuele/Documents/GitHub/SocialFusion/SocialFusion/Views/Components/PostPlatformBadge.swift /Users/frankemanuele/Documents/GitHub/SocialFusion/SocialFusion/Views/Components/PostPollView.swift /Users/frankemanuele/Documents/GitHub/SocialFusion/SocialFusion/Views/Components/PostReplyButton.swift /Users/frankemanuele/Documents/GitHub/SocialFusion/SocialFusion/Views/Components/PostRepostButton.swift /Users/frankemanuele/Documents/GitHub/SocialFusion/SocialFusion/Views/Components/PostShareButton.swift /Users/frankemanuele/Documents/GitHub/SocialFusion/SocialFusion/Utilities/PostStore.swift /Users/frankemanuele/Documents/GitHub/SocialFusion/SocialFusion/Views/Components/PostTimestamp.swift /Users/frankemanuele/Documents/GitHub/SocialFusion/SocialFusion/ViewModels/PostViewModel.swift /Users/frankemanuele/Documents/GitHub/SocialFusion/SocialFusion/Models/PreviewLinkSelection.swift (in target 'SocialFusion' from project 'SocialFusion')

SwiftCompile normal arm64 /Users/frankemanuele/Documents/GitHub/SocialFusion/SocialFusion/Views/Components/PostMenu.swift (in target 'SocialFusion' from project 'SocialFusion')
    cd /Users/frankemanuele/Documents/GitHub/SocialFusion
    

SwiftCompile normal arm64 /Users/frankemanuele/Documents/GitHub/SocialFusion/SocialFusion/Views/Components/PostMetrics.swift (in target 'SocialFusion' from project 'SocialFusion')
    cd /Users/frankemanuele/Documents/GitHub/SocialFusion
    

SwiftCompile normal arm64 /Users/frankemanuele/Documents/GitHub/SocialFusion/SocialFusion/Views/Components/PostNavigationEnvironment.swift (in target 'SocialFusion' from project 'SocialFusion')
    cd /Users/frankemanuele/Documents/GitHub/SocialFusion
    

SwiftCompile normal arm64 /Users/frankemanuele/Documents/GitHub/SocialFusion/SocialFusion/Models/PostNormalizer.swift (in target 'SocialFusion' from project 'SocialFusion')
    cd /Users/frankemanuele/Documents/GitHub/SocialFusion
    

SwiftCompile normal arm64 /Users/frankemanuele/Documents/GitHub/SocialFusion/SocialFusion/Services/PostNormalizerImpl.swift (in target 'SocialFusion' from project 'SocialFusion')
    cd /Users/frankemanuele/Documents/GitHub/SocialFusion
    

SwiftCompile normal arm64 /Users/frankemanuele/Documents/GitHub/SocialFusion/SocialFusion/Views/Components/PostPlatformBadge.swift (in target 'SocialFusion' from project 'SocialFusion')
    cd /Users/frankemanuele/Documents/GitHub/SocialFusion
    

SwiftCompile normal arm64 /Users/frankemanuele/Documents/GitHub/SocialFusion/SocialFusion/Views/Components/PostPollView.swift (in target 'SocialFusion' from project 'SocialFusion')
    cd /Users/frankemanuele/Documents/GitHub/SocialFusion
    

SwiftCompile normal arm64 /Users/frankemanuele/Documents/GitHub/SocialFusion/SocialFusion/Views/Components/PostReplyButton.swift (in target 'SocialFusion' from project 'SocialFusion')
    cd /Users/frankemanuele/Documents/GitHub/SocialFusion
    

SwiftCompile normal arm64 /Users/frankemanuele/Documents/GitHub/SocialFusion/SocialFusion/Views/Components/PostRepostButton.swift (in target 'SocialFusion' from project 'SocialFusion')
    cd /Users/frankemanuele/Documents/GitHub/SocialFusion
    

SwiftCompile normal arm64 /Users/frankemanuele/Documents/GitHub/SocialFusion/SocialFusion/Views/Components/PostShareButton.swift (in target 'SocialFusion' from project 'SocialFusion')
    cd /Users/frankemanuele/Documents/GitHub/SocialFusion
    

SwiftCompile normal arm64 /Users/frankemanuele/Documents/GitHub/SocialFusion/SocialFusion/Utilities/PostStore.swift (in target 'SocialFusion' from project 'SocialFusion')
    cd /Users/frankemanuele/Documents/GitHub/SocialFusion
    

SwiftCompile normal arm64 /Users/frankemanuele/Documents/GitHub/SocialFusion/SocialFusion/Views/Components/PostTimestamp.swift (in target 'SocialFusion' from project 'SocialFusion')
    cd /Users/frankemanuele/Documents/GitHub/SocialFusion
    

SwiftCompile normal arm64 /Users/frankemanuele/Documents/GitHub/SocialFusion/SocialFusion/ViewModels/PostViewModel.swift (in target 'SocialFusion' from project 'SocialFusion')
    cd /Users/frankemanuele/Documents/GitHub/SocialFusion
    

SwiftCompile normal arm64 /Users/frankemanuele/Documents/GitHub/SocialFusion/SocialFusion/Models/PreviewLinkSelection.swift (in target 'SocialFusion' from project 'SocialFusion')
    cd /Users/frankemanuele/Documents/GitHub/SocialFusion
    

SwiftCompile normal arm64 Compiling\ TimelineState.swift,\ TimelineViewModel.swift,\ TokenManager.swift,\ URLService.swift,\ UnifiedAccountsIcon.swift,\ UnifiedMediaGridView.swift,\ UnifiedPostStore.swift,\ UnifiedTimelineController.swift,\ UnifiedTimelineView.swift,\ UserDefaults+Keychain.swift,\ Utilities.swift,\ YouTubeExtractor.swift,\ GeneratedAssetSymbols.swift /Users/frankemanuele/Documents/GitHub/SocialFusion/SocialFusion/Models/TimelineState.swift /Users/frankemanuele/Documents/GitHub/SocialFusion/SocialFusion/ViewModels/TimelineViewModel.swift /Users/frankemanuele/Documents/GitHub/SocialFusion/SocialFusion/Utilities/TokenManager.swift /Users/frankemanuele/Documents/GitHub/SocialFusion/SocialFusion/Utilities/URLService.swift /Users/frankemanuele/Documents/GitHub/SocialFusion/SocialFusion/Views/UnifiedAccountsIcon.swift /Users/frankemanuele/Documents/GitHub/SocialFusion/SocialFusion/Views/Components/UnifiedMediaGridView.swift /Users/frankemanuele/Documents/GitHub/SocialFusion/SocialFusion/Stores/UnifiedPostStore.swift /Users/frankemanuele/Documents/GitHub/SocialFusion/SocialFusion/Controllers/UnifiedTimelineController.swift /Users/frankemanuele/Documents/GitHub/SocialFusion/SocialFusion/Views/UnifiedTimelineView.swift /Users/frankemanuele/Documents/GitHub/SocialFusion/SocialFusion/Extensions/UserDefaults+Keychain.swift /Users/frankemanuele/Documents/GitHub/SocialFusion/SocialFusion/Utilities/Utilities.swift /Users/frankemanuele/Documents/GitHub/SocialFusion/SocialFusion/Utilities/YouTubeExtractor.swift /Users/frankemanuele/Library/Developer/Xcode/DerivedData/SocialFusion-dmcylkdxdnugaugctnmrhexeekqr/Build/Intermediates.noindex/SocialFusion.build/Debug-iphonesimulator/SocialFusion.build/DerivedSources/GeneratedAssetSymbols.swift (in target 'SocialFusion' from project 'SocialFusion')

SwiftCompile normal arm64 /Users/frankemanuele/Documents/GitHub/SocialFusion/SocialFusion/Models/TimelineState.swift (in target 'SocialFusion' from project 'SocialFusion')
    cd /Users/frankemanuele/Documents/GitHub/SocialFusion
    

SwiftCompile normal arm64 /Users/frankemanuele/Documents/GitHub/SocialFusion/SocialFusion/ViewModels/TimelineViewModel.swift (in target 'SocialFusion' from project 'SocialFusion')
    cd /Users/frankemanuele/Documents/GitHub/SocialFusion
    

SwiftCompile normal arm64 /Users/frankemanuele/Documents/GitHub/SocialFusion/SocialFusion/Utilities/TokenManager.swift (in target 'SocialFusion' from project 'SocialFusion')
    cd /Users/frankemanuele/Documents/GitHub/SocialFusion
    

SwiftCompile normal arm64 /Users/frankemanuele/Documents/GitHub/SocialFusion/SocialFusion/Utilities/URLService.swift (in target 'SocialFusion' from project 'SocialFusion')
    cd /Users/frankemanuele/Documents/GitHub/SocialFusion
    

SwiftCompile normal arm64 /Users/frankemanuele/Documents/GitHub/SocialFusion/SocialFusion/Views/UnifiedAccountsIcon.swift (in target 'SocialFusion' from project 'SocialFusion')
    cd /Users/frankemanuele/Documents/GitHub/SocialFusion
    

SwiftCompile normal arm64 /Users/frankemanuele/Documents/GitHub/SocialFusion/SocialFusion/Views/Components/UnifiedMediaGridView.swift (in target 'SocialFusion' from project 'SocialFusion')
    cd /Users/frankemanuele/Documents/GitHub/SocialFusion
    

SwiftCompile normal arm64 /Users/frankemanuele/Documents/GitHub/SocialFusion/SocialFusion/Stores/UnifiedPostStore.swift (in target 'SocialFusion' from project 'SocialFusion')
    cd /Users/frankemanuele/Documents/GitHub/SocialFusion
    

SwiftCompile normal arm64 /Users/frankemanuele/Documents/GitHub/SocialFusion/SocialFusion/Controllers/UnifiedTimelineController.swift (in target 'SocialFusion' from project 'SocialFusion')
    cd /Users/frankemanuele/Documents/GitHub/SocialFusion
    

SwiftCompile normal arm64 /Users/frankemanuele/Documents/GitHub/SocialFusion/SocialFusion/Views/UnifiedTimelineView.swift (in target 'SocialFusion' from project 'SocialFusion')
    cd /Users/frankemanuele/Documents/GitHub/SocialFusion
    

SwiftCompile normal arm64 /Users/frankemanuele/Documents/GitHub/SocialFusion/SocialFusion/Extensions/UserDefaults+Keychain.swift (in target 'SocialFusion' from project 'SocialFusion')
    cd /Users/frankemanuele/Documents/GitHub/SocialFusion
    

SwiftCompile normal arm64 /Users/frankemanuele/Documents/GitHub/SocialFusion/SocialFusion/Utilities/Utilities.swift (in target 'SocialFusion' from project 'SocialFusion')
    cd /Users/frankemanuele/Documents/GitHub/SocialFusion
    

SwiftCompile normal arm64 /Users/frankemanuele/Documents/GitHub/SocialFusion/SocialFusion/Utilities/YouTubeExtractor.swift (in target 'SocialFusion' from project 'SocialFusion')
    cd /Users/frankemanuele/Documents/GitHub/SocialFusion
    

SwiftCompile normal arm64 /Users/frankemanuele/Library/Developer/Xcode/DerivedData/SocialFusion-dmcylkdxdnugaugctnmrhexeekqr/Build/Intermediates.noindex/SocialFusion.build/Debug-iphonesimulator/SocialFusion.build/DerivedSources/GeneratedAssetSymbols.swift (in target 'SocialFusion' from project 'SocialFusion')
    cd /Users/frankemanuele/Documents/GitHub/SocialFusion
    

SwiftCompile normal arm64 Compiling\ DebugOptionsView.swift,\ DirectTokenEntryView.swift,\ ErrorHandler.swift,\ ExpandingReplyBanner.swift,\ FeatureFlagManager.swift,\ FeatureFlags.swift,\ FetchQuotePostView.swift,\ GIFUnfurlContainer.swift,\ GIFUnfurlingService.swift,\ GradualMigrationManager.swift,\ HTMLFormatter.swift,\ HTMLString.swift,\ KeychainHelper.swift,\ KeychainManager.swift /Users/frankemanuele/Documents/GitHub/SocialFusion/SocialFusion/Views/DebugOptionsView.swift /Users/frankemanuele/Documents/GitHub/SocialFusion/SocialFusion/Views/DirectTokenEntryView.swift /Users/frankemanuele/Documents/GitHub/SocialFusion/SocialFusion/Utilities/ErrorHandler.swift /Users/frankemanuele/Documents/GitHub/SocialFusion/SocialFusion/Views/Components/ExpandingReplyBanner.swift /Users/frankemanuele/Documents/GitHub/SocialFusion/SocialFusion/Utilities/FeatureFlagManager.swift /Users/frankemanuele/Documents/GitHub/SocialFusion/SocialFusion/Utilities/FeatureFlags.swift /Users/frankemanuele/Documents/GitHub/SocialFusion/SocialFusion/Views/Components/FetchQuotePostView.swift /Users/frankemanuele/Documents/GitHub/SocialFusion/SocialFusion/Views/Components/GIFUnfurlContainer.swift /Users/frankemanuele/Documents/GitHub/SocialFusion/SocialFusion/Services/GIFUnfurlingService.swift /Users/frankemanuele/Documents/GitHub/SocialFusion/SocialFusion/Controllers/GradualMigrationManager.swift /Users/frankemanuele/Documents/GitHub/SocialFusion/SocialFusion/Utilities/HTMLFormatter.swift /Users/frankemanuele/Documents/GitHub/SocialFusion/SocialFusion/Utilities/HTMLString.swift /Users/frankemanuele/Documents/GitHub/SocialFusion/SocialFusion/Utilities/KeychainHelper.swift /Users/frankemanuele/Documents/GitHub/SocialFusion/SocialFusion/Utilities/KeychainManager.swift (in target 'SocialFusion' from project 'SocialFusion')

SwiftCompile normal arm64 /Users/frankemanuele/Documents/GitHub/SocialFusion/SocialFusion/Views/DebugOptionsView.swift (in target 'SocialFusion' from project 'SocialFusion')
    cd /Users/frankemanuele/Documents/GitHub/SocialFusion
    

SwiftCompile normal arm64 /Users/frankemanuele/Documents/GitHub/SocialFusion/SocialFusion/Views/DirectTokenEntryView.swift (in target 'SocialFusion' from project 'SocialFusion')
    cd /Users/frankemanuele/Documents/GitHub/SocialFusion
    

SwiftCompile normal arm64 /Users/frankemanuele/Documents/GitHub/SocialFusion/SocialFusion/Utilities/ErrorHandler.swift (in target 'SocialFusion' from project 'SocialFusion')
    cd /Users/frankemanuele/Documents/GitHub/SocialFusion
    

SwiftCompile normal arm64 /Users/frankemanuele/Documents/GitHub/SocialFusion/SocialFusion/Views/Components/ExpandingReplyBanner.swift (in target 'SocialFusion' from project 'SocialFusion')
    cd /Users/frankemanuele/Documents/GitHub/SocialFusion
    

SwiftCompile normal arm64 /Users/frankemanuele/Documents/GitHub/SocialFusion/SocialFusion/Utilities/FeatureFlagManager.swift (in target 'SocialFusion' from project 'SocialFusion')
    cd /Users/frankemanuele/Documents/GitHub/SocialFusion
    

SwiftCompile normal arm64 /Users/frankemanuele/Documents/GitHub/SocialFusion/SocialFusion/Utilities/FeatureFlags.swift (in target 'SocialFusion' from project 'SocialFusion')
    cd /Users/frankemanuele/Documents/GitHub/SocialFusion
    

SwiftCompile normal arm64 /Users/frankemanuele/Documents/GitHub/SocialFusion/SocialFusion/Views/Components/FetchQuotePostView.swift (in target 'SocialFusion' from project 'SocialFusion')
    cd /Users/frankemanuele/Documents/GitHub/SocialFusion
    

SwiftCompile normal arm64 /Users/frankemanuele/Documents/GitHub/SocialFusion/SocialFusion/Views/Components/GIFUnfurlContainer.swift (in target 'SocialFusion' from project 'SocialFusion')
    cd /Users/frankemanuele/Documents/GitHub/SocialFusion
    

SwiftCompile normal arm64 /Users/frankemanuele/Documents/GitHub/SocialFusion/SocialFusion/Services/GIFUnfurlingService.swift (in target 'SocialFusion' from project 'SocialFusion')
    cd /Users/frankemanuele/Documents/GitHub/SocialFusion
    

SwiftCompile normal arm64 /Users/frankemanuele/Documents/GitHub/SocialFusion/SocialFusion/Controllers/GradualMigrationManager.swift (in target 'SocialFusion' from project 'SocialFusion')
    cd /Users/frankemanuele/Documents/GitHub/SocialFusion
    

SwiftCompile normal arm64 /Users/frankemanuele/Documents/GitHub/SocialFusion/SocialFusion/Utilities/HTMLFormatter.swift (in target 'SocialFusion' from project 'SocialFusion')
    cd /Users/frankemanuele/Documents/GitHub/SocialFusion
    

SwiftCompile normal arm64 /Users/frankemanuele/Documents/GitHub/SocialFusion/SocialFusion/Utilities/HTMLString.swift (in target 'SocialFusion' from project 'SocialFusion')
    cd /Users/frankemanuele/Documents/GitHub/SocialFusion
    

SwiftCompile normal arm64 /Users/frankemanuele/Documents/GitHub/SocialFusion/SocialFusion/Utilities/KeychainHelper.swift (in target 'SocialFusion' from project 'SocialFusion')
    cd /Users/frankemanuele/Documents/GitHub/SocialFusion
    

SwiftCompile normal arm64 /Users/frankemanuele/Documents/GitHub/SocialFusion/SocialFusion/Utilities/KeychainManager.swift (in target 'SocialFusion' from project 'SocialFusion')
    cd /Users/frankemanuele/Documents/GitHub/SocialFusion
    

SwiftCompile normal arm64 Compiling\ KeychainService.swift,\ LaunchAnimationView.swift,\ LinkDetection.swift,\ LinkPreview.swift,\ LinkPreviewCache.swift,\ LinkPreviewSelector.swift,\ LiquidGlassComponents.swift,\ LiquidGlassConfiguration.swift,\ LoadingState.swift,\ MastodonAPIClient.swift,\ MastodonModels.swift,\ MastodonPost.swift,\ MastodonService.swift,\ MediaAttachment.swift /Users/frankemanuele/Documents/GitHub/SocialFusion/SocialFusion/Services/KeychainService.swift /Users/frankemanuele/Documents/GitHub/SocialFusion/SocialFusion/Views/Components/LaunchAnimationView.swift /Users/frankemanuele/Documents/GitHub/SocialFusion/SocialFusion/Utilities/LinkDetection.swift /Users/frankemanuele/Documents/GitHub/SocialFusion/SocialFusion/Views/Components/LinkPreview.swift /Users/frankemanuele/Documents/GitHub/SocialFusion/SocialFusion/Models/LinkPreviewCache.swift /Users/frankemanuele/Documents/GitHub/SocialFusion/SocialFusion/Views/Components/LinkPreviewSelector.swift /Users/frankemanuele/Documents/GitHub/SocialFusion/SocialFusion/Views/Components/LiquidGlassComponents.swift /Users/frankemanuele/Documents/GitHub/SocialFusion/SocialFusion/Views/Components/LiquidGlassConfiguration.swift /Users/frankemanuele/Documents/GitHub/SocialFusion/SocialFusion/Components/LoadingState.swift /Users/frankemanuele/Documents/GitHub/SocialFusion/SocialFusion/Services/MastodonAPIClient.swift /Users/frankemanuele/Documents/GitHub/SocialFusion/SocialFusion/Models/MastodonModels.swift /Users/frankemanuele/Documents/GitHub/SocialFusion/SocialFusion/Models/MastodonPost.swift /Users/frankemanuele/Documents/GitHub/SocialFusion/SocialFusion/Services/MastodonService.swift /Users/frankemanuele/Documents/GitHub/SocialFusion/SocialFusion/Models/MediaAttachment.swift (in target 'SocialFusion' from project 'SocialFusion')

SwiftCompile normal arm64 /Users/frankemanuele/Documents/GitHub/SocialFusion/SocialFusion/Services/KeychainService.swift (in target 'SocialFusion' from project 'SocialFusion')
    cd /Users/frankemanuele/Documents/GitHub/SocialFusion
    

SwiftCompile normal arm64 /Users/frankemanuele/Documents/GitHub/SocialFusion/SocialFusion/Views/Components/LaunchAnimationView.swift (in target 'SocialFusion' from project 'SocialFusion')
    cd /Users/frankemanuele/Documents/GitHub/SocialFusion
    

SwiftCompile normal arm64 /Users/frankemanuele/Documents/GitHub/SocialFusion/SocialFusion/Utilities/LinkDetection.swift (in target 'SocialFusion' from project 'SocialFusion')
    cd /Users/frankemanuele/Documents/GitHub/SocialFusion
    

SwiftCompile normal arm64 /Users/frankemanuele/Documents/GitHub/SocialFusion/SocialFusion/Views/Components/LinkPreview.swift (in target 'SocialFusion' from project 'SocialFusion')
    cd /Users/frankemanuele/Documents/GitHub/SocialFusion
    

SwiftCompile normal arm64 /Users/frankemanuele/Documents/GitHub/SocialFusion/SocialFusion/Models/LinkPreviewCache.swift (in target 'SocialFusion' from project 'SocialFusion')
    cd /Users/frankemanuele/Documents/GitHub/SocialFusion
    

SwiftCompile normal arm64 /Users/frankemanuele/Documents/GitHub/SocialFusion/SocialFusion/Views/Components/LinkPreviewSelector.swift (in target 'SocialFusion' from project 'SocialFusion')
    cd /Users/frankemanuele/Documents/GitHub/SocialFusion
    

SwiftCompile normal arm64 /Users/frankemanuele/Documents/GitHub/SocialFusion/SocialFusion/Views/Components/LiquidGlassComponents.swift (in target 'SocialFusion' from project 'SocialFusion')
    cd /Users/frankemanuele/Documents/GitHub/SocialFusion
    

SwiftCompile normal arm64 /Users/frankemanuele/Documents/GitHub/SocialFusion/SocialFusion/Views/Components/LiquidGlassConfiguration.swift (in target 'SocialFusion' from project 'SocialFusion')
    cd /Users/frankemanuele/Documents/GitHub/SocialFusion
    

SwiftCompile normal arm64 /Users/frankemanuele/Documents/GitHub/SocialFusion/SocialFusion/Components/LoadingState.swift (in target 'SocialFusion' from project 'SocialFusion')
    cd /Users/frankemanuele/Documents/GitHub/SocialFusion
    

SwiftCompile normal arm64 /Users/frankemanuele/Documents/GitHub/SocialFusion/SocialFusion/Services/MastodonAPIClient.swift (in target 'SocialFusion' from project 'SocialFusion')
    cd /Users/frankemanuele/Documents/GitHub/SocialFusion
    

SwiftCompile normal arm64 /Users/frankemanuele/Documents/GitHub/SocialFusion/SocialFusion/Models/MastodonModels.swift (in target 'SocialFusion' from project 'SocialFusion')
    cd /Users/frankemanuele/Documents/GitHub/SocialFusion
    

SwiftCompile normal arm64 /Users/frankemanuele/Documents/GitHub/SocialFusion/SocialFusion/Models/MastodonPost.swift (in target 'SocialFusion' from project 'SocialFusion')
    cd /Users/frankemanuele/Documents/GitHub/SocialFusion
    

SwiftCompile normal arm64 /Users/frankemanuele/Documents/GitHub/SocialFusion/SocialFusion/Services/MastodonService.swift (in target 'SocialFusion' from project 'SocialFusion')
    cd /Users/frankemanuele/Documents/GitHub/SocialFusion
    

SwiftCompile normal arm64 /Users/frankemanuele/Documents/GitHub/SocialFusion/SocialFusion/Models/MediaAttachment.swift (in target 'SocialFusion' from project 'SocialFusion')
    cd /Users/frankemanuele/Documents/GitHub/SocialFusion
    

SwiftCompile normal arm64 Compiling\ StabilizedLinkPreview.swift,\ String+HTML.swift,\ TestPlayground.swift,\ TestingView.swift,\ Text+HTML.swift,\ TimeFormatters.swift,\ TimelineCard.swift,\ TimelineConfiguration.swift,\ TimelineController.swift,\ TimelineEntry.swift,\ TimelineState+Bridge.swift,\ TimelineState+Phase2Verification.swift,\ TimelineState+Verification.swift /Users/frankemanuele/Documents/GitHub/SocialFusion/SocialFusion/Views/Components/StabilizedLinkPreview.swift /Users/frankemanuele/Documents/GitHub/SocialFusion/SocialFusion/Extensions/String+HTML.swift /Users/frankemanuele/Documents/GitHub/SocialFusion/SocialFusion/TestPlayground.swift /Users/frankemanuele/Documents/GitHub/SocialFusion/SocialFusion/Views/TestingView.swift /Users/frankemanuele/Documents/GitHub/SocialFusion/SocialFusion/Extensions/Text+HTML.swift /Users/frankemanuele/Documents/GitHub/SocialFusion/SocialFusion/Utilities/TimeFormatters.swift /Users/frankemanuele/Documents/GitHub/SocialFusion/SocialFusion/Views/Components/TimelineCard.swift /Users/frankemanuele/Documents/GitHub/SocialFusion/SocialFusion/State/TimelineConfiguration.swift /Users/frankemanuele/Documents/GitHub/SocialFusion/SocialFusion/Controllers/TimelineController.swift /Users/frankemanuele/Documents/GitHub/SocialFusion/SocialFusion/Models/TimelineEntry.swift /Users/frankemanuele/Documents/GitHub/SocialFusion/SocialFusion/Models/TimelineState+Bridge.swift /Users/frankemanuele/Documents/GitHub/SocialFusion/SocialFusion/Models/TimelineState+Phase2Verification.swift /Users/frankemanuele/Documents/GitHub/SocialFusion/SocialFusion/Models/TimelineState+Verification.swift (in target 'SocialFusion' from project 'SocialFusion')

SwiftCompile normal arm64 /Users/frankemanuele/Documents/GitHub/SocialFusion/SocialFusion/Views/Components/StabilizedLinkPreview.swift (in target 'SocialFusion' from project 'SocialFusion')
    cd /Users/frankemanuele/Documents/GitHub/SocialFusion
    

SwiftCompile normal arm64 /Users/frankemanuele/Documents/GitHub/SocialFusion/SocialFusion/Extensions/String+HTML.swift (in target 'SocialFusion' from project 'SocialFusion')
    cd /Users/frankemanuele/Documents/GitHub/SocialFusion
    

SwiftCompile normal arm64 /Users/frankemanuele/Documents/GitHub/SocialFusion/SocialFusion/TestPlayground.swift (in target 'SocialFusion' from project 'SocialFusion')
    cd /Users/frankemanuele/Documents/GitHub/SocialFusion
    

SwiftCompile normal arm64 /Users/frankemanuele/Documents/GitHub/SocialFusion/SocialFusion/Views/TestingView.swift (in target 'SocialFusion' from project 'SocialFusion')
    cd /Users/frankemanuele/Documents/GitHub/SocialFusion
    

SwiftCompile normal arm64 /Users/frankemanuele/Documents/GitHub/SocialFusion/SocialFusion/Extensions/Text+HTML.swift (in target 'SocialFusion' from project 'SocialFusion')
    cd /Users/frankemanuele/Documents/GitHub/SocialFusion
    

SwiftCompile normal arm64 /Users/frankemanuele/Documents/GitHub/SocialFusion/SocialFusion/Utilities/TimeFormatters.swift (in target 'SocialFusion' from project 'SocialFusion')
    cd /Users/frankemanuele/Documents/GitHub/SocialFusion
    

SwiftCompile normal arm64 /Users/frankemanuele/Documents/GitHub/SocialFusion/SocialFusion/Views/Components/TimelineCard.swift (in target 'SocialFusion' from project 'SocialFusion')
    cd /Users/frankemanuele/Documents/GitHub/SocialFusion
    

SwiftCompile normal arm64 /Users/frankemanuele/Documents/GitHub/SocialFusion/SocialFusion/State/TimelineConfiguration.swift (in target 'SocialFusion' from project 'SocialFusion')
    cd /Users/frankemanuele/Documents/GitHub/SocialFusion
    

SwiftCompile normal arm64 /Users/frankemanuele/Documents/GitHub/SocialFusion/SocialFusion/Controllers/TimelineController.swift (in target 'SocialFusion' from project 'SocialFusion')
    cd /Users/frankemanuele/Documents/GitHub/SocialFusion
    

SwiftCompile normal arm64 /Users/frankemanuele/Documents/GitHub/SocialFusion/SocialFusion/Models/TimelineEntry.swift (in target 'SocialFusion' from project 'SocialFusion')
    cd /Users/frankemanuele/Documents/GitHub/SocialFusion
    

SwiftCompile normal arm64 /Users/frankemanuele/Documents/GitHub/SocialFusion/SocialFusion/Models/TimelineState+Bridge.swift (in target 'SocialFusion' from project 'SocialFusion')
    cd /Users/frankemanuele/Documents/GitHub/SocialFusion
    

SwiftCompile normal arm64 /Users/frankemanuele/Documents/GitHub/SocialFusion/SocialFusion/Models/TimelineState+Phase2Verification.swift (in target 'SocialFusion' from project 'SocialFusion')
    cd /Users/frankemanuele/Documents/GitHub/SocialFusion
    

SwiftCompile normal arm64 /Users/frankemanuele/Documents/GitHub/SocialFusion/SocialFusion/Models/TimelineState+Verification.swift (in target 'SocialFusion' from project 'SocialFusion')
    cd /Users/frankemanuele/Documents/GitHub/SocialFusion
    

SwiftCompile normal arm64 Compiling\ MediaFullscreenView.swift,\ MediaGridView.swift,\ MigrationControlPanel.swift,\ MigrationTestController.swift,\ MonitoringService.swift,\ NativeYouTubePlayer.swift,\ NetworkConfig.swift,\ NetworkService.swift,\ NotificationName+Extensions.swift,\ OAuthManager.swift,\ ParentPostPreview.swift,\ PerformantLinkPreview.swift,\ PlatformBadge.swift,\ PlatformDot.swift /Users/frankemanuele/Documents/GitHub/SocialFusion/SocialFusion/Views/MediaFullscreenView.swift /Users/frankemanuele/Documents/GitHub/SocialFusion/SocialFusion/Views/Components/MediaGridView.swift /Users/frankemanuele/Documents/GitHub/SocialFusion/SocialFusion/Views/MigrationControlPanel.swift /Users/frankemanuele/Documents/GitHub/SocialFusion/SocialFusion/Controllers/MigrationTestController.swift /Users/frankemanuele/Documents/GitHub/SocialFusion/SocialFusion/Utilities/MonitoringService.swift /Users/frankemanuele/Documents/GitHub/SocialFusion/SocialFusion/Views/Components/NativeYouTubePlayer.swift /Users/frankemanuele/Documents/GitHub/SocialFusion/SocialFusion/Networking/NetworkConfig.swift /Users/frankemanuele/Documents/GitHub/SocialFusion/SocialFusion/Networking/NetworkService.swift /Users/frankemanuele/Documents/GitHub/SocialFusion/SocialFusion/Extensions/NotificationName+Extensions.swift /Users/frankemanuele/Documents/GitHub/SocialFusion/SocialFusion/Services/OAuthManager.swift /Users/frankemanuele/Documents/GitHub/SocialFusion/SocialFusion/Views/Components/ParentPostPreview.swift /Users/frankemanuele/Documents/GitHub/SocialFusion/SocialFusion/Views/Components/PerformantLinkPreview.swift /Users/frankemanuele/Documents/GitHub/SocialFusion/SocialFusion/Views/PlatformBadge.swift /Users/frankemanuele/Documents/GitHub/SocialFusion/SocialFusion/Views/Components/PlatformDot.swift (in target 'SocialFusion' from project 'SocialFusion')

SwiftCompile normal arm64 /Users/frankemanuele/Documents/GitHub/SocialFusion/SocialFusion/Views/MediaFullscreenView.swift (in target 'SocialFusion' from project 'SocialFusion')
    cd /Users/frankemanuele/Documents/GitHub/SocialFusion
    

SwiftCompile normal arm64 /Users/frankemanuele/Documents/GitHub/SocialFusion/SocialFusion/Views/Components/MediaGridView.swift (in target 'SocialFusion' from project 'SocialFusion')
    cd /Users/frankemanuele/Documents/GitHub/SocialFusion
    

SwiftCompile normal arm64 /Users/frankemanuele/Documents/GitHub/SocialFusion/SocialFusion/Views/MigrationControlPanel.swift (in target 'SocialFusion' from project 'SocialFusion')
    cd /Users/frankemanuele/Documents/GitHub/SocialFusion
    

SwiftCompile normal arm64 /Users/frankemanuele/Documents/GitHub/SocialFusion/SocialFusion/Controllers/MigrationTestController.swift (in target 'SocialFusion' from project 'SocialFusion')
    cd /Users/frankemanuele/Documents/GitHub/SocialFusion
    

SwiftCompile normal arm64 /Users/frankemanuele/Documents/GitHub/SocialFusion/SocialFusion/Utilities/MonitoringService.swift (in target 'SocialFusion' from project 'SocialFusion')
    cd /Users/frankemanuele/Documents/GitHub/SocialFusion
    

SwiftCompile normal arm64 /Users/frankemanuele/Documents/GitHub/SocialFusion/SocialFusion/Views/Components/NativeYouTubePlayer.swift (in target 'SocialFusion' from project 'SocialFusion')
    cd /Users/frankemanuele/Documents/GitHub/SocialFusion
    

SwiftCompile normal arm64 /Users/frankemanuele/Documents/GitHub/SocialFusion/SocialFusion/Networking/NetworkConfig.swift (in target 'SocialFusion' from project 'SocialFusion')
    cd /Users/frankemanuele/Documents/GitHub/SocialFusion
    

SwiftCompile normal arm64 /Users/frankemanuele/Documents/GitHub/SocialFusion/SocialFusion/Networking/NetworkService.swift (in target 'SocialFusion' from project 'SocialFusion')
    cd /Users/frankemanuele/Documents/GitHub/SocialFusion
    

SwiftCompile normal arm64 /Users/frankemanuele/Documents/GitHub/SocialFusion/SocialFusion/Extensions/NotificationName+Extensions.swift (in target 'SocialFusion' from project 'SocialFusion')
    cd /Users/frankemanuele/Documents/GitHub/SocialFusion
    

SwiftCompile normal arm64 /Users/frankemanuele/Documents/GitHub/SocialFusion/SocialFusion/Services/OAuthManager.swift (in target 'SocialFusion' from project 'SocialFusion')
    cd /Users/frankemanuele/Documents/GitHub/SocialFusion
    

SwiftCompile normal arm64 /Users/frankemanuele/Documents/GitHub/SocialFusion/SocialFusion/Views/Components/ParentPostPreview.swift (in target 'SocialFusion' from project 'SocialFusion')
    cd /Users/frankemanuele/Documents/GitHub/SocialFusion
    

SwiftCompile normal arm64 /Users/frankemanuele/Documents/GitHub/SocialFusion/SocialFusion/Views/Components/PerformantLinkPreview.swift (in target 'SocialFusion' from project 'SocialFusion')
    cd /Users/frankemanuele/Documents/GitHub/SocialFusion
    

SwiftCompile normal arm64 /Users/frankemanuele/Documents/GitHub/SocialFusion/SocialFusion/Views/PlatformBadge.swift (in target 'SocialFusion' from project 'SocialFusion')
    cd /Users/frankemanuele/Documents/GitHub/SocialFusion
    

SwiftCompile normal arm64 /Users/frankemanuele/Documents/GitHub/SocialFusion/SocialFusion/Views/Components/PlatformDot.swift (in target 'SocialFusion' from project 'SocialFusion')
    cd /Users/frankemanuele/Documents/GitHub/SocialFusion
    

SwiftCompile normal arm64 Compiling\ ProfileImageView.swift,\ QuotePostView.swift,\ ReliableScrollView.swift,\ RobotsTxtChecker.swift,\ SettingsView.swift,\ SmartMediaView.swift,\ SmartPositionManager.swift,\ SocialAccount.swift,\ SocialFusionApp.swift,\ SocialFusionTimelineDebug.swift,\ SocialModels.swift,\ SocialPlatform.swift,\ SocialServiceManager.swift,\ StabilizedAsyncImage.swift /Users/frankemanuele/Documents/GitHub/SocialFusion/SocialFusion/Views/ProfileImageView.swift /Users/frankemanuele/Documents/GitHub/SocialFusion/SocialFusion/Views/Components/QuotePostView.swift /Users/frankemanuele/Documents/GitHub/SocialFusion/SocialFusion/Views/Components/ReliableScrollView.swift /Users/frankemanuele/Documents/GitHub/SocialFusion/SocialFusion/Utilities/RobotsTxtChecker.swift /Users/frankemanuele/Documents/GitHub/SocialFusion/SocialFusion/Views/SettingsView.swift /Users/frankemanuele/Documents/GitHub/SocialFusion/SocialFusion/Views/Components/SmartMediaView.swift /Users/frankemanuele/Documents/GitHub/SocialFusion/SocialFusion/State/SmartPositionManager.swift /Users/frankemanuele/Documents/GitHub/SocialFusion/SocialFusion/Models/SocialAccount.swift /Users/frankemanuele/Documents/GitHub/SocialFusion/SocialFusion/SocialFusionApp.swift /Users/frankemanuele/Documents/GitHub/SocialFusion/SocialFusion/Utilities/SocialFusionTimelineDebug.swift /Users/frankemanuele/Documents/GitHub/SocialFusion/SocialFusion/Models/SocialModels.swift /Users/frankemanuele/Documents/GitHub/SocialFusion/SocialFusion/Models/SocialPlatform.swift /Users/frankemanuele/Documents/GitHub/SocialFusion/SocialFusion/Services/SocialServiceManager.swift /Users/frankemanuele/Documents/GitHub/SocialFusion/SocialFusion/Views/Components/StabilizedAsyncImage.swift (in target 'SocialFusion' from project 'SocialFusion')

SwiftCompile normal arm64 /Users/frankemanuele/Documents/GitHub/SocialFusion/SocialFusion/Views/ProfileImageView.swift (in target 'SocialFusion' from project 'SocialFusion')
    cd /Users/frankemanuele/Documents/GitHub/SocialFusion
    

SwiftCompile normal arm64 /Users/frankemanuele/Documents/GitHub/SocialFusion/SocialFusion/Views/Components/QuotePostView.swift (in target 'SocialFusion' from project 'SocialFusion')
    cd /Users/frankemanuele/Documents/GitHub/SocialFusion
    

SwiftCompile normal arm64 /Users/frankemanuele/Documents/GitHub/SocialFusion/SocialFusion/Views/Components/ReliableScrollView.swift (in target 'SocialFusion' from project 'SocialFusion')
    cd /Users/frankemanuele/Documents/GitHub/SocialFusion
    

SwiftCompile normal arm64 /Users/frankemanuele/Documents/GitHub/SocialFusion/SocialFusion/Utilities/RobotsTxtChecker.swift (in target 'SocialFusion' from project 'SocialFusion')
    cd /Users/frankemanuele/Documents/GitHub/SocialFusion
    

SwiftCompile normal arm64 /Users/frankemanuele/Documents/GitHub/SocialFusion/SocialFusion/Views/SettingsView.swift (in target 'SocialFusion' from project 'SocialFusion')
    cd /Users/frankemanuele/Documents/GitHub/SocialFusion
    

SwiftCompile normal arm64 /Users/frankemanuele/Documents/GitHub/SocialFusion/SocialFusion/Views/Components/SmartMediaView.swift (in target 'SocialFusion' from project 'SocialFusion')
    cd /Users/frankemanuele/Documents/GitHub/SocialFusion
    

SwiftCompile normal arm64 /Users/frankemanuele/Documents/GitHub/SocialFusion/SocialFusion/State/SmartPositionManager.swift (in target 'SocialFusion' from project 'SocialFusion')
    cd /Users/frankemanuele/Documents/GitHub/SocialFusion
    

SwiftCompile normal arm64 /Users/frankemanuele/Documents/GitHub/SocialFusion/SocialFusion/Models/SocialAccount.swift (in target 'SocialFusion' from project 'SocialFusion')
    cd /Users/frankemanuele/Documents/GitHub/SocialFusion
    

SwiftCompile normal arm64 /Users/frankemanuele/Documents/GitHub/SocialFusion/SocialFusion/SocialFusionApp.swift (in target 'SocialFusion' from project 'SocialFusion')
    cd /Users/frankemanuele/Documents/GitHub/SocialFusion
    

SwiftCompile normal arm64 /Users/frankemanuele/Documents/GitHub/SocialFusion/SocialFusion/Utilities/SocialFusionTimelineDebug.swift (in target 'SocialFusion' from project 'SocialFusion')
    cd /Users/frankemanuele/Documents/GitHub/SocialFusion
    

SwiftCompile normal arm64 /Users/frankemanuele/Documents/GitHub/SocialFusion/SocialFusion/Models/SocialModels.swift (in target 'SocialFusion' from project 'SocialFusion')
    cd /Users/frankemanuele/Documents/GitHub/SocialFusion
    

SwiftCompile normal arm64 /Users/frankemanuele/Documents/GitHub/SocialFusion/SocialFusion/Models/SocialPlatform.swift (in target 'SocialFusion' from project 'SocialFusion')
    cd /Users/frankemanuele/Documents/GitHub/SocialFusion
    

SwiftCompile normal arm64 /Users/frankemanuele/Documents/GitHub/SocialFusion/SocialFusion/Services/SocialServiceManager.swift (in target 'SocialFusion' from project 'SocialFusion')
    cd /Users/frankemanuele/Documents/GitHub/SocialFusion
    

SwiftCompile normal arm64 /Users/frankemanuele/Documents/GitHub/SocialFusion/SocialFusion/Views/Components/StabilizedAsyncImage.swift (in target 'SocialFusion' from project 'SocialFusion')
    cd /Users/frankemanuele/Documents/GitHub/SocialFusion
    

SwiftEmitModule normal x86_64 Emitting\ module\ for\ SocialFusion (in target 'SocialFusion' from project 'SocialFusion')

